TN:
SF:tree_plus_src/__init__.py
DA:2,1,vJU854t3KUkCPJdh78HhBg
DA:3,1,jj7eB8UBJKsfSkbgS/8r+w
DA:10,1,k8YJ0VaJ4D8zY97k7CVBEA
DA:22,1,Mwlh6ZqXY2yAt2bGMM4wow
DA:23,1,yrHtRjHQOAp2T1Z7JmXUcg
DA:28,1,beEsK2pvhRVy7EiYH9YTZQ
DA:29,1,YaUFdVxcQOynp8t1ZnP1FQ
DA:30,1,F9qbKepzY965I0tHituPPg
LF:8
LH:8
end_of_record
TN:
SF:tree_plus_src/count_tokens_lines.py
DA:2,1,7HpIEQVf5K0efdTzo05mJg
DA:3,1,gfaEZ9bUGULCzp4iZbbVCA
DA:4,1,6vWAvNsegNqafFN4IKLrhg
DA:5,1,7Z9Lj4ed27Wf2hBX6jooEA
DA:7,1,VBfR61vfAcB9fc659TUw7w
DA:8,1,9j0XAr95IovcoJgoXU7jxQ
DA:9,1,5nnO6fKT725M5IaMIyUfYA
DA:11,1,je4m9uDBRPZn76xvpQxNTg
DA:15,1,/S8d/HVFLOL/gTU2e/TkhA
DA:16,1,SqJNaCriwrBGtmnGZmEicA
DA:17,1,maInf5VjgT66vBTJ7dYABA
DA:18,1,L8FwqAx/IqWn1iZXR0dfpg
DA:22,1,Ca6dlD6NW/uXzMIzsRgipA
DA:108,1,WzYKAg0qXJWC/g3UONJySA
DA:112,1,dXxxcyUCF4zdsBz/h1JYZg
DA:113,1,tPUkk3ndRBCkHEPffdZzVA
DA:114,1,RgBBr84tZqC8YDeBYBaucQ
DA:115,1,2k3G+cLHoW9ub8MD/h50WA
DA:116,1,u1Y279G2UikLVkmgdm1Yow
DA:122,1,+etlScR4MVVf3NgNI8uNQw
DA:123,1,dLLYsUwdejOG5LYakH6QjQ
DA:124,1,apkQQtiiE4JOuDIBvLOUjQ
DA:125,1,raObvf7HGTR3wHt+cwJntg
DA:127,1,SczbP0lH0oYTCldxKMaqPw
DA:128,1,iJ9RwYC7f+KqiYlT6D3Y3g
DA:129,1,PsOwfZLPM4hVGAILMyUqBw
DA:130,1,CkeSbwo86HlHkLIEU945OQ
DA:131,1,hZVIF3B1A+TpFMj5EcVr5g
DA:132,1,bZRaCCjMQVDLTmW1+WAyBQ
DA:133,1,ITNdYmYj7ri/ViUiiYSpgQ
DA:134,1,y7MxfcJOulhJ3RUl5gw7KQ
DA:137,1,y+IebnFSOPFcQP7k0tzWvg
DA:140,1,b1DCTv0cW3K4FPB8iT7lvA
DA:141,1,9TBLxPziBZ/T5P6ng9oFWA
DA:142,1,wFBClSp3/UejPICWFqHlbA
DA:143,1,UhLTVP29w3si1kJL+r72jg
DA:144,1,sekjnR5JyercDGcPicOUIw
LF:37
LH:37
end_of_record
TN:
SF:tree_plus_src/debug.py
DA:2,1,7qyEQ6RddKiipSGbK8K7nQ
DA:3,1,4rdXk5fwWeadfx05SYG6bw
DA:4,1,7Z9Lj4ed27Wf2hBX6jooEA
DA:5,1,ZkVYYtnZPoVzGEEN1aBISw
DA:8,1,6CazVBOkGfNBiEQMTvXHsQ
DA:9,1,1XDiP1YqYEoYeWNznZL0sA
DA:10,1,t7Iwm1IFKkqk+AT4KdmTmg
DA:13,1,cjyJ9Uidl9NJUYCfS2+LQQ
DA:14,1,5gIBtf6YI/ALEdIRzLP9Ow
DA:15,1,jhkt86+I04irz5+qG05hGg
DA:18,1,7OnK+FOalr7YT7EC9DN3bQ
DA:19,1,5ZxE9cldGE1febglgQ7aIQ
DA:20,1,9OjN1BBVJZXFYQnqDfuPiQ
DA:23,1,jyAz6fYsCkK2NUgt1kU2DQ
DA:24,1,sRoleF1PLGJnKy4DSTZO2A
DA:25,1,t7Iwm1IFKkqk+AT4KdmTmg
DA:28,1,gMqanpxXLw1GSN2xaNgoBQ
DA:29,1,hXdNg7r7nr/v769urcXyHQ
DA:33,1,FNdUSBNb8emybcoTRVVHsA
DA:34,1,oUB3MJK4GrIv6077CP5RGw
DA:35,1,B/Fo9U4/nMeRNS1JjGZVyQ
DA:36,1,Sw+J5TaTo8ek+FC+rL9Ipg
DA:38,1,eqj65z4C29IT3tZU1pgUcQ
DA:39,1,MAxEII22xGCDJmT6o7hG2A
LF:24
LH:24
end_of_record
TN:
SF:tree_plus_src/deploy.py
DA:2,1,0hwKoLJOBNjwQBXENlLfmg
DA:3,1,XRh5gz49gzin2tgbGaB31w
DA:4,1,p7hNY1S5rX9QtYADf+cK4g
DA:5,1,7Z9Lj4ed27Wf2hBX6jooEA
DA:8,1,ZUdUH2/Z4tr2JpokGXMqcg
DA:9,1,lBJmgfaJ4zANnCbjqJ1jzQ
DA:10,1,nKNayq59s82dWXRjWddwoQ
DA:11,1,B/Fo9U4/nMeRNS1JjGZVyQ
DA:12,1,OFKWMze0f+drfoXMZc1nzw
DA:13,1,T3TQcnOTlPY7l+SVJ4JCPg
DA:14,1,PYiMA/JLrmuu0z70x9iTjQ
DA:20,1,6Ra2pX8xRbE+SSYOCoQdeA
DA:21,1,ZG1rjcqKgKCjFPamu26w8A
DA:22,1,xf8VGk2fmQLi7Vl+nl9/vQ
DA:23,1,lBJmgfaJ4zANnCbjqJ1jzQ
DA:24,1,OhwacB/UCNymPDTEPRG4Vw
DA:26,1,A1lxJLg1+u1PdX3Lwq+YiQ
DA:27,1,B/Fo9U4/nMeRNS1JjGZVyQ
DA:28,1,GU/kZ1/b8T8loTj2l2VrDA
DA:29,1,/z1tdB163gvWvEoJ4GihfA
DA:35,1,Cq4Z5yGa9xqFSq6nrM2Zbg
DA:36,1,iMLhqpdDNMpBsVzSYYCvoQ
DA:37,1,kU6lD9AaRoBmhiRuhP+UXw
DA:38,1,LijS9XvGkGwkyMXASGraQw
DA:39,1,gPn8fLqiFfLb3dbm1Y7Gtw
DA:40,1,KCfmRq95/saWBMMc3l0RAQ
DA:41,1,CnC3AouwgW3LpRu1Itak7A
DA:42,1,80KPBNqHHBCANqVVRsTSQw
DA:43,1,bK6hCgy87i0/DJv8Vvzk5Q
DA:47,1,P/wlYBEh6ztTurudyJlHZA
DA:51,1,iMLhqpdDNMpBsVzSYYCvoQ
DA:52,1,qriIHYXxuM1n1f4J3BCvMw
DA:53,1,kU6lD9AaRoBmhiRuhP+UXw
DA:54,1,LijS9XvGkGwkyMXASGraQw
DA:55,1,gPn8fLqiFfLb3dbm1Y7Gtw
DA:56,1,OmyraoIpbV7bOAbJuSqxZg
DA:57,1,rtVgzEiqxRpnMeUkdkkiow
DA:58,1,Ln+p/nSi5ifXYNSOaEV3ew
DA:59,1,xY1VXorYPLl8lKpUZZ8Daw
DA:60,1,UrXF3guQVqKySVCNiWCqfg
DA:61,1,/4mBZpPUHvAlDXWHR5o5Tw
DA:62,1,sOvtOfk75TbAtTgkgicGHg
DA:63,1,8B8gy3QGDd+lXN02Xqi8vw
DA:64,1,6xWoWTkVigYL+HtL9xfHpA
DA:65,1,5LQ/Rfn8jmzk+UwD0kHafA
DA:67,1,MlEpf/49s77T0nT2/JfReA
DA:68,1,80KPBNqHHBCANqVVRsTSQw
DA:69,1,ntfQuPzZedxTJjCXRWayoA
DA:70,1,dM5czFKprAvTuBnahSStGw
DA:71,1,xysAMEFq0eASByJjT4anfw
DA:72,1,tkKKF4INqaLQYe6T56/X4A
DA:73,1,bn+s14GK3FNLAcq4KktLXA
DA:74,1,2wBt7rLSUEcmtDwmubhduw
DA:75,1,rFElfYMA8UB6yDLKlvbIEw
DA:76,1,CS9GKL6BIPjCXeOa8SpvJw
DA:79,1,coZKjxD60hP69BsxMP+wJQ
DA:80,1,Lx3t6ronBtuJ7Mm8PPg/nA
DA:81,1,reeCbj56gcfYfSQ+4SYNvA
DA:82,1,o2QBmJSEQmQTNx44uhPiiA
DA:83,1,rWtNQM2BeTAy6Y9+z103gA
DA:84,1,GhtWI3gdB+fWlaSw4nMT4A
DA:85,1,YT29qXM7tKnaHoaKhpaPhQ
DA:86,1,SisZFOA2r2LAGBqadR9buQ
DA:87,1,0Edp1auXe1qlJkmik07Q7g
DA:90,1,mQiGAWenMxM753MURV6uUQ
DA:97,1,iMLhqpdDNMpBsVzSYYCvoQ
DA:98,1,2PeZllSWA3MGJzpaoEE/Eg
DA:99,1,LijS9XvGkGwkyMXASGraQw
DA:100,1,qriIHYXxuM1n1f4J3BCvMw
DA:101,1,Rlgc+HLBZMfFpqDW14WMbQ
DA:102,1,g9T/cRNLUtVSkJDaS0Vwiw
DA:103,1,Dp1YI8CHcUQyrLxE+Yjqnw
DA:104,1,BmcxhXIwioL0p5M6pO/Fdw
DA:105,1,Lx3t6ronBtuJ7Mm8PPg/nA
DA:106,1,LCR03Cw8SFPfR4oBHYu+uw
DA:109,1,lUfhhUKtQQ9UnA1A1lWImA
DA:110,1,VBxNFwGcvg1YGyJOvUroxg
DA:111,1,f0wv9wO8RI/IiLyJzBxeIw
DA:116,1,QQ+QdF4n1oGrr3yarRS9ig
DA:118,1,rkjQ3SG9bLJy4YVOFnd91g
DA:119,1,zIVS2CvqknxfxB/BHp9Evw
DA:121,1,pdg2vFokUuKpBonJ0CS1/Q
DA:124,1,ADjY4t763E0HFZqJUcBHSA
DA:125,1,HHd03RWQY1uhsrDR29eR9A
DA:126,1,w+O++OG+bufdd4kyTgP5Kw
DA:129,1,efpKf72BfRnItZot0AUMXg
DA:133,1,Nk2vxObROKOQo9PfMUsKDg
DA:134,1,EEbFxK6ncJQ6/ift66gKag
DA:135,1,1X15QTE85KG2USEAEwPGsg
DA:138,1,jIa9jPwCxAMjnti7OzWmnw
DA:139,1,iMLhqpdDNMpBsVzSYYCvoQ
DA:140,1,2PeZllSWA3MGJzpaoEE/Eg
DA:141,1,LijS9XvGkGwkyMXASGraQw
DA:142,1,qriIHYXxuM1n1f4J3BCvMw
DA:143,1,nuUsVWDRjA220S9/b2ENtg
DA:144,1,5ZJgT2q2rmuidj6YQqEaEQ
DA:147,1,JqHmkbkMZCKHaGnbZ82jKA
DA:148,1,5ZJgT2q2rmuidj6YQqEaEQ
DA:151,1,8oaDObPLu1h1muSjw5FUGg
DA:152,1,5ZJgT2q2rmuidj6YQqEaEQ
DA:155,1,Kn80UtR+rHS/hmHZ1krpog
DA:156,1,5ZJgT2q2rmuidj6YQqEaEQ
DA:159,1,nlLZxM4bFiNQk1eKKX0N1w
DA:160,1,5ZJgT2q2rmuidj6YQqEaEQ
DA:163,1,UegxaT1y5siy+KNuH8hMlw
DA:164,1,vNMugBuq5LvlhesS8rML2w
DA:167,1,NyO2O5O6pTcdtoXXhH6bbw
DA:168,1,AeZE5KdH8s8aFZCBAPN6nw
DA:171,1,CKoMXMB8Xv5ZC6iTILRdvA
DA:172,1,vatrTPy9zF3TtFczOPSZ2w
DA:176,1,v29bUahyOIuDmAJErEPHgw
DA:180,1,FAAONxuLiNseXmo6Js2qVg
DA:181,1,gQmEPB0MqPOmVjvzqzVORw
DA:186,1,f24FtSYbPeB1UzXBWE2Xyw
DA:190,1,Y5/Ggi7ipi8af/GTcB3Dzg
DA:195,1,0kSk/hJTI5K5xZoQVOmJ3w
DA:197,1,ESCtHUL1DiF7JYytPFvJPQ
DA:201,1,cfcyfJaeR3/+OjQuu8chCg
DA:203,1,3G5+J+qTKAfirA9HgcKsrQ
DA:206,1,tMw4SdpHVopoOYurp9qLOA
DA:209,1,xQVNdxAJxuGw1z9RcZmDQw
DA:210,1,2loYFqKsWTLg8EsfxY4sxw
DA:15,0,vy6CgW37KXB6tZmtM5IONw
DA:16,0,uVejO4z2Ixii4ot0xIgIZA
DA:17,0,dMhh+k6C+fitHH5nX1/koQ
DA:30,0,vy6CgW37KXB6tZmtM5IONw
DA:31,0,aUVZuxICemriiwRuIGXLRA
DA:32,0,dMhh+k6C+fitHH5nX1/koQ
DA:44,0,IoWq61syNyIo1fPbDVz1zw
DA:66,0,gpbtPD0vwLNz8q43SdSUDg
DA:182,0,VG3pJzH1m6PoFeaWmBg01g
DA:183,0,j0CGrcAmnHe3+HCdXenTrg
DA:189,0,7S06T0JiU78Rv5jD1Jl/mw
DA:193,0,cNAtFXQh49ZYP0McNf/aXA
LF:134
LH:122
end_of_record
TN:
SF:tree_plus_src/engine.py
DA:1,1,o3tPx3qEub5IllXpHwhK/g
DA:7,1,Fgl+vbOUGcWRorxc5bC0Iw
DA:8,1,4rdXk5fwWeadfx05SYG6bw
DA:9,1,WpCPBvv1Za7VaefPGMuZDA
DA:10,1,6vWAvNsegNqafFN4IKLrhg
DA:11,1,gRHjawkciFUavd6j4zLvOw
DA:12,1,doJ+s5jyvyJiPCQebfFcIA
DA:13,1,mUDsnWRiqW9R9nTILGKIZg
DA:14,1,7Z9Lj4ed27Wf2hBX6jooEA
DA:15,1,p7hNY1S5rX9QtYADf+cK4g
DA:19,1,eOgcpp5+N6trYfdRz9RrxA
DA:20,1,Yt+0C6gVocDw95BiLwfFkA
DA:21,1,wpH1nah2viwNMxaQB4qzTg
DA:22,1,w67wZs09w4MUSGU4/Jvpnw
DA:23,1,jfv1NbX5oakhjwDCDyIBnQ
DA:25,1,GGWTKHBZROf4yFxh7Z8oiw
DA:41,1,0zxE2zj4q+9H9nk2wRD2FA
DA:45,1,vHasQIcbjjKjo4JEuFl3Fw
DA:46,1,QyJuYgNSS1fUU+s195LOHg
DA:47,1,Egbwdh03ErwCGvQzja+b1w
DA:48,1,ZJNhz44ZsYRgvs0CkZbDhg
DA:49,1,OeGM4c5pGJ3QCQnd/HzKnw
DA:52,1,rEsGfdC26L5niwpRfH666g
DA:53,1,JzErHthp8icfPjESqs8gRg
DA:54,1,0xT1f9fBRIeJnvHcwkh2Ag
DA:55,1,1nbcGacQr1q33E/YgpuJ4w
DA:56,1,MITvlx2RrvEtICnpIEiITw
DA:57,1,5aI0MuK9FCBIuzf1RlSOlw
DA:58,1,stH2fMc1mkThgwIdj7Y4oQ
DA:61,1,CT9XrugR0VmgtyLiirko8A
DA:62,1,+F/XVQYWG51/sVBin/IYsQ
DA:63,1,hcsExiIIqjxgDm+9BfCODA
DA:64,1,AqaTVuN1d9B1zsfCi3jOOw
DA:65,1,khS/mcewtwZXd9SZsRz5+w
DA:66,1,oVtbz8nkvXy1xinRHCELqw
DA:67,1,6zM1PLKApnK7an06JkBAkQ
DA:68,1,d61sZYEEfalLjPzb4MYihQ
DA:69,1,VyWdBzXU7PbG+izArEAEIQ
DA:70,1,IpaUxiHmj8VKP8OUjCj8Bg
DA:72,1,f1PFlNHOirQId/TxcMQZ5g
DA:75,1,u7oLwvqA92385mX2h+n4gA
DA:76,1,PRQ6TsfNUfa7MIHWn+vEFQ
DA:78,1,M6FxinwTXeq93lc/n/bfNA
DA:79,1,cUSZMJv8fdTjKhknlJULYQ
DA:81,1,6jHUtqVxGNYCtetDT8iqLg
DA:82,1,0LMFYlAe64PgOr6nWHbS0A
DA:84,1,Eaf5LVxSrGruvVMSKeFB9A
DA:85,1,JEtXUW2UgQxshOsh2fbG6A
DA:87,1,sgyaFPF+9X69P1qQN9XD2g
DA:89,1,ksXVCqtSd9Yrw9/TroQNzQ
DA:91,1,EaUhkAsnPWGwlb7dTXdXtA
DA:93,1,0Wo+e96ZyEw3POE9f+EK/Q
DA:95,1,iOilfwqFcfbuwYtnsScCvA
DA:97,1,qEW8nKqI4szpHHWIh2QRXg
DA:99,1,9E2my7R05LeDllMF2fKnkg
DA:108,1,+F3N9HsABMBLullnx4KaDA
DA:109,1,0kERN5A+oqwvay0/+85Rvw
DA:110,1,oNcQKq2NKc8hxL9Lvuo1Yg
DA:111,1,EnikoPySaxkc0VyH1bBwsg
DA:112,1,FOC4Xz8ocqotgmd12mYIrg
DA:113,1,1sUocanFdyfj/8SUIxyLSw
DA:115,1,qP+MSjI2otxZIAOUI/wTYg
DA:116,1,wk8fhwis9vlli8R+cBfnOw
DA:117,1,Ea+D1FM0DKnx51RLAOR4BA
DA:119,1,4eWltdLrsyodCgu514F5/A
DA:120,1,4AMRkBo4CaqSte2DNn0ktg
DA:121,1,PnyRBOPQ2yZIkWyMXWGONg
DA:123,1,T+4+4yFV1e+O5ZTz6XPLEA
DA:124,1,DYzHTA1qIp0IR5UW5pWhaA
DA:125,1,irwEEICy2SUDyoVuty3g5w
DA:127,1,/33XfFSE+ck198Xjcfn2FA
DA:128,1,xjcDBnSwra0OiNOAYAwoHA
DA:129,1,8sY0ziPSwtWE2kAOkbQLlw
DA:132,1,dpDpkWU2AUdZ+KoF+x/ebg
DA:135,1,cjyJ9Uidl9NJUYCfS2+LQQ
DA:136,1,NGasOEmTMG3kBwNtYXDeuQ
DA:139,1,4ylFE4xmRRC76gLD1WLaGg
DA:141,1,waH1l9MT3Khvt9vT0PCjeg
DA:144,1,AHLyiVJkVgF2SArOK+DXcQ
DA:145,1,wXCI2vPh2JzD6QLYp1FfAA
DA:153,1,A0AnY9PcyQGzQIrY45kx4w
DA:154,1,80m2AoOM7bz7Oc9H1ynJ6Q
DA:155,1,40+wszSde7ir7DRDFU7Lbw
DA:157,1,Goti3J3DZa1ux9QCrb+fag
DA:158,1,cGZ7dVW91vLjs9gTfQWyWQ
DA:161,1,QfteKjwtnLY7EdZHZJj8Ow
DA:165,1,Umo6Us4vOZSgJ0uXAGIeWg
DA:172,1,B/Fo9U4/nMeRNS1JjGZVyQ
DA:174,1,hdeSplXh23HKMMyRmUEGUA
DA:183,1,Gq27srQUtmlIiqsnyBBBLQ
DA:184,1,eNsh9Dh25deyEbCMUoN+kA
DA:185,1,HOEqO2/ItlsmzkHM8x/hSg
DA:186,1,SszRdsvSn/q91iXsWkKi8w
DA:188,1,5J0gDrCi5VJCwsw7f3XwKw
DA:203,1,eRJ1E8xLFavSfSCtTLtd4A
DA:206,1,n+Acza5KDuLW+rIzqJNQsw
DA:207,1,8Hoy4Ekxj2k4JdSiOqPTXQ
DA:210,1,3yanoVe/CQ7qtIyi0oSQMA
DA:212,1,ZjgxcjgF6inehfMVfuZieQ
DA:214,1,J7v9TzjASksj8Mz30rSQjQ
DA:215,1,ZKyuYpOrfCDP6tVC6qAW0A
DA:216,1,difG0t5CXKdbOBCd5svv4A
DA:217,1,8FetQIzqXTSY5MW6wwtjyw
DA:218,1,FaGKE+zfiwW+tMVdleS6hg
DA:219,1,MO4l0L4OSrAmQ60VCpKp4Q
DA:221,1,9Ox0Jo+tKxoznNQ/xFi7SQ
DA:222,1,RkXuTFX3Z0EnsES4evbcnA
DA:223,1,p/wsrfUm+a3jZWicGPeBtQ
DA:224,1,emAc2E/9wGfzIA5EWh1r9w
DA:225,1,yT3XGIc+VG8RP1lHqDMbQg
DA:226,1,9Ox0Jo+tKxoznNQ/xFi7SQ
DA:227,1,RkXuTFX3Z0EnsES4evbcnA
DA:229,1,00R72GOC/GR5xzaHdyx4KA
DA:230,1,3oGTtlUjkZK0ie7jWCdcgQ
DA:231,1,mKQ3OIxtXQ7boJeg5uRR6A
DA:232,1,XQekFDJYoU0A6B5ljSwW6A
DA:233,1,it4daySSbT8UQBzNHqVtSQ
DA:234,1,wMh/9QEvFiCoGllZ9jJK0A
DA:235,1,9Ox0Jo+tKxoznNQ/xFi7SQ
DA:236,1,RkXuTFX3Z0EnsES4evbcnA
DA:237,1,00R72GOC/GR5xzaHdyx4KA
DA:238,1,3oGTtlUjkZK0ie7jWCdcgQ
DA:239,1,u5IwuZNYmsnl49VU50A6tA
DA:240,1,vMSDsuR7vUlNdaD7ixhDjQ
DA:241,1,B/LZrIHwD6FRq+N44b2Ywg
DA:242,1,9Ox0Jo+tKxoznNQ/xFi7SQ
DA:243,1,RkXuTFX3Z0EnsES4evbcnA
DA:244,1,00R72GOC/GR5xzaHdyx4KA
DA:245,1,3oGTtlUjkZK0ie7jWCdcgQ
DA:246,1,Wndmo0xGukxduX7sAKLa/g
DA:248,1,grkjP8W4Zg1P5hZCT4HmQg
DA:251,1,cjyJ9Uidl9NJUYCfS2+LQQ
DA:252,1,L/1lz+a4B5wobv255zySBg
DA:259,1,/qCZgOnk9JS30cLBgdWx0Q
DA:261,1,pR1iKoXSNPbFWKFEVnJuiw
DA:263,1,oCf6tmnc2vSt+6HhzrmewQ
DA:264,1,PcTbEV0hzFts3x18NKG5iQ
DA:265,1,oeEZytEYSQq1GAxVSnHsPw
DA:266,1,TQyJJgM8nMNJom8zsXTW4w
DA:267,1,/YQAzWESRnZjCAXTrJzVew
DA:268,1,TubdL7V7EQOnrNDDLEZEtQ
DA:269,1,vXzyVMlvR7mBbNymv9JEOQ
DA:270,1,OfdFX9JhSoTgBiY4EyoDng
DA:271,1,VVAChLUdmplHZU+a/Y8fQA
DA:272,1,G8f07o5iK2j2Fg+mfzY2Kg
DA:273,1,eBx8/flLLLZrdQ1X3BZ67A
DA:275,1,01A35AUcM4tSw6E+Ds0lNw
DA:276,1,VoR8BX0E3ZIyCAjidcrHsA
DA:277,1,Pmll8xBve1/1/BFD5WRWKw
DA:278,1,iBx0nrSfVHkPkLjCSuwMEQ
DA:279,1,asn/07gQ7tQSS9bPsLVR0g
DA:289,1,+9uLfk/aSnL+rZDHHBLcHQ
DA:290,1,yRCE19K1jfhZnTiGd/9kyg
DA:294,1,Gzz7lA95YfvCwvVTH58UmQ
DA:299,1,nHNvqDnyT3kIzDRTNx6mwg
DA:309,1,SfzBXqwwRgLGG+NliIdvcQ
DA:312,1,JaFSm67jC1t3u18UqUqdlQ
DA:322,1,nW9kX8BIuTwvMhaMIKvycA
DA:332,1,SfzBXqwwRgLGG+NliIdvcQ
DA:335,1,B/Fo9U4/nMeRNS1JjGZVyQ
DA:337,1,8s9di3qrlIFWdafInNE1Ow
DA:338,1,iUAd7sCD+mIHd8OiYNY64A
DA:339,1,qb1yGZvc9pIuzEfu6T5w6A
DA:340,1,sSAxjopayI8HANjBzvUE8Q
DA:345,1,azPycHXezu1CAv5syQcQfw
DA:346,1,Qnx+vyDg2YWTCbXdKfMRgQ
DA:347,1,3qZzcGovEHcURk28bm6oIA
DA:349,1,Qg4GbpZ5rePipM98h6AHkQ
DA:357,1,HxZXE2ou9rMQIw3pu8JF+g
DA:358,1,39QaI20BzmSVjXhzwQ+uCA
DA:360,1,3bx+NvaX2Tl0fsjKrAkpqg
DA:361,1,8JcnwH2oLldDc/CaGxN8WA
DA:363,1,I9JHkQandEbymWxUoJoMxg
DA:364,1,8hcHZzWncM4iLNEoPnGeJQ
DA:370,1,YsZHv4KiE5G88NoWs7a+MQ
DA:372,1,45V71ooD8aL/sqNRcVUPIg
DA:376,1,7GvUi9Gg2ADHD/sbxO0Oig
DA:377,1,m6EaWnNWmLA19pB+KZu1+A
DA:378,1,iwaEGyN4L9NYDqG2jDaItg
DA:381,1,lxGCdpzF7LFopqoZzuRKAA
DA:390,1,k4RjxVdBQ//VyezS6zsA+g
DA:391,1,LjghT5pJJJjr4cxFGUSdiw
DA:394,1,gm2QMf/VgLKAz+Sw/1D+Hw
DA:395,1,foY8IGS753C5lk4eAxPEig
DA:396,1,rqsqo08XmycM5jqFjVtHWA
DA:397,1,Mp2LMo7TnQAuT7hbu4MXzw
DA:398,1,OwtI0XBOjDVoswHx/lzpNQ
DA:399,1,UpDRKiT4k0MV0GpBXTyUdQ
DA:401,1,xjcDBnSwra0OiNOAYAwoHA
DA:402,1,/QKsmQEWejmcbNDrYT/c4g
DA:411,1,zZVa0hzwlKiT39eieu6wVg
DA:412,1,QfEAxIny8ylyfqCqLZ+HUg
DA:413,1,MmJ6LU40BPHpggVGnWqNyg
DA:414,1,cPBNux9n1Sli+dJnjmTo2A
DA:415,1,L7vTJ+rMCuFqJTYS3z60FA
DA:416,1,IxdOxcxhIj6nOjr3LuWwVg
DA:417,1,pBemdfpo6HFIj/tHDPOFpw
DA:420,1,ATwJVgH1TsA6ZT1kEzA7rg
DA:421,1,yJOwr5i9yg+eyU9p2FNquw
DA:422,1,Ja9cYAUrYjACwffyEhGj7w
DA:423,1,T0Wxw1I6tQUtZwIwOxt9Lg
DA:424,1,5L89eZ7JnFOVGyZSbvO0jg
DA:428,1,9kZI0ML5tcvg5B1fvHBXKQ
DA:429,1,tZVypavGIo1QrBSV6r/fww
DA:433,1,pIGi/Ty5TLEd6tCsZv1OFg
DA:434,1,25rGRV8MopQ9MMPM0fOn3g
DA:435,1,LNOIjDu095rR8//mCOpqOw
DA:436,1,+CFH63/U5axERMBWCFKDQw
DA:441,1,DQ/l/dqV9kie95Dx7QLnIw
DA:442,1,wKKEesG9awaAdOBeKqVUCQ
DA:444,1,Dk//F4/foRdHEaFGSTa82Q
DA:445,1,FAkELePE3BkRE/P7DmvIuA
DA:446,1,EOoSpHVggUagTZA3Y4uHMA
DA:449,1,G5F4FU/YXsybCXJ4NgtErw
DA:450,1,IOPaWcnwjSXCqoparzBthA
DA:457,1,NdKN+erTLTbW6wO4O9/Vig
DA:458,1,Tk7/Pll9cmTy9Z94XSSoFA
DA:460,1,hGCW9oBuQN4bcum5sPghzg
DA:461,1,GyaBsg9dty+eMtwikaBgCw
DA:462,1,PyTKbruSf7va3rEQNfKHJA
DA:464,1,JBM3JC2jPfmtt/CcHv3Gug
DA:465,1,6TftMlPILnpc2tFNJLF/ow
DA:466,1,Q6Gdhi8IGKrTQsOGv661Gw
DA:467,1,Z8RyTr69p1vKIo1H6Dg4lQ
DA:474,1,evJmc1N/GDJU2nwFM2wBBQ
DA:475,1,b5cC/RchjZU/slTZfu/c3A
DA:477,1,I4Uej840plwr7ciJyvDTQA
DA:482,1,S7B9wTIDEfuXegQ/ilQsCw
DA:483,1,vpnl3t3FKtT9XKnebrSVsQ
DA:484,1,EOfwE7HxK1THp1isT4NtWw
DA:487,1,YIahMWLjWHR1AqIS2GzOTQ
DA:496,1,Y5X4plzLyDd3WBrAXHYuxw
DA:500,1,mtr4dMY4WpzTdm2P2Lo4MQ
DA:502,1,B/Fo9U4/nMeRNS1JjGZVyQ
DA:503,1,W3P4xA+vSh9GfNEPGLVqyQ
DA:504,1,T+r8r+u4r+dgudoTHugK2Q
DA:509,1,7XqdxwkETcP9MrH4/NZcWA
DA:510,1,7fEOJoIOLu3MX28J6Iy7VA
DA:518,1,rHhmw67FYsXgbQQuuDaUsg
DA:519,1,VwjgC3zmGlwBswCMw9wi0Q
DA:523,1,KvwahoDM2RG8TMkTzMTRXQ
DA:530,1,cPa3dAsIk+eSRfSpgwNsyg
DA:536,1,WA0aL2KXDvkfde630AUKtg
DA:543,1,nUoxnMFG+zkZKBciTrxVNQ
DA:544,1,izXHJdOkIrzaQKTtuXR8Xw
DA:545,1,QTE0sb/vvIzGsFIN01hY7A
DA:546,1,pbvVteCPBYDqRMHXS7mMYA
DA:547,1,KcG4BGuIss8K16wyMcZBwA
DA:548,1,Qj5fAH4w+GInXVxbgbm3/Q
DA:549,1,yGvntne675/4+xwDYqTZtQ
DA:550,1,rZ2PMdZakrWLfGigf04nig
DA:551,1,l6PAZgQuBX3HkkOtv0IZiA
DA:554,1,TBm8ki60RIfh5cNDFa+wwQ
DA:563,1,70AXURxucxXnMhRZZVnU+g
DA:564,1,jZ9/IJoYc3BOeIAq6cJuuw
DA:567,1,06CTMwBcbxqUnUANpruYww
DA:568,1,/ULAyJ9ynEoIjj+vOxyPnQ
DA:573,1,cZaLiMMPjzeT7oXKi6lY7Q
DA:577,1,C05nf8zCn5ppm0vasLa17A
DA:585,1,oUjIgdXHJKJKTE8FA1Fj0Q
DA:586,1,UbZoCj//MTwUzNVvXPBZqQ
DA:596,1,NEjdYFLQyg0NJZPtCvx5Gw
DA:597,1,dAGp0bwmyLTPF6DvE2aWiA
DA:600,1,vBmlMV/x9U6PjrBU3k/5jw
DA:609,1,YWm6nqMWdSKD84IcwUom3Q
DA:610,1,Z+xpxIlVhiRmxocfVh1+Ng
DA:611,1,zVc/4XmpSALrVkW47uOlIg
DA:614,1,hJ4T+AGv62xOkagKpLYFDg
DA:617,1,y6lZBImOH64ShPuuK0z/1Q
DA:618,1,lw6a6GkdM+9UcbbEY+nl5g
DA:623,1,7QPen/8DMj4OmTG8+mQPFA
DA:625,1,lmpFF8bJraaK/sCS9Tv4dA
DA:626,1,sOvtOfk75TbAtTgkgicGHg
DA:627,1,oZPrsWkyvZ/9EJFPApwaXA
DA:628,1,mcH7MnWbHCOLBT3qM2c+4Q
DA:635,1,jSGQk6b13QR2IYGhDi9IEA
DA:636,1,UbZoCj//MTwUzNVvXPBZqQ
DA:644,1,wMx3o4dm9YSKvK5EhQTeEw
DA:645,1,7NtusZT58LYbESXTT7zkGg
DA:657,1,2HjtTzhiHgjUX1dPrNYIhg
DA:664,1,u/F8j9Is4htmx8+2x47Yyg
DA:665,1,DTfefs0jqDtKfK7quxwnYA
DA:666,1,B/Fo9U4/nMeRNS1JjGZVyQ
DA:667,1,6q4D4Euuo6vWt4JiHd/WOQ
DA:671,1,B/Fo9U4/nMeRNS1JjGZVyQ
DA:672,1,xdUkBrIdWgUZGZlv23WUkA
DA:676,1,jUVqACTfY9j41casa9iqZQ
DA:677,1,Mx0RI29KperpqURRhm4LEQ
DA:678,1,xjcDBnSwra0OiNOAYAwoHA
DA:679,1,zY8XgEYagDQNB7pE60oWRw
DA:686,1,afuKkPSx+DG2U+BtsIPPow
DA:687,1,wjoBO6kegTcthRBeYrvVJA
DA:689,1,k3orXR3rKaFvIlVy3MBSMg
DA:698,1,I+oKdG2OTvUClznP0zu+EA
DA:701,1,bGiyiKq7kTEvf3ZxIQJIuA
DA:707,1,A70lVrLkQ6OdB2XWrtXT7A
DA:710,1,HLpwKffwMatcx68a08V9eA
DA:711,1,Jv5xxiRt4kxLaR6DU7l8mA
DA:712,1,P5XyMxU+jZrZjkl/fenO4Q
DA:713,1,KSc9jfAfbtSe4Bs7hUzDfA
DA:715,1,ZyrCZGhEYl/gpuq5dv5tVQ
DA:717,1,rwxXJEQRxIbhZs2KIpGCfA
DA:720,1,4gxVRHcc2+FR1M5bE0SFGQ
DA:721,1,tv20BknZpPtUkH4BGaXUFA
DA:722,1,pXCv47iVuXpIPcKRRAJgww
DA:725,1,BK9/Wum2XgyusqP2rT206g
DA:731,1,SfzBXqwwRgLGG+NliIdvcQ
DA:734,1,uM5r+sAWakIBt3wO7kdxmg
DA:735,1,/+JNN5ytFWJHl77mAU8kpw
DA:737,1,6ysZyano8qWI+mbkv7F7OA
DA:738,1,h69Iz8tWfXSYujvWSPN/vw
DA:739,1,xjcDBnSwra0OiNOAYAwoHA
DA:740,1,OBGNbQqHwvfdUCoTm5e2sA
DA:741,1,dU1AeX19neeH1Xb50qipxg
DA:742,1,PzK3LGR6J6q3phPpTonMhw
DA:743,1,llOgLq/b66+5SLOFilYD3g
DA:744,1,uRcf+17RFGHEHRTuk066zg
DA:748,1,29j0cPJfvbJesP46E4C44g
DA:749,1,8ukClw2OsX3HJrq49O4Gsg
DA:73,0,njrnLTpqafLjR1+q+optAg
DA:130,0,cCzhnT+1tmGi11b28Pmfwg
DA:131,0,fbqo9JDcubXRE/ktOSFoeg
DA:162,0,9IrJAVUjxYeddHzctiJEaQ
DA:189,0,POmymozwI+vtXEt5hUj7vA
DA:190,0,5RwQSj6X0JF95gPGJ7mg+w
DA:191,0,xjcDBnSwra0OiNOAYAwoHA
DA:192,0,j5hM7bEcSnzD/E682tCKLQ
DA:193,0,65co2osDosuiCuYe7QVjHQ
DA:195,0,I9EFTKTQskj8/s2Vn3xTnA
DA:197,0,dYsaYf4IQCx8XPZIDz6R7w
DA:198,0,cCzhnT+1tmGi11b28Pmfwg
DA:199,0,J7qNKLnSTOZE7qTxVPlZ/A
DA:200,0,XzO14/QUw6uSGIlK3uexkQ
DA:213,0,/wAFH3D0Haa2bDtNk+wErA
DA:220,0,qKBrxLdcGh5wZiO1oJuEiA
DA:247,0,3nZAqL+QEcOYxItVyV5izA
DA:274,0,bJPoSBiuVm9r/G2yWY73XA
DA:281,0,TPhI68HIHb7oNbZ9muW07g
DA:285,0,Z9yLrDa1dtRlvSiZhnOq8A
DA:291,0,TPhI68HIHb7oNbZ9muW07g
DA:296,0,LOQCG0VVyaJ/22Qy9IfK6Q
DA:341,0,TPhI68HIHb7oNbZ9muW07g
DA:359,0,2mLx+O9p02rWfwgBpicNiw
DA:365,0,vy6CgW37KXB6tZmtM5IONw
DA:366,0,JuvH2WcHCwR8VTK2fSglbw
DA:367,0,dMhh+k6C+fitHH5nX1/koQ
DA:400,0,LMOWWRSmlDG5xRv6MtD+dw
DA:408,0,cCzhnT+1tmGi11b28Pmfwg
DA:409,0,pfO666vLKw+28z864627HA
DA:410,0,sOvtOfk75TbAtTgkgicGHg
DA:425,0,NhZNqDjgxvoxP6axiecHXw
DA:426,0,n8hXaUcwlGyPBYfdcJ54Sw
DA:431,0,lpNFvbnUTyXLm6Be+dY5LQ
DA:432,0,sOvtOfk75TbAtTgkgicGHg
DA:443,0,SOsQNp+TgbEzzBWdxhLOtQ
DA:463,0,/8OSaRsMmJp+uF82kF50RQ
DA:497,0,9R4wmZtM9tmUebQZFNVMWg
DA:498,0,U3pxmB1fV/m4U42kymWGRw
DA:501,0,5pjnlLBfcffgOubKcUPgAg
DA:520,0,xFp5ZUVDwdsZKCAUVg0tGg
DA:531,0,vy6CgW37KXB6tZmtM5IONw
DA:532,0,RUHR1JH5U3unFL7RbxvMNA
DA:533,0,dMhh+k6C+fitHH5nX1/koQ
DA:578,0,mcH7MnWbHCOLBT3qM2c+4Q
DA:592,0,A5UWKKPloNh4dW2L5tEzsA
DA:595,0,sOvtOfk75TbAtTgkgicGHg
DA:642,0,uDGX7lFzMF5+npwRGDltyg
DA:643,0,sOvtOfk75TbAtTgkgicGHg
DA:668,0,vy6CgW37KXB6tZmtM5IONw
DA:669,0,1psERaUs4T8Is43z1SH8yg
DA:670,0,R9/RJrSkzBbzoxBtvsMZcw
DA:673,0,vy6CgW37KXB6tZmtM5IONw
DA:674,0,aW9ogd5GvxcC3AqDrlQSAw
DA:675,0,qyzlLWhthCBz6+MbfVgw4w
DA:683,0,cCzhnT+1tmGi11b28Pmfwg
DA:684,0,sf3i6ggHUf77aHbdMoASxQ
DA:714,0,yGftQIAyPXsRJUKhvIMNrQ
DA:716,0,k0EUp1DN9V5a7R92RYiMKQ
DA:718,0,nQq9qPYM9r8eqdsOU0d/xA
DA:736,0,cRah0tYoxwGfWoPpPqDU/w
DA:745,0,cCzhnT+1tmGi11b28Pmfwg
DA:746,0,68CkR1Gd4cVYmt5s1dKddQ
DA:747,0,16Xfi0afpLLI/bUj5Jq46A
LF:381
LH:317
end_of_record
TN:
SF:tree_plus_src/ignore.py
DA:2,1,jCZkRtax6WgHCYXG+pW9kA
DA:3,1,7HpIEQVf5K0efdTzo05mJg
DA:4,1,4rdXk5fwWeadfx05SYG6bw
DA:5,1,6vWAvNsegNqafFN4IKLrhg
DA:6,1,7Z9Lj4ed27Wf2hBX6jooEA
DA:7,1,p7hNY1S5rX9QtYADf+cK4g
DA:9,1,yZgaj2xbEiHc2EeGMcrMWg
DA:10,1,CbaU/TJ84QH5av4CQIv3kw
DA:12,1,9j0XAr95IovcoJgoXU7jxQ
DA:14,1,77JYjKKephHJhjjhfkPylQ
DA:146,1,amTA00w/mn09Kw6CJgzsWA
DA:149,1,oT/gfsTyFnRVctTYjYOnGg
DA:150,1,B/Fo9U4/nMeRNS1JjGZVyQ
DA:151,1,8N3plpxnlFhvGX3T7en5WA
DA:157,1,gl1QbnlZSwfWJTwgDFxGxg
DA:159,1,S8ufOKv1hV7U5tL3knISgA
DA:160,1,eJ6zrxnLWn/k18a2vHOhRA
DA:161,1,gCyraDxPsVbh6mmk9J/afw
DA:162,1,Hyq4Fa//m0M/IPG6pqqMmw
DA:166,1,+9a6aBTURJbJy1qRq80KVQ
DA:169,1,cjyJ9Uidl9NJUYCfS2+LQQ
DA:170,1,g6KcRLYFvy1f/9wMevhXPQ
DA:174,1,wm5r7sVoKMQwlwlhmrUYUQ
DA:175,1,7hA/Yd62YVwvDMA8StHQog
DA:176,1,C1rrWe9++qJM5iQ+WySgYw
DA:177,1,Dwjd91USmMoWKfkSCVg/jg
DA:178,1,11wSgbMQ+/dcn06NhYFPQA
DA:179,1,cdFQ9oQFaapE9ZAq77V4CA
DA:181,1,AqBGkXqSZ9KpipqgMra3gQ
DA:182,1,t0u24+w5uu4rlAd9gybdNQ
DA:183,1,AgN1QkLGKnWttHZqerJLKw
DA:186,1,lQB1gTITIM51ooKwwxKoZA
DA:187,1,LuJpZib689nH32XECI19hg
DA:188,1,Z+SCOgZKvwDfL7CqCwJ+2g
DA:189,1,83aV8+MJOOH3A3u2xVEjxg
DA:191,1,SOLGFoCfXt+2Swq3Qb0QkQ
DA:194,1,cjyJ9Uidl9NJUYCfS2+LQQ
DA:195,1,U/EhKGdJ6yhfP4+t5icdXg
DA:197,1,4Slu5Xmmgsur6dzam4TjrA
DA:198,1,8OZDmu/puWU61iN+AonPiw
DA:199,1,cRrrS007gJXJzI29dyD8zw
DA:200,1,eJ6zrxnLWn/k18a2vHOhRA
DA:201,1,+pNbfy9o+cr8r1Caa0Dl7A
DA:204,1,cjyJ9Uidl9NJUYCfS2+LQQ
DA:205,1,12gzR+RlkScIpekV6BWMNA
DA:209,1,mMW8A+sXUIP//QJmkNHnLA
DA:210,1,JEj8L6+iImzVeIi+2jPtuw
DA:211,1,apkQQtiiE4JOuDIBvLOUjQ
DA:212,1,RjFLq4iJLP4WrElI7O1Gkg
DA:214,1,ZJsaAdYZGiBbgk/uDENs+w
DA:215,1,NdqeqS5YsFxDIXD8sT6h8A
DA:216,1,pg/tg4DuRApzr7pETiI7lw
DA:219,1,tsoF/SQhrpcLduXyAJfh+w
DA:220,1,2J0djXNOUqe34MYGx2reBA
DA:221,1,9Bi4Q4bccmCj+obqzGFu3w
DA:222,1,BzSPTSmIzpTnAmSfzusLag
DA:225,1,/S8d/HVFLOL/gTU2e/TkhA
DA:226,1,IPGkdRy70wA/cajhL2PJxA
DA:227,1,82w6yoLFDtivuEIq9sla7Q
DA:228,1,JnPlBXe2cR3GKJ6hDMbU2A
DA:229,1,n14W+SkfXVz448Qpg9tNcA
DA:232,1,I28/SB9D9VrA1GHmlhkiNQ
DA:234,1,oeLgYXmz4lcfXh1oh3/fZQ
DA:237,1,TINuHD/JpIM2qWci7iNAKw
DA:240,1,cIx0gLH6RHUKdCAeWPFwnw
DA:241,1,1PzjXUxqS2wCUD80OGjHvw
DA:242,1,zGwvJpryY7ue2TLsQBSxDw
DA:244,1,zFkzyYLO8EJoRO/y47unYw
DA:245,1,zLf2vWTaMUZeCbCkSk5/2w
DA:248,1,ewNuw2A0aZK0+5ck3qEPHg
DA:250,1,sy/1QkUjhaG+aW9Y+PT7ww
DA:252,1,nBUmsifC0tADZFqh5TjiAg
DA:254,1,JDIvpr9gyV7gNOnF0BOSUA
DA:255,1,Jmy4Ts89EE0JPII4Dh4Exg
DA:256,1,gyO65kA8lq5jFOkqjsupUw
DA:259,1,pPAKgm//bGqsjHFtgoiYTQ
DA:260,1,rFbBj6abgd1UK0bcMY4N8w
DA:265,1,Ci7cZU9xQtQjKqjyQ7IupA
DA:266,1,QoFj5qQubVWQPymp+soFHw
DA:269,1,eyPL5JOX5QsOmI1pS/aNvg
DA:270,1,rcnf6+qwKKJX2jz0zJm1Bw
DA:276,1,of+8eqKKZL/vmlYBWHTjYw
DA:277,1,QcGXEhgPw5SBJcj4FDdmJw
DA:278,1,W/g8GJDAYJkSSurt59Mzfw
DA:281,1,TmRVbhgqXhAo4RqmY8rpqw
DA:282,1,1F6Kv+ij+7rJVevDRmgijw
DA:283,1,eJ6zrxnLWn/k18a2vHOhRA
DA:285,1,2NgG30BOle4l3LdFhSCkPA
DA:287,1,afBfWlbfZviDn2hc38o8CA
DA:290,1,TxmYse6PHPmHENeu/9Xb3w
DA:291,1,i6jUWo6ahUy+OEDwo6PpOw
DA:292,1,GVAFrWsO+QFQTR/Rq1rkBQ
DA:293,1,n05AfdIFALNK7eRaTWeHow
DA:295,1,c8NigCzmzmrq66iZDbw5Sw
DA:296,1,+pNbfy9o+cr8r1Caa0Dl7A
DA:152,0,vy6CgW37KXB6tZmtM5IONw
DA:153,0,Tf2sxJHFIP0M/Bl87sCTnA
DA:154,0,W/g8GJDAYJkSSurt59Mzfw
DA:163,0,+pNbfy9o+cr8r1Caa0Dl7A
DA:180,0,MNjmly+8iosupi+a2ytyOw
DA:184,0,cYgCSdOpzBEne2JYgGufOg
DA:185,0,sOvtOfk75TbAtTgkgicGHg
DA:213,0,9leLQXWKTawGZ5O3yfXWvg
DA:217,0,rhHpHzyPk28X9rq1b+ay4Q
DA:218,0,sOvtOfk75TbAtTgkgicGHg
DA:235,0,PdOuZ2UJ1N/byItFVG/Zbg
DA:236,0,apkQQtiiE4JOuDIBvLOUjQ
DA:238,0,Hk8e6lhxQGeVzfgICxmaQg
DA:239,0,apkQQtiiE4JOuDIBvLOUjQ
DA:243,0,ZmTGeiD/rNzm1QydsmScbA
DA:246,0,vlZnZBJmvoGup8PZkfjpxw
DA:251,0,eqbXBPv2ES+sqKXPKY+Ruw
DA:257,0,aECQaKS9jlKrjsdKAg7bQw
DA:258,0,apkQQtiiE4JOuDIBvLOUjQ
LF:114
LH:95
end_of_record
TN:
SF:tree_plus_src/isabelle_symbols.py
DA:1,1,4rdXk5fwWeadfx05SYG6bw
DA:2,1,p7hNY1S5rX9QtYADf+cK4g
DA:4,1,ih2ysl1urkeO3oAAmbSKJw
DA:6,1,gDu96JXYuyTLW0j7rR2b4w
DA:448,1,QOCMAPK8kJ67sC3J/dDhyg
DA:453,1,cjyJ9Uidl9NJUYCfS2+LQQ
DA:454,1,YHETnKnpkNaR6XIunEhEVw
DA:455,1,j08YOb4V4vJVPQl+nXoAKg
DA:456,1,VFZmofBLXX2HSZ+Kjx39rg
DA:457,1,Z/rXdC7Khg3C5FcLLGNKCA
DA:458,1,0pIM5wq8Fm4Z+Sbbpelr9A
DA:461,1,3v5ALvZvfaAVObhC3GaYtg
DA:462,1,WjwGi9T6UnCeonnMaM2U1Q
LF:13
LH:13
end_of_record
TN:
SF:tree_plus_src/parse_file.py
DA:2,1,4rdXk5fwWeadfx05SYG6bw
DA:3,1,hQIKbTur/UyV3TaCtKd1uA
DA:4,1,6vWAvNsegNqafFN4IKLrhg
DA:5,1,OaTlemF3bXMi5MP7Db8vkQ
DA:6,1,7Z9Lj4ed27Wf2hBX6jooEA
DA:7,1,p7hNY1S5rX9QtYADf+cK4g
DA:9,1,9j0XAr95IovcoJgoXU7jxQ
DA:11,1,cDwSGDgvtgIsuyyOFbSgpg
DA:12,1,w1CkseTns7eMUQo6jHaJHg
DA:13,1,eZ0iCd+W9aCFnk9r+g4N4Q
DA:14,1,8qP8gfWgx4Wcc5sKAlH0hw
DA:15,1,Cvk3tnRNHxjcfBJkKFBcqA
DA:16,1,iBEM/pZOA7KQwvvrlOzOSg
DA:17,1,9CTbfd5k1rVd/8/PT+YWgg
DA:30,1,eyPL5JOX5QsOmI1pS/aNvg
DA:31,1,+7uuRwiyKBDNyjHPlcx9iw
DA:44,1,B/Fo9U4/nMeRNS1JjGZVyQ
DA:45,1,LHdNButm7qFMJmof27zVFA
DA:46,1,E5/I+Ly/49WHZupgZbPcoA
DA:47,1,5uQ0+tr2RIqId50sbyqKIQ
DA:49,1,wPYHHPExJLS+sWQbpqA5Tg
DA:50,1,p1Kj3Cynqi6Z5Lk8R/b22w
DA:51,1,vy6CgW37KXB6tZmtM5IONw
DA:52,1,MZfwR9Pt63InG5Z7HVdC/A
DA:55,1,AN1obFqzA9/qMBAgLZC5cw
DA:56,1,6FgfEIGN8WM7AbfBHDP94A
DA:59,1,oxD4cDZbxq5Q2LgYqiQtsQ
DA:62,1,Be6iuR/O3pDYi3MTQW00AQ
DA:63,1,dXxxcyUCF4zdsBz/h1JYZg
DA:64,1,tPUkk3ndRBCkHEPffdZzVA
DA:65,1,ecZtW47/lUEz9qCK7tsEcw
DA:66,1,JWryB/SnHgMJmNtmUQ1pOQ
DA:67,1,U5v5EV7jnOV6fahRt8DKRg
DA:68,1,36nhX5uNeAhEYEX/fBMylg
DA:69,1,X3gsoB+fc0j01ddf7YK8mw
DA:72,1,9+19ltOrw6qmpc18AKSuPQ
DA:73,1,sSrnWiytl39QvotPFeRuWg
DA:76,1,FXbrkOXNW6AIBKAXXMApgw
DA:77,1,cRah0tYoxwGfWoPpPqDU/w
DA:79,1,/ijPE4JXA/Fw49iy7IIy8Q
DA:80,1,bceleae55HazeETIbloulQ
DA:81,1,OKB5tNlNqK1ciWIP/tXnkQ
DA:82,1,Gd/zev9ik8XHeBIG38R30Q
DA:85,1,d7b4jdP8taYu2YY+NLdTSg
DA:87,1,8pVic8TIaCiGpzpapF7mwQ
DA:88,1,hP2ZiuZGRekt5PAsUlv9ow
DA:89,1,nfXf0tyI5nwgcvL+DCLQ0Q
DA:91,1,Dx4Rx84wgyUMSVw9+UScAQ
DA:93,1,7ghSJkXB4j2EBMjZF+Smag
DA:94,1,wsLcFJyL6DdE515IefOmpA
DA:95,1,Lqk/BIsrbrKBiSkU6AY+Iw
DA:96,1,/6j/57UQTpQn780hlPJhxg
DA:97,1,xq4NYUM7pwApc2s2N/1oBQ
DA:98,1,tfBkLZPAko2qO6OkFSvxIg
DA:99,1,kLwT54p/H3jfGw5MBWlrmQ
DA:100,1,1/UNVEaK2i4F1HYKH9lmfA
DA:101,1,67mRz7xkYbh50DfXluSCxw
DA:102,1,9R0g3wUZHmeGy0ul3K5C+A
DA:103,1,aFa2pdflKUYmAYFNs3NJVg
DA:105,1,VmZzngHVkOTn2WTx3Pofag
DA:106,1,zclR9uiX7Ys5dxxIbDzUYQ
DA:107,1,mYNQrH2YxBIgdr86G5eYuA
DA:108,1,WxPdt87NWRhZSW1RLqrGVA
DA:109,1,xjXgXFMoMOOAHRXVnHu6Yg
DA:110,1,S5GoA2n5WgkEtHLgC3Wwuw
DA:111,1,7nGXasqGKwhGWXDLPBNZ4A
DA:112,1,NSKxj00Vvr9canzGZaRDyQ
DA:113,1,UysFpOTLS0qluLZGzBm//w
DA:114,1,XaoyAi/Wcmd7MyeOKdg7jw
DA:115,1,s0c0PKfb1vQoFbURmA1anw
DA:116,1,Ezf3X2wTwTQiWDTrVAVZZw
DA:117,1,3X0FbUBlzWt/mG5gdZJD0w
DA:118,1,/TciZAf1Vd2Rr2frc/4+Mw
DA:119,1,yO6Ype6m93h8kWRDxGiCsw
DA:123,1,hVn3Qm4aGhtITJGZOO+Org
DA:125,1,qDgv6/W1CnxzzMSRAvWqIA
DA:126,1,/hyLjC2uOrW00ZJEMBUKcw
DA:127,1,BxkEMmWkQOzrrbLbwEbz4Q
DA:128,1,z4rgnLJ4AZs4gMRqQG3zpA
DA:130,1,L3PcR34zMOs0OG7UWybzlg
DA:131,1,Oc8SKQUadK9lfMc189JnYw
DA:132,1,h0RtCMsVUM7cbvep9oI1Qg
DA:133,1,Sc1oUAmUSXtH7RBjDnzM4g
DA:134,1,AK6vaUAR5DqJQ9LuDegekA
DA:135,1,XKea6oBcN6n399D19muqpw
DA:136,1,WywBK3gxUnN0QZas5LQ35w
DA:137,1,+40TdLPFTqwoiCuBvXxOLw
DA:138,1,hJePqZQ81ieUYYyeFxj1lw
DA:139,1,pnN0GKryhhk05Kre7Ua9LA
DA:140,1,rVn6s//pEqTqQIHwQ21fZg
DA:141,1,vbPOMju7j0kZsHgdvLLtnw
DA:142,1,PD6kY6E4L7RCfuCxc8Plxg
DA:143,1,mOGIVmdNkZLqK4QT3RBITw
DA:144,1,FyEWBt18O80//z31e1eOjg
DA:145,1,dmsYjp7NmgPKoVbRxs3N9w
DA:146,1,Qoh+lKyr+0bWw8oAd12m9w
DA:147,1,HuDqPyPpNpJ1J/Lr9fKY5g
DA:148,1,+wMGtGNQIIjoTABpoOcwmA
DA:149,1,LVvabg/vAk+zHJRIhfExzg
DA:150,1,rTKY7k1fHmm1x/zlci+6Tw
DA:151,1,pIfHAi8xwGZkPqRcTrDV8Q
DA:152,1,xDpjOnLIFtELx/3yhHc5vQ
DA:153,1,j+eWRMhkukqgLWQaplBKFg
DA:154,1,jw3cqs3TSSOMS8c8mvOJXA
DA:155,1,QTBsima0LNJUdIwvY5FMPg
DA:156,1,zRH7+cRJG2HGqCmT4+39Rg
DA:157,1,i4rjErbAU4RHF163eAj6hw
DA:159,1,pX1OQKrdYTjsSZ25nXvN2A
DA:160,1,D1ymbT5/w20+AfmvAlpxaA
DA:161,1,FusKQi5bA/CrLpAjU2UR+w
DA:162,1,KB1W4A8wFo55M6gIK72S0Q
DA:163,1,AXrT5P6u2rhfjWXzsr/7CA
DA:164,1,VJm1gUoNE/pXJgRub1UHtw
DA:165,1,DntO3dah60KM4//R516f8Q
DA:166,1,YbsRfIZTYVvHLHASFUuSkw
DA:167,1,Sm37JV7Sqf3nG8L9wpHjTA
DA:168,1,4dqKZlTh2oYI56OWtWZaeQ
DA:169,1,o73Hf1VZZLYC0E1mo/hEiw
DA:170,1,FQbEHFGpgiPzcLiIQ8UCjA
DA:171,1,q84z6zhqv1wseEbTnziFLQ
DA:172,1,gZBxvvID1qWgs1gmSzWQ1Q
DA:173,1,sH4N7cbXL7Jxe9F8KIYMiA
DA:174,1,P0K3Kh1+gU7VjD/prwyehw
DA:175,1,qdoB34ZzmAFqy64o+aVbqw
DA:176,1,FQWp8c4NHlALtB54EeKF7Q
DA:177,1,62T8CcDwT7n/H+Ak6a5HhQ
DA:178,1,0Jz/L+hYxRlTb4B64r3qsw
DA:179,1,dwLYAuRtBTyzFyCLENBGCQ
DA:180,1,fJJfQd0CtPjexPCvCPQMvg
DA:181,1,f676HwQuvGGjHFRoYpOJfA
DA:182,1,uhuvi8rNOstJKBc5IbMv5g
DA:183,1,s8/eRBtd0WgxRl8TO7Ztkg
DA:184,1,cPWyoiZpNpay8lGuhuoQNw
DA:185,1,4EeLnAHvM59LnGiQFcywjA
DA:186,1,D4NFAoktj68awpVcmytztg
DA:187,1,WuBTBDQhdqhaV+8fLH6vYA
DA:188,1,KXyTH0JVMXEZwalfu2gp0g
DA:189,1,WQIwjcetkoTgeIxfM27aSQ
DA:190,1,nqL22UNzbEM57gloANm+qA
DA:191,1,HMykKLoINkiThZQ2OCnq+w
DA:192,1,3IGsGJULVYv75p9MhU84Rg
DA:193,1,e/zggY+yyT5aul2L54i9Sw
DA:194,1,H8tInZDACylHL1y14E5Z3A
DA:195,1,1xB5Pg8MqtgW90b9i/j99Q
DA:196,1,byipn8uTO21l7gxX8mps5Q
DA:197,1,OMQPQdkhdMRI7UYd26Ue9Q
DA:198,1,HvC2tostm36d9JzMUKn7ew
DA:199,1,CKCRIoudxZfefu3+mvhi4Q
DA:200,1,ERrS1kZyQzENimH6gmU5hg
DA:201,1,okwz5lmuENVfYaTGUPmCMA
DA:202,1,P7G0iYzC2aN43QvooD13Pg
DA:203,1,jMDnHQywiL66bKIO3SZtjQ
DA:204,1,haJqPQVgeMIxq3W1T6yX8Q
DA:205,1,+RCPdagjKzhM0hmJ5F7cIA
DA:206,1,JWNgUaKk0UkzzohoEMMQig
DA:207,1,4pvz62e+ce7JFb5C1YZ+2A
DA:208,1,23Ve7C6LpMmFLuZ28ob1PA
DA:209,1,IswijfOgrTdquuSvuThKXw
DA:210,1,OjgnXFoRODxuYYM9PR1Shg
DA:211,1,6P80xvI5nBknvsvIHg4KSg
DA:212,1,LiJcR9+Cntp3Q32wiP/2Tw
DA:213,1,OfJae6guAEQDZExd01WQzQ
DA:215,1,b9apcN2BVKt+fHZkra/cfw
DA:216,1,xnZwwN1zhNnrBuBITjqmSg
DA:217,1,wFdmmH/rjKdwausWTjaeXg
DA:218,1,kJrbTu/mXdAbRDBi8jAOag
DA:219,1,kzx9woKL0UqicN/JGnHXag
DA:220,1,7teJ82yXPNgDowI2lzcYWw
DA:222,1,JfM9+5YmrOCo5W/llL621w
DA:223,1,euLcWGjYIAujIZwuQEVwcw
DA:224,1,q4y06DihOI79aOe3AhxRMw
DA:227,1,uh3W8FjZi4OlNy/xs558OQ
DA:229,1,P9ASlJyzTxvNyEIas9ZU/w
DA:230,1,IhsImu6Z8roOl2JjiaGchA
DA:231,1,PsJoXjhkOEJqLqNAfDJdAQ
DA:232,1,bal3aXadgSvtPwpvToIhfA
DA:233,1,vgbWLDcTRG3dnJOgw7O1gg
DA:234,1,0LnoHx4rh726dTeLg5Dn8A
DA:235,1,1XTiQDibpzeNIT2JjVixnQ
DA:236,1,wzlK9I2rkLA7J1t37AzRVA
DA:237,1,5OSmqWeP0Aq0DLkG7fDdbw
DA:238,1,00AeXhYFNHlnueCXe8PctQ
DA:239,1,Npaot7EaziunRw8KhestOw
DA:240,1,nVoaxaHle0lQ8C8qOOpHwg
DA:243,1,3qfdk/RGXVoH/CcF6QT7SQ
DA:246,1,1b/++VBhX3DHLFr604YzRg
DA:247,1,JSMerHY0sTA4/Ki6Nkhz6g
DA:248,1,zPuWg9QnJAGMEKZ+swCtmA
DA:249,1,bCKPEiF8o8+87SQ6zIa38g
DA:250,1,UxURH3wAVf9ozCnwctDAqQ
DA:252,1,NSLdpIltc4JcyWkV+Q5nDw
DA:255,1,zo28DMQNGl+VWxuGlCiHsA
DA:256,1,xOZzxNOOLFDedSIDTqq88w
DA:257,1,f0wv9wO8RI/IiLyJzBxeIw
DA:263,1,X3gsoB+fc0j01ddf7YK8mw
DA:264,1,jRSce1fImOjffJLiErI9LA
DA:265,1,AwWU60laET//5WUOoo7agw
DA:266,1,iM7/D10l1Frni4v3wAwAXg
DA:267,1,jcOjALp+X69FZewjljveAQ
DA:268,1,ZX7MHz4L0o/7oYCJE2iZcQ
DA:269,1,6MJv4xQ4WeIiTTQgf6voAw
DA:272,1,XVypqZ+zst9VDKMga/vvWg
DA:273,1,3gUFs1Ouvj8MY7DipSGgzA
DA:274,1,pJZZ9mwAixIEAYAAa1bF9g
DA:275,1,Ln9tsn2+KGk7pYQ8xL0+Sw
DA:276,1,/OdvzQnLBchUzs24GSiv2A
DA:279,1,sFj6Gy6j+wC+HmeXUesIYA
DA:280,1,dGrfAabt0EilsZAa832pfA
DA:281,1,N1QdxYekR+R7XBLHDRa/eg
DA:282,1,JfQ2w0W8oRdj2aOubzUzyQ
DA:283,1,qxq33zssXd9HiMXiaxJaLw
DA:284,1,SSdndOEQI+sJi0df32i5+Q
DA:285,1,lcdcTceNuX9kCKt3UURNjQ
DA:286,1,HRmYgrUgQRrlHMAQ7gWdXQ
DA:287,1,IgPSeCL7rorAdkwjaaTI5Q
DA:288,1,t4kjhmsra20VK2nGMIEiJA
DA:289,1,QiS57MIJsez0vVCTOWpmWA
DA:291,1,loq7hBysrzhczIyApM05zw
DA:292,1,sNbBlTAkAypFtlNUBAZgTw
DA:294,1,JlDLErRUGZnUhfbJ8KzUUA
DA:297,1,oEeIoBXZHdc5UdQjJy7Mpw
DA:298,1,mU48N/dO11WQ5/dS6gxSBg
DA:299,1,Dxs08LtDyqDCwG91i/LRLQ
DA:300,1,WiFVX7RoKxEzCTYeILmc4g
DA:301,1,EecP9aS7CdyKtSKKc37RAQ
DA:302,1,c4ZXZdLQVbmJr0J5CYsJbw
DA:303,1,onbxljdgx75SqCimnf8zIg
DA:306,1,5UPeWu/LK+HoIiTLhwC0Iw
DA:307,1,b2C52qF7C8qcX4b7qZ/AtA
DA:308,1,f0wv9wO8RI/IiLyJzBxeIw
DA:313,1,X3gsoB+fc0j01ddf7YK8mw
DA:314,1,jcOjALp+X69FZewjljveAQ
DA:315,1,I/qVcT8PgQKRBellxt4Utw
DA:316,1,3gUFs1Ouvj8MY7DipSGgzA
DA:317,1,XVypqZ+zst9VDKMga/vvWg
DA:318,1,yL3D4oA3ecHe61vniBPf/g
DA:319,1,LHJlZf8TPY3EaxFnMmz5Kw
DA:320,1,p9H3eWx9KzHjBAkx4KYZOg
DA:322,1,WiFVX7RoKxEzCTYeILmc4g
DA:323,1,AvvrGQybysT4NeNoM9nQ7w
DA:324,1,c4ZXZdLQVbmJr0J5CYsJbw
DA:326,1,onbxljdgx75SqCimnf8zIg
DA:343,1,ld+3oRmWtc4+as8r0FFxCg
DA:344,1,UhakEEp4mERrRRn3f2TaPw
DA:345,1,tyPPBTN4T495TJ/FMQeaBw
DA:348,1,c6CfmKiTbZqEZDCsEUOxPA
DA:374,1,X3gsoB+fc0j01ddf7YK8mw
DA:375,1,QEgVi3c8BPHwCdIRsHisnQ
DA:376,1,+b3Gq5uLN+3bFFgI227Hhg
DA:377,1,5u94Vg/+4ErVU93E4IeTsw
DA:378,1,8HYNiuZ0qb8BazdQ4KtEGw
DA:379,1,3gUFs1Ouvj8MY7DipSGgzA
DA:380,1,fYCB4y/m0IubnT7x3pdZgw
DA:381,1,vdZChB3s+kDO5IWg7tR27A
DA:382,1,HLJ2TxcwhYpn29BVzFKXhQ
DA:383,1,3yd40QUzgnqEqJrcTFrVvA
DA:384,1,C2AVaHwpAwLoKviheNtOwQ
DA:385,1,zsY80rBi80gwg3Wq0vnNtQ
DA:386,1,u2TgBkVcYbUWG8CgL9yidg
DA:387,1,rYkokeddeoya3ztNJbN7vw
DA:388,1,8E3ctnEmAbEBsuhcjtdS9w
DA:389,1,Qc0S8uNtj40GJvEUIG6e3Q
DA:390,1,gPD34pQiJxldzFa/aE/w4Q
DA:391,1,jqk6gtexkRwlundmsU7aXg
DA:398,1,CUf/30xpMietsmdrbOQOQA
DA:399,1,xTui6nT+vFGtGtfLzE5EqA
DA:402,1,Op7hfUZKoX2aSPtS7QSGfg
DA:404,1,B0SgsOF+p0ZEwnjhhPkbBg
DA:405,1,sOvtOfk75TbAtTgkgicGHg
DA:406,1,AP81h+8Lr2iqo9WNDm4Z0Q
DA:407,1,d8gziTv+3Q+zTmyhCW6fUw
DA:408,1,bJtbR9Uc0UHlXOkGL1BplQ
DA:409,1,zN4AbQ4inOM/jmRsRbWsDw
DA:410,1,isHuNS45xCqsOHwyesp4/Q
DA:411,1,bJtbR9Uc0UHlXOkGL1BplQ
DA:412,1,eeiu7AJhBdby5pgn+VCfOw
DA:413,1,rz5gdQtnISofdiMkLf69wA
DA:414,1,bJtbR9Uc0UHlXOkGL1BplQ
DA:415,1,LN+ZSI8jYV7KSct5SWw87Q
DA:416,1,OJBWCUHy3wzgO+lfViaJvg
DA:417,1,bJtbR9Uc0UHlXOkGL1BplQ
DA:418,1,68TQ6v94QNPMZc0f943J3g
DA:419,1,CBSI1gcn3/AiXkIuZBIIow
DA:420,1,WiFVX7RoKxEzCTYeILmc4g
DA:421,1,rDTX5mMErQio60BsVGhf7Q
DA:422,1,BgFz+b/pPunB8ap7VedsVg
DA:423,1,c4ZXZdLQVbmJr0J5CYsJbw
DA:425,1,onbxljdgx75SqCimnf8zIg
DA:428,1,cjyJ9Uidl9NJUYCfS2+LQQ
DA:429,1,j5wa6+4Z8yLq5FKJtvlAPw
DA:430,1,jJxoiBMLjDPdQ+1NcAXXEQ
DA:433,1,cjyJ9Uidl9NJUYCfS2+LQQ
DA:434,1,jTsWEFXW9Z9/9Q/vvLsMkQ
DA:438,1,B/Fo9U4/nMeRNS1JjGZVyQ
DA:440,1,W9lbhzgOO8U/2vfRoNvrPw
DA:441,1,VaTGSZq6e0iOTLXn3xFGEA
DA:447,1,FB0ibBpYnjDwYSiezTghow
DA:448,1,HHqoRtIJPBBIZgQL9qDT9w
DA:449,1,zK/XJnjAuAUHNgtzV/p0Sw
DA:450,1,Swryphb22wV33RGuSRqSEg
DA:453,1,21VQbwL7B5l7R2GXnOveiA
DA:454,1,zrm4F1Pnf9Y59rggacl/+Q
DA:456,1,QJDoicbQkoERR9Wf7LREqw
DA:458,1,f0wv9wO8RI/IiLyJzBxeIw
DA:472,1,X3gsoB+fc0j01ddf7YK8mw
DA:473,1,jcOjALp+X69FZewjljveAQ
DA:474,1,oc3IK7zGO3759Jr0GJozgw
DA:475,1,3gUFs1Ouvj8MY7DipSGgzA
DA:476,1,XVypqZ+zst9VDKMga/vvWg
DA:477,1,VkykdN72ACM2VWXPr+nOKA
DA:478,1,VvHyxpOvIBeKlmh7fTB4vQ
DA:479,1,Qy6f+RUr4s8ADrbGvz1rYg
DA:480,1,SYEKNP7/SV6h9kK02VYO5A
DA:481,1,+7o4Ehy4N1gY6h62ZrLenQ
DA:482,1,4691M9mUU9fvCl6ZqF190w
DA:483,1,MN9sgwgSBE3rdlSv4jrX0Q
DA:484,1,uWjU77gVgyw/GPEQOydInw
DA:485,1,dioYzaZ5Vkmp2rKyNnUjRA
DA:486,1,AP81h+8Lr2iqo9WNDm4Z0Q
DA:487,1,d8gziTv+3Q+zTmyhCW6fUw
DA:488,1,j0BvxUdz1RrtlgUXqnAgJw
DA:489,1,higTnymICuVPjW7KHOmZwg
DA:490,1,SxXLqtxJfz8342x8y4NG/A
DA:491,1,J9wp7K7gS1GCw9B86yv+Pg
DA:492,1,CrjUU/vt3n+Jswm0dXjZ7Q
DA:493,1,Qmu7AyQPXcJksP9UuvnBrA
DA:494,1,c/4qfZBlnQh2737kYR+PyA
DA:495,1,1+gdRyqhXw5G9S+yakDNCg
DA:497,1,WiFVX7RoKxEzCTYeILmc4g
DA:498,1,TeNJAnfhfbkGan1sd75afg
DA:499,1,c4ZXZdLQVbmJr0J5CYsJbw
DA:501,1,onbxljdgx75SqCimnf8zIg
DA:504,1,E4/GCbkcAXIDu6oOvv+vKQ
DA:505,1,tNdxmLpQ1tVFvmQhVRX3WQ
DA:508,1,FWm2y8dErCyd323sbaV1Ew
DA:511,1,c6CfmKiTbZqEZDCsEUOxPA
DA:523,1,X3gsoB+fc0j01ddf7YK8mw
DA:524,1,+b3Gq5uLN+3bFFgI227Hhg
DA:525,1,nHY9wUmgR+E1av3KiPF56Q
DA:526,1,XVypqZ+zst9VDKMga/vvWg
DA:527,1,gXVkmMbpw01kWin+QfcXkA
DA:528,1,rsFKrti3iSZHhUn8WTKc3A
DA:529,1,h+GFAprvf74/1ER2KQtZ+g
DA:530,1,iW1xW/iLijLq4fuNQrAawQ
DA:531,1,qWWctiIRB3JgYW0W3PILrQ
DA:532,1,fM4IDj5e4MqaKSJow0HAUg
DA:533,1,0tpxq/7VA37vTbSQUVDfag
DA:534,1,tJ5SyFyA4z4OEGzxfKEuAA
DA:535,1,j9WvSW8VMvvCoI4aFgGX6g
DA:536,1,aiJUgxZ0RF9XYs5ZpPU/jw
DA:537,1,A0qSIMCFbFy2Z3EKMJMrdg
DA:538,1,WiFVX7RoKxEzCTYeILmc4g
DA:539,1,iFqroEfIStgGf2aRghJeZg
DA:540,1,c4ZXZdLQVbmJr0J5CYsJbw
DA:541,1,onbxljdgx75SqCimnf8zIg
DA:544,1,Ba35KcfB1JQ4J2jqe0WCUA
DA:547,1,mlOwIRgRbTzHNUBkvWf7Iw
DA:548,1,VdyNIs5ULALixvSNLrIVbA
DA:551,1,dd4c6Df9TsiiBmt+EORqYQ
DA:564,1,s5ns6iLe7hDyxvnHbbzFWw
DA:565,1,zOjT9rLvah1vRk71+m1d/Q
DA:566,1,tyPPBTN4T495TJ/FMQeaBw
DA:568,1,X3gsoB+fc0j01ddf7YK8mw
DA:569,1,kr4H2w9P37A7tw+g06DntQ
DA:570,1,MUdfqrhA52sSA17IS1gD3w
DA:571,1,0A9F4XpK9D/d3/WMhoRHPQ
DA:572,1,+4LElD0Z6gAgK69pQ3UhoQ
DA:573,1,VMVdFX3j7x4WS2QtNao1+Q
DA:574,1,3gUFs1Ouvj8MY7DipSGgzA
DA:575,1,XVypqZ+zst9VDKMga/vvWg
DA:576,1,AND4cPU2iyhzchgKUQ6mWw
DA:577,1,P6wXj8uF2MeZ32bCfWem/A
DA:578,1,86HN47DpifIhLtVCDbGriw
DA:579,1,NdivNLaG5RS0bYj0ikNJlQ
DA:580,1,rUzpeWciqCer7SC9O1OQaA
DA:581,1,b9gk3yh/zN2cfxUxqkhVtQ
DA:582,1,SxXLqtxJfz8342x8y4NG/A
DA:583,1,hNpSlqSvSTUjhTyhdzmnTQ
DA:584,1,86HN47DpifIhLtVCDbGriw
DA:585,1,NdivNLaG5RS0bYj0ikNJlQ
DA:586,1,rUzpeWciqCer7SC9O1OQaA
DA:587,1,b9gk3yh/zN2cfxUxqkhVtQ
DA:588,1,3yd40QUzgnqEqJrcTFrVvA
DA:589,1,oD2DptUPO5pcbvC+cWXyLQ
DA:590,1,CKqQLHYaMxokxNIagKJORQ
DA:591,1,uFtBThwuhvzTMP5Bj5LTkQ
DA:592,1,BZUpSP1YE7PWukk8ovkNAA
DA:593,1,ricWgW1EhFq4FaedH745WQ
DA:594,1,W1k0oC4s6SEU0qkneWy0sw
DA:595,1,SvNThzhxB2wbJdjhnnuorg
DA:596,1,BZUpSP1YE7PWukk8ovkNAA
DA:597,1,ricWgW1EhFq4FaedH745WQ
DA:599,1,Dvmmb9e8HVq8/+J2HDIKNA
DA:600,1,+rla0Yyctv+Wr2+oGgg1UQ
DA:601,1,AqqQ64m7Uoq0iXZM0oy98A
DA:602,1,hy13axE/tsA+YxYcHdWAgw
DA:603,1,Zqte89Eyg+tTXtHPp6S4lg
DA:604,1,sOvtOfk75TbAtTgkgicGHg
DA:606,1,CKS9igrbJrE0nd+hi/4qpA
DA:607,1,uvsSLOC9ikgWBGhqm1+QhA
DA:608,1,hy13axE/tsA+YxYcHdWAgw
DA:609,1,Zqte89Eyg+tTXtHPp6S4lg
DA:610,1,sOvtOfk75TbAtTgkgicGHg
DA:611,1,LSTR7nXnK9nMto9v+yRb0g
DA:612,1,KaX4sOm1vTOMuwTA/lARHg
DA:613,1,ricWgW1EhFq4FaedH745WQ
DA:615,1,WiFVX7RoKxEzCTYeILmc4g
DA:616,1,gvGzgNchjYEvATkZaVc7aw
DA:617,1,pGRUC9Gbbplni60GynfxNQ
DA:618,1,Nt1MtXjZ1O8Wkt8HLhieZw
DA:619,1,wVcYfk+DnOWW8Euovtqoow
DA:620,1,lq9Ux+9P4gw9l+YRL/mCTw
DA:621,1,NAG1ifkzwuYQuvEAxokLKQ
DA:622,1,0SwKqdEIMz6LtcbxzAi+Og
DA:623,1,nCN9eee1XZuQUUSPIiYfhw
DA:624,1,c4ZXZdLQVbmJr0J5CYsJbw
DA:626,1,onbxljdgx75SqCimnf8zIg
DA:711,1,Lak1aelih4LUBgACZw6K1w
DA:714,1,hOmkbHCwTg9rrOhk9otgSA
DA:716,1,O8SOmoDcKui8F8RnspZ0rw
DA:720,1,tHjFSsYL+TG0k07apFcVMQ
DA:741,1,Q1Rym+4WQb+yxrVnKNUT2g
DA:742,1,7oROWyxWYhthkIrhU6iVBQ
DA:745,1,y/hF0r2TtQPgh5LvhV84bQ
DA:746,1,X3gsoB+fc0j01ddf7YK8mw
DA:747,1,xTnB4cPwhKRD46ZR5dN1NQ
DA:748,1,FMRJWUvsA76pC0Thrgu1SA
DA:749,1,gXVkmMbpw01kWin+QfcXkA
DA:750,1,EIR58MS0PnHeWrriFZmMSQ
DA:751,1,XVypqZ+zst9VDKMga/vvWg
DA:753,1,5+scc4bRwd8ZQ76MQjLPYQ
DA:754,1,+ir6wFCP+5wvwHWl5Dq1bA
DA:755,1,Uu9CUA6WKZt+DAXKpuVy/Q
DA:756,1,RaCqV7OVp3UPwGtVnaHp7w
DA:757,1,HoiqSkfbUArCFsZiNCJgYg
DA:760,1,V7fzFoTHKPSpC2jl+2kG+A
DA:761,1,IuRCiTycl10HIJRGiL7c2g
DA:762,1,Uu9CUA6WKZt+DAXKpuVy/Q
DA:763,1,RaCqV7OVp3UPwGtVnaHp7w
DA:764,1,HoiqSkfbUArCFsZiNCJgYg
DA:766,1,Wq7fCH4G9Jac2pV+adhxnw
DA:767,1,+iqIgW46VI+L+zJRpXMDvA
DA:768,1,pEWT4pmmhfFTLxhqDu+/ig
DA:770,1,+5tpJJ1wjyF7YUu7xDnnwA
DA:771,1,eagWB0i4k0VlX4gbLsz98w
DA:773,1,sMn2h1A0UQvq6vlI8+JevA
DA:774,1,Qlp0RLwf+69H/OuZr9LPyg
DA:776,1,WiFVX7RoKxEzCTYeILmc4g
DA:777,1,4LPWlc+tcoT6okYpPL130w
DA:779,1,c4ZXZdLQVbmJr0J5CYsJbw
DA:781,1,onbxljdgx75SqCimnf8zIg
DA:784,1,CSfgE1uaXLuyg+19hiq1Ew
DA:785,1,2rRUvRtMdRnVsRhpXbxsgQ
DA:786,1,y/hF0r2TtQPgh5LvhV84bQ
DA:788,1,c6CfmKiTbZqEZDCsEUOxPA
DA:796,1,X3gsoB+fc0j01ddf7YK8mw
DA:798,1,+b3Gq5uLN+3bFFgI227Hhg
DA:799,1,G2tHCmEDRbNVRsPGE3iCYA
DA:800,1,XVypqZ+zst9VDKMga/vvWg
DA:801,1,gXVkmMbpw01kWin+QfcXkA
DA:802,1,amrp4MF9LH/IBI8VlaHcRg
DA:803,1,WiFVX7RoKxEzCTYeILmc4g
DA:804,1,a5SEOXo7697F9k2qLdav9A
DA:805,1,c4ZXZdLQVbmJr0J5CYsJbw
DA:807,1,onbxljdgx75SqCimnf8zIg
DA:810,1,4si18AL3cn2EjSXsTuK9Bg
DA:811,1,93Qh7HxMB1KPe/yews5FoQ
DA:813,1,c6CfmKiTbZqEZDCsEUOxPA
DA:824,1,X3gsoB+fc0j01ddf7YK8mw
DA:825,1,+b3Gq5uLN+3bFFgI227Hhg
DA:826,1,ECGatkQB70bm0PX4y5TSIw
DA:827,1,WYEzGHr2rk0PxqY4NEwoUQ
DA:828,1,LjYUAz2e37SjzNtNPYR32Q
DA:830,1,onbxljdgx75SqCimnf8zIg
DA:833,1,KfZDKhNrqg3bK6zz9XXcMA
DA:834,1,Q/BQEYi5vF2rUSU4z+ZGPA
DA:836,1,c6CfmKiTbZqEZDCsEUOxPA
DA:840,1,X3gsoB+fc0j01ddf7YK8mw
DA:841,1,+b3Gq5uLN+3bFFgI227Hhg
DA:842,1,1EZ+39MTM97AmHD46IuDqQ
DA:843,1,phEl/wIRnpW49P5Ndz4WXQ
DA:845,1,onbxljdgx75SqCimnf8zIg
DA:848,1,+FA3J+yIBSjeZgMYpjUXVA
DA:849,1,qVUMEX0uMwbxnNN0Uvi+PA
DA:851,1,c6CfmKiTbZqEZDCsEUOxPA
DA:863,1,X3gsoB+fc0j01ddf7YK8mw
DA:864,1,+b3Gq5uLN+3bFFgI227Hhg
DA:865,1,gXVkmMbpw01kWin+QfcXkA
DA:866,1,iOsOKy5bknYQCuZnFqBkxg
DA:867,1,XVypqZ+zst9VDKMga/vvWg
DA:868,1,MpRYtyRaLqPJRuEUUnOwKQ
DA:869,1,+ir6wFCP+5wvwHWl5Dq1bA
DA:870,1,gujOXeiDoX5i996feTsHoA
DA:871,1,f7M0P3mgRCIwQkIeofO34A
DA:872,1,sNwmM5PhlkHWr0TFje0uYA
DA:873,1,d73BYt71CePK6aoy+tPFuw
DA:874,1,y1NB5+I/jLOmvBIm2wX9Aw
DA:875,1,Pa6V4/C6pLLu2QzYC3CE3A
DA:877,1,WiFVX7RoKxEzCTYeILmc4g
DA:878,1,vc+rWW19MtF4K3uyiQlnKg
DA:879,1,c4ZXZdLQVbmJr0J5CYsJbw
DA:881,1,onbxljdgx75SqCimnf8zIg
DA:884,1,lW4mj9KvZGObPYnxjyFoQw
DA:885,1,jqxns5v/ZpC1T/5Io14aRQ
DA:887,1,tyPPBTN4T495TJ/FMQeaBw
DA:890,1,c6CfmKiTbZqEZDCsEUOxPA
DA:906,1,X3gsoB+fc0j01ddf7YK8mw
DA:908,1,+b3Gq5uLN+3bFFgI227Hhg
DA:909,1,gXVkmMbpw01kWin+QfcXkA
DA:910,1,1Awji2CISdPnC34sw/NjPw
DA:911,1,XVypqZ+zst9VDKMga/vvWg
DA:913,1,5+scc4bRwd8ZQ76MQjLPYQ
DA:914,1,HCqrrL816WGgidP0uV9DUw
DA:916,1,+5tpJJ1wjyF7YUu7xDnnwA
DA:917,1,ub8Q1N6gH4yF/zsNQAsrEg
DA:919,1,hO96GgfgclCObpuVpP1HpQ
DA:920,1,0ab89h21QLnYQ2mZkLii2A
DA:922,1,eObWR/Aca8/c6MrZkHFWBA
DA:923,1,QTiCiYNU0DB0K2nFQpf/BA
DA:924,1,WiFVX7RoKxEzCTYeILmc4g
DA:927,1,c4ZXZdLQVbmJr0J5CYsJbw
DA:929,1,onbxljdgx75SqCimnf8zIg
DA:932,1,tGwxmzhQk6V2xsVSwGtY1g
DA:933,1,HsM+4Kpoi445l/XfS4SenQ
DA:935,1,G3QNe0gg0EaJ3NdL6hwgng
DA:937,1,+kXwFVHmqEmhnJzNZtXhgQ
DA:938,1,LdXZgC9nidaDD53EtIqHWA
DA:939,1,e8u8JuPxe9Fpj2a6L3qGwA
DA:940,1,roBHoGKi/k8UtbbN6gLQOg
DA:945,1,qztQTAYJ5dK+ARtxjXsdhA
DA:946,1,c6CfmKiTbZqEZDCsEUOxPA
DA:950,1,X3gsoB+fc0j01ddf7YK8mw
DA:952,1,POQ3kCOsAu+R9wszJxQesQ
DA:953,1,1NBUQVj/rcwn6fLaqhv+Bw
DA:954,1,gXVkmMbpw01kWin+QfcXkA
DA:955,1,CI9XwYqS7IhCxPJoPiVUQA
DA:956,1,LjYUAz2e37SjzNtNPYR32Q
DA:958,1,onbxljdgx75SqCimnf8zIg
DA:961,1,cZfhkhaazDgVGLbqxaixWA
DA:962,1,c6CfmKiTbZqEZDCsEUOxPA
DA:969,1,X3gsoB+fc0j01ddf7YK8mw
DA:971,1,POQ3kCOsAu+R9wszJxQesQ
DA:972,1,qiJ06YPcjMiK61vkzc0iVQ
DA:973,1,gXVkmMbpw01kWin+QfcXkA
DA:974,1,BYGPfY+gKg5E0NehcFAOew
DA:975,1,LjYUAz2e37SjzNtNPYR32Q
DA:977,1,onbxljdgx75SqCimnf8zIg
DA:980,1,+bJk8a2x+mwnaVmI3wLUxQ
DA:981,1,m83koelnwGZifDnUqKEbFA
DA:982,1,tyPPBTN4T495TJ/FMQeaBw
DA:983,1,c6CfmKiTbZqEZDCsEUOxPA
DA:990,1,X3gsoB+fc0j01ddf7YK8mw
DA:992,1,POQ3kCOsAu+R9wszJxQesQ
DA:993,1,PaE4HZfTCdWftn5Ecce1XA
DA:994,1,TOvv3cCXrMpIzsFqaQTevQ
DA:995,1,5+scc4bRwd8ZQ76MQjLPYQ
DA:996,1,+ir6wFCP+5wvwHWl5Dq1bA
DA:998,1,MRRaCNS+v74Zke806zjg7g
DA:999,1,LjYUAz2e37SjzNtNPYR32Q
DA:1001,1,onbxljdgx75SqCimnf8zIg
DA:1004,1,UvxUnkoZg0hN0x8qlOxS5Q
DA:1005,1,X3gsoB+fc0j01ddf7YK8mw
DA:1008,1,c6CfmKiTbZqEZDCsEUOxPA
DA:1016,1,POQ3kCOsAu+R9wszJxQesQ
DA:1017,1,vDk2kkhwyApSpj35VMhf3w
DA:1018,1,gXVkmMbpw01kWin+QfcXkA
DA:1019,1,Lo3NIIXwkuvPtSWB5pSdlA
DA:1020,1,hjmatYOLBJIYG1LvoEsqug
DA:1021,1,NUsEBhAhWWEcNfHjFZvxPw
DA:1022,1,c4ZXZdLQVbmJr0J5CYsJbw
DA:1024,1,onbxljdgx75SqCimnf8zIg
DA:1027,1,FxWqOKBb6WsQOJ14+hEsog
DA:1028,1,X3gsoB+fc0j01ddf7YK8mw
DA:1031,1,c6CfmKiTbZqEZDCsEUOxPA
DA:1058,1,BV1chfQEDjaoo4UgBQoArg
DA:1059,1,3x9LB8zUatdygbG1SfOnEA
DA:1060,1,gXVkmMbpw01kWin+QfcXkA
DA:1061,1,Lo3NIIXwkuvPtSWB5pSdlA
DA:1062,1,gw3XWyOv5snR6bVJgd5CCQ
DA:1064,1,onbxljdgx75SqCimnf8zIg
DA:1067,1,B44UgE15P8Ygh3THHvyxOQ
DA:1068,1,bCUBekS7cJQN4lEyeEVdJw
DA:1069,1,X3gsoB+fc0j01ddf7YK8mw
DA:1071,1,BH5IshZH0S30YZfItIipWQ
DA:1072,1,mo8jJiozsag4B50wJOSEYA
DA:1073,1,gpQY5fgD2wvzgarE0kKyEA
DA:1075,1,67ON9/z04568Aqw8qmWKzw
DA:1080,1,Oc8QOr3NkjG9i4E2sK0Ewg
DA:1081,1,6ak8dgupYuEtxTOn9PQMog
DA:1082,1,H3XIm5WvvIf1Dvj3GSxoWA
DA:1083,1,54lvLFEdZvarjW4VIzbDkg
DA:1085,1,onbxljdgx75SqCimnf8zIg
DA:1088,1,NhPOPKYGfrlJFYz3jWwzfg
DA:1089,1,bCUBekS7cJQN4lEyeEVdJw
DA:1090,1,X3gsoB+fc0j01ddf7YK8mw
DA:1092,1,BH5IshZH0S30YZfItIipWQ
DA:1093,1,mo8jJiozsag4B50wJOSEYA
DA:1094,1,dN//EeaS2IP463pxgyv97A
DA:1095,1,x+UzPcQflUksJ1ecJOP9aw
DA:1096,1,2Y9DKQCK9fGb4o0a0dp9ow
DA:1097,1,cTlXrLiy1To5W3FFOIS0PQ
DA:1098,1,8RQCanJHIBl8eBK1IMDzQA
DA:1099,1,L2PAb5IIjkR8qxm7NPzjJA
DA:1100,1,DGWLDVYyD+ZKnRYexQWlnA
DA:1105,1,vsTSfYWjrWePR5rpJx0o5Q
DA:1106,1,/07yAHbuZ3063FYJodFBxg
DA:1108,1,onbxljdgx75SqCimnf8zIg
DA:1111,1,IaCveN1bcB9eei5VzYVGFA
DA:1112,1,MinVK3JXums/CGAVYmrd1A
DA:1113,1,X3gsoB+fc0j01ddf7YK8mw
DA:1115,1,C2PY+1vmPEKpalC/zg8Faw
DA:1116,1,2mninA42WFq0F1W8sLJH4A
DA:1117,1,7E9NoSq5bim+k0PLWWxnTg
DA:1118,1,S0EEvWVgT7/VoQfYGvIo3w
DA:1119,1,juQldQAGxccRVLxFtuHM8g
DA:1121,1,H3X3rumbomDXB/0bIVRgjQ
DA:1122,1,1fxYWYH0pIBbQcdKssiXYg
DA:1123,1,V16WALuK50tk4qy7vUGPTA
DA:1124,1,qrycBacOvUMNxGCmaMkouA
DA:1125,1,Mo/1TCVJ84sypi48q3RoLg
DA:1126,1,97vMyBH27F+Q3x+irAbWxQ
DA:1127,1,vncY9I/fJbkTI9VViJxhrQ
DA:1128,1,JLDav0+8h03e1Tfs+9fOeA
DA:1129,1,IZ04u73ob/vybV0L6d9umw
DA:1130,1,gdl9l9OVcBMxuJVRvyChog
DA:1131,1,6hqduMXwOXMYOJSze334bQ
DA:1132,1,0K3r7vHpP7upHOkbhZh47g
DA:1133,1,yOgSeZidvvJcF350yF6+7Q
DA:1134,1,y3je+cFf9e4XTBLrVo71aA
DA:1136,1,onbxljdgx75SqCimnf8zIg
DA:1139,1,1sc+uoy1u99mxtbXlbuHdg
DA:1140,1,MinVK3JXums/CGAVYmrd1A
DA:1141,1,X3gsoB+fc0j01ddf7YK8mw
DA:1143,1,sLdVhistQQ5jNXdHMWW8aw
DA:1144,1,7HrlsUlbAji/1sDVGsx+2g
DA:1145,1,CU+TzVYv3eOYPSNNAjiKXA
DA:1146,1,xGQDKbNpiTplBnSzzWe5Bg
DA:1147,1,D1YaKndlBtOElR8zWsCtGw
DA:1148,1,T5OBuZw62p/t99AoPmdryg
DA:1150,1,onbxljdgx75SqCimnf8zIg
DA:1153,1,pzFg3esDMoGelaeCxS7ULQ
DA:1154,1,X3gsoB+fc0j01ddf7YK8mw
DA:1155,1,hEqCxwl9rOiFqST7ksRkrg
DA:1156,1,Wv7e5Gsg8Bsk347Htwc6iw
DA:1157,1,3XFZAreXyk3BA40HYvntiQ
DA:1158,1,sOvtOfk75TbAtTgkgicGHg
DA:1159,1,ZYbmgb6Tzp5odtD3JHMcvA
DA:1160,1,Zj1s3qJvfP6xhqp38G3xww
DA:1161,1,80J/0NFoDBjR1o10XgIVxA
DA:1162,1,a9DaZFjtAddII72LCVRWdQ
DA:1163,1,onbxljdgx75SqCimnf8zIg
DA:1166,1,+f41BV0+b3ZGpJMNf3dvJw
DA:1167,1,waBYJ52XFV8EIdl+9glZJQ
DA:1168,1,7Z4w6lLuumUM1KBVzid5Rw
DA:1169,1,6ZuQM5HQ4qJMxoRTNabqzQ
DA:1171,1,rsAzwmoQAdJI/csdCXoy4w
DA:1172,1,nP9dRep5druhZEz4+Mz7Yg
DA:1173,1,Kifp9+fUlytHiLtgHYXtuw
DA:1181,1,+ybVxq+nuDUiHgCadEYlVw
DA:1182,1,g6dUcr4xamxx2VJaEhLT2g
DA:1183,1,7BMGCQqNX6NiAuATEmlyuw
DA:1185,1,yjWvVEdMAZnCND1VsT1vfQ
DA:1186,1,X3gsoB+fc0j01ddf7YK8mw
DA:1188,1,2HH8izrrxt9TmQyWDGD6ZQ
DA:1189,1,/Y08acS3FGHGOs6x4G4NcQ
DA:1190,1,y2olVHbqS/tfmLBE49tW7A
DA:1191,1,2dXV5CIbAgcgCytVs9r1EA
DA:1192,1,6Drjiour+uevRjpai/wLTg
DA:1193,1,9UQ3YYxktV/WON/aL2ru3Q
DA:1195,1,HU4KptwTwS5pFh2E/Uxk6w
DA:1196,1,lb0h04TZWTVdfzRzrIGXZg
DA:1197,1,fSf4dgfcP/dRoniDK5/KuQ
DA:1198,1,bzEG4u3oJ6q4LlCg10JnuQ
DA:1199,1,PpDlkOltDFSwK04jS1wxiw
DA:1201,1,onbxljdgx75SqCimnf8zIg
DA:1204,1,eFgcpbddqjxEf2hGeG2nYA
DA:1205,1,XhxLlVyHBiamlTDd6FdA+Q
DA:1206,1,7BMGCQqNX6NiAuATEmlyuw
DA:1208,1,yjWvVEdMAZnCND1VsT1vfQ
DA:1209,1,mRlLEIhN2QOqUSZcD1abBA
DA:1210,1,X3gsoB+fc0j01ddf7YK8mw
DA:1212,1,+SlKoLZspSvq609BJ5b1rw
DA:1213,1,GZrLRpjHteQ+WBZaRcgwmg
DA:1214,1,X3pXptstDUerpw9YuMFQJA
DA:1215,1,/RY1dYNt5VBaMI12GsrWgg
DA:1216,1,1YmRvQrTeCdA0c/9R7ST8w
DA:1217,1,uvXErbjqSqXBRdEkUKMseQ
DA:1219,1,MCRh3PStitAkQSQCtWE6Sg
DA:1220,1,BoWoJyKpYkr3AzcCk2TZVg
DA:1222,1,eSg6g40K6f18HJHwUKHvMw
DA:1223,1,J7CCE/KMwJXrHk9vQv//SQ
DA:1224,1,kKwBmqR6QWY+yD8+DU9JDw
DA:1225,1,mn0uG007B5BP7GR2t2gDZw
DA:1226,1,8V7iuRj9Zo+u1hTuLoEcbg
DA:1228,1,61bFe5E5FSZ02mgXCt6tKA
DA:1229,1,BUnFQU9QBE3saXdI+11DOg
DA:1230,1,fSf4dgfcP/dRoniDK5/KuQ
DA:1231,1,FFryWzisDBr7V0NOBRq2UA
DA:1232,1,pn2uUS6QFnoSx7hIhz3+TA
DA:1234,1,onbxljdgx75SqCimnf8zIg
DA:1237,1,qZGj3FhNK4ZSxHQfANj/8Q
DA:1238,1,DugNdYbP5fi2g3uWI6YtUA
DA:1239,1,X3gsoB+fc0j01ddf7YK8mw
DA:1242,1,tThwlYf8Aw9NWMxwRdOKCg
DA:1245,1,VUwFR+FkayvWrtc/JHkPTQ
DA:1246,1,FINYjKVKRHSme156PiiuSQ
DA:1247,1,LUa9Xc2ICXOB8Qu8MGYw1w
DA:1248,1,b/zHI8n9SLIzQjdVrTDsow
DA:1249,1,ImJpLkJJzSRocTCZer6lJw
DA:1251,1,c6CfmKiTbZqEZDCsEUOxPA
DA:1260,1,GiNI6rwExQU7a0D0w3ZFlA
DA:1261,1,p2bYw7F7XCBkg/I58CtfYg
DA:1262,1,iGRly+T6kvGkhZThJqlk9g
DA:1263,1,ndaq5qziHbMH50u7T0HbqA
DA:1264,1,qIiFqRwRmVJ5lGoLgRODYw
DA:1265,1,LjYUAz2e37SjzNtNPYR32Q
DA:1267,1,onbxljdgx75SqCimnf8zIg
DA:1270,1,kSkyOTlXgecvZ5QHVMExmA
DA:1272,1,vAZWAgRVmMipSUjtxrVVQw
DA:1292,1,X3gsoB+fc0j01ddf7YK8mw
DA:1294,1,IbhO0bX0SduBEl5+lpHsEA
DA:1295,1,E84ptqC1KtvW/VHjkavr+g
DA:1296,1,gXVkmMbpw01kWin+QfcXkA
DA:1298,1,5+scc4bRwd8ZQ76MQjLPYQ
DA:1299,1,+ir6wFCP+5wvwHWl5Dq1bA
DA:1301,1,+5tpJJ1wjyF7YUu7xDnnwA
DA:1302,1,2sCIZMaMCU8naoRogeaXAQ
DA:1303,1,iEE24ZiSOwg9n9DDZrBY2A
DA:1304,1,QW9lUygPTqJGqYg1/BKzww
DA:1305,1,HRmYgrUgQRrlHMAQ7gWdXQ
DA:1306,1,w+McNw3XZmJcu3tCzaY+pA
DA:1307,1,N56nfMnt4n/BWJrPF5IZ4w
DA:1308,1,HRmYgrUgQRrlHMAQ7gWdXQ
DA:1310,1,2bK61VKpUMr3EKezY3QEDA
DA:1311,1,CxQM1qA7a42oF0+G00G50g
DA:1313,1,iunCJjRzCzoZMtnRmzo20A
DA:1314,1,/AntH7U1/fSLQHr+PbT7BA
DA:1316,1,uRhSzqXthNgrfHirUFQlEg
DA:1319,1,Yuli1zb/jpTZgWOKYUAjIQ
DA:1320,1,YiwGfjv464Sku8iFj7S4KA
DA:1323,1,wEISOEPIVBYxPpFXWhnPQA
DA:1324,1,PXW9US61uN3HH4OWgYUbqg
DA:1325,1,WiFVX7RoKxEzCTYeILmc4g
DA:1326,1,c4ZXZdLQVbmJr0J5CYsJbw
DA:1328,1,onbxljdgx75SqCimnf8zIg
DA:1331,1,sf8YTu/9lx2yYA776WO45g
DA:1332,1,3zrdmlKMn6YiajekKHAURg
DA:1335,1,SKUjzyYmpSIuY6Uc+5BIyw
DA:1336,1,NL/96cqueqnalwVG2sJ6mw
DA:1337,1,/9yMAQLRFPi0HxHW/IMRWA
DA:1340,1,bo3Qr/r0Eh4X3QUY+JS6ZQ
DA:1341,1,X6E+VqtxW5sJkeUQNa0uxw
DA:1342,1,t1yTd8PlGCkxh6fFcQ5FbA
DA:1344,1,X3gsoB+fc0j01ddf7YK8mw
DA:1345,1,FINYjKVKRHSme156PiiuSQ
DA:1346,1,TbLUuZxsTVFQ2cXSUpUyrw
DA:1349,1,AAzJvI2cNmdvL1wmpj1SPQ
DA:1350,1,X3onG965GpMsyLNT5kQmtA
DA:1351,1,TfGOW06OP2j33+qKIdM2Uw
DA:1352,1,Rr9qwPwcoV2qPqQP/D8g9w
DA:1354,1,sCvXpMbLVG5czixIbIRfFQ
DA:1355,1,eKd7JTDGTWyeAZvluRrKXQ
DA:1356,1,yZcihGZkNKJ4uRq8ZoA7gQ
DA:1357,1,uSOArfXuw70H4WWqkt4tdA
DA:1358,1,J0TXw4OEeEqvxiAVgnottQ
DA:1359,1,tYnANUiFUBRzrlrhqb/Tdw
DA:1360,1,kYHCR2BMrGDWSvCXeebd9Q
DA:1361,1,NiFDJCZGSarNIlM05h5zSw
DA:1363,1,BzQhnPgOcHnlxBDfT8veDg
DA:1364,1,pxCKUHoN4KdqcfBBembFNA
DA:1367,1,p/RCZbXzQ9bc+h3TEykY+A
DA:1370,1,j7sQtdXJ90NYNpqxhVYqew
DA:1371,1,9qPu4adOJ0+SKtXhbntZAg
DA:1372,1,39zdaIBit6CoyKA0/p9ysQ
DA:1373,1,6CD/+blYFB27yFS+Xhjm9A
DA:1374,1,YjBJG1gcca/oRJztHkqQdg
DA:1375,1,7fYrR37QdffC7E0RBQe0UA
DA:1376,1,MxH6/g3Ud2AqrjU7zLKX8g
DA:1378,1,MY0b+ELqMHevLsWYM4pXcw
DA:1379,1,7OZ0GwtcUrTD2R+9SZlUmw
DA:1380,1,d3S1sWy31/a/yLJnR+wssA
DA:1381,1,VJfSK1nqjVKF39PxcITnhQ
DA:1382,1,ykBLDxHuPXUr/M7Tgv5W/A
DA:1383,1,onbxljdgx75SqCimnf8zIg
DA:1386,1,SjrtJ4SiI6/sMN+U3LB4fg
DA:1387,1,m93639U7zZNajfdajT4M4A
DA:1390,1,c6CfmKiTbZqEZDCsEUOxPA
DA:1400,1,X3gsoB+fc0j01ddf7YK8mw
DA:1402,1,+b3Gq5uLN+3bFFgI227Hhg
DA:1403,1,p6ExNQJi3fC/uXIp4vR3yg
DA:1404,1,XVypqZ+zst9VDKMga/vvWg
DA:1405,1,gXVkmMbpw01kWin+QfcXkA
DA:1406,1,5+scc4bRwd8ZQ76MQjLPYQ
DA:1407,1,+ir6wFCP+5wvwHWl5Dq1bA
DA:1408,1,V7fzFoTHKPSpC2jl+2kG+A
DA:1409,1,IuRCiTycl10HIJRGiL7c2g
DA:1410,1,WiFVX7RoKxEzCTYeILmc4g
DA:1411,1,BfF7CGDKcgnIyLM7xt4vyA
DA:1412,1,c4ZXZdLQVbmJr0J5CYsJbw
DA:1414,1,onbxljdgx75SqCimnf8zIg
DA:1417,1,hVA+KXnVXVusLuSSVRTVRQ
DA:1418,1,9S7gW/v9XVPkzgCludQ2sw
DA:1420,1,tyPPBTN4T495TJ/FMQeaBw
DA:1423,1,c6CfmKiTbZqEZDCsEUOxPA
DA:1435,1,X3gsoB+fc0j01ddf7YK8mw
DA:1437,1,+b3Gq5uLN+3bFFgI227Hhg
DA:1438,1,oKod+JH0/klhoByAcdYSEA
DA:1439,1,gXVkmMbpw01kWin+QfcXkA
DA:1440,1,XVypqZ+zst9VDKMga/vvWg
DA:1441,1,5+scc4bRwd8ZQ76MQjLPYQ
DA:1442,1,+ir6wFCP+5wvwHWl5Dq1bA
DA:1444,1,ISEYca6J0UZI/1cgFbUmcg
DA:1447,1,WiFVX7RoKxEzCTYeILmc4g
DA:1448,1,oQmTpAWkxNg7FR90nSling
DA:1449,1,c4ZXZdLQVbmJr0J5CYsJbw
DA:1451,1,onbxljdgx75SqCimnf8zIg
DA:1454,1,3AyiDCbQigAHI95q6L9tGQ
DA:1455,1,4CBcVlv7f0ySAd96DrQMWw
DA:1458,1,c6CfmKiTbZqEZDCsEUOxPA
DA:1468,1,X3gsoB+fc0j01ddf7YK8mw
DA:1470,1,I6E65nfi3p/Fy2FDtS4uyw
DA:1471,1,cRrrS007gJXJzI29dyD8zw
DA:1472,1,HToxlz9HDCt+RlwGOFCwUg
DA:1473,1,p6/3ahOIP/Gihva5Gh/0mA
DA:1474,1,sfqWm8jazbeNakut/QHpOQ
DA:1475,1,qya/G6wWz9KLINuk8OnaVw
DA:1477,1,ed0eD1ZfhSwQrh9Vr/2J7Q
DA:1478,1,8ugP8S5mJ4QzDQhGW3PKZw
DA:1481,1,OpyZ8YUJ1L87zO7gKzGK7Q
DA:1482,1,LjYUAz2e37SjzNtNPYR32Q
DA:1484,1,onbxljdgx75SqCimnf8zIg
DA:1488,1,PQ3lUqS/jotSsDf/eLvgQw
DA:1489,1,qkJQ8smTjHESxQGNGrTUkQ
DA:1490,1,i11iyDxbUJCicK3vEts4Yw
DA:1491,1,7zwKgjVHoNwBnJR33BK01Q
DA:1492,1,3u2MI9/H+C0gJsBGRnN1cA
DA:1493,1,+Mao7vWgFaTYMCvcBIk0rA
DA:1494,1,ojtDCzhMOrWiQuBGrtjzJw
DA:1495,1,Uo+gYrTgWyQH5XGxI6Y5QA
DA:1498,1,hm8eoPLwZLXDbiDzVGYQew
DA:1499,1,GOM1SuJLq8YmOxW+hVjTPA
DA:1500,1,yoAlS5IBsdIjCDKAebxlMQ
DA:1501,1,qGRrpsdEaklpbetp2+1BsA
DA:1502,1,YEIllWiC6S6mmD9GGTP1fw
DA:1503,1,zbw9DApqmW+fwv6d1QrXOw
DA:1507,1,ZxZ1a1KM9anlITEXOH+LMw
DA:1508,1,lTSvhey7epXlO3cu249tAw
DA:1509,1,93E7Cegcsm+pXlHt/x0iUQ
DA:1510,1,XS5eskB15198xavvNp3BPA
DA:1511,1,AV/0OM0x+Dx0YADyC9wrbg
DA:1512,1,zbvrbBTw3IKXSFpWBPzJhw
DA:1516,1,0d271CzUFI8idgwg38Z5+w
DA:1517,1,cFEKOLC7uCBceLcCmtrhwg
DA:1518,1,x3SRYWfvxBH5f1ul4gU8uA
DA:1519,1,X3gsoB+fc0j01ddf7YK8mw
DA:1520,1,7DAlifcxDpdcarzvDTBrTA
DA:1521,1,Yd+twFsVnFtRgEpwu92ntA
DA:1522,1,5a5j+UpywWcURB549AQIxA
DA:1523,1,HVjW2/25dnZUnTrugwPgnA
DA:1524,1,+kOX3FfjEZZ5GnDb6GSROA
DA:1525,1,yTOrEBhtcU3twwOVYlBZ5g
DA:1526,1,5a5j+UpywWcURB549AQIxA
DA:1527,1,HVjW2/25dnZUnTrugwPgnA
DA:1528,1,ODm5bRNjblEG3MwUV6AOPw
DA:1529,1,jj47QFh9V7NEaQrksPUhXQ
DA:1530,1,E3C9ApsoDm8/XjUWFNsf6A
DA:1531,1,hRLr6S8NYionp5nBLw0D3w
DA:1533,1,sOvtOfk75TbAtTgkgicGHg
DA:1534,1,sfqWm8jazbeNakut/QHpOQ
DA:1535,1,LjYUAz2e37SjzNtNPYR32Q
DA:1536,1,onbxljdgx75SqCimnf8zIg
DA:1539,1,HLHaBaBd8INAfIuGuoT8yw
DA:1540,1,cW4AhaV6gi205rTZGuJwmQ
DA:1541,1,8fVGiYOGOgNcsdlpZtD/dw
DA:1542,1,HmjzC1iFrv3URtwx5zfZ1g
DA:1543,1,g6uSuhOm32Za0GZa7Sm92A
DA:1544,1,7zwKgjVHoNwBnJR33BK01Q
DA:1545,1,BH5IshZH0S30YZfItIipWQ
DA:1546,1,YaZ7YAiBi0iInSymNjWf0A
DA:1547,1,pZeJWGuXja9/gVBmtr0ryQ
DA:1548,1,tt8MWNQy/BUVG4i0EtzNeg
DA:1549,1,sOvtOfk75TbAtTgkgicGHg
DA:1550,1,P4fN1uBbFms/rYYA3kN1Ew
DA:1551,1,FGFgt7eGLz7QkLSINaetiw
DA:1552,1,7a6iEiO6Zzu8yfez5LxOyQ
DA:1553,1,67ON9/z04568Aqw8qmWKzw
DA:1558,1,sOvtOfk75TbAtTgkgicGHg
DA:1559,1,ah22ekPzZu/XZztYFeqaJw
DA:1560,1,WAuHj9h+W1AEKl0r2JP5SQ
DA:1561,1,6M/j2CaJgXsIkpj82aVogg
DA:1562,1,1VsQ4BNYZxtrlzTW3EvNtA
DA:1563,1,GuXz/qokN7tcAJee5/ArdQ
DA:1564,1,2QmNrsz/1H/2Bd+bNhCniQ
DA:1565,1,Uo+gYrTgWyQH5XGxI6Y5QA
DA:1568,1,H/mvXzFKrHuPEK3Y4dPK+Q
DA:1569,1,WdU0QmbFfByCACzRS/BMow
DA:1570,1,7zwKgjVHoNwBnJR33BK01Q
DA:1571,1,oS9cv7IFUWMlKBPbzZQRFA
DA:1572,1,hEqCxwl9rOiFqST7ksRkrg
DA:1573,1,qOsh2IUDjmn+jYybR3Ai1g
DA:1574,1,sOvtOfk75TbAtTgkgicGHg
DA:1575,1,5W7Zi+M/ayPjAujdguKsjQ
DA:1576,1,3QEkl+NK2FEKPvAhPCnuNA
DA:1577,1,8Ikz+BCAKBJ0ejytAh1V0w
DA:1578,1,Uo+gYrTgWyQH5XGxI6Y5QA
DA:1581,1,ecAkeTWXeJeBsJVQWHVgoA
DA:1582,1,t47GM1s7Qht6TvCX5C96/w
DA:1583,1,QN6JUqucmL79kAvNswSPvg
DA:1586,1,q9xIkMA/pK1+JRIY7pSPdA
DA:1587,1,LNCAXMfmaytJVPX+l7c6nw
DA:1588,1,Cz0CydEeRM8vcJAwd/GnUg
DA:1589,1,7zwKgjVHoNwBnJR33BK01Q
DA:1590,1,qoocHE7LH/2lx56pLJFYaA
DA:1591,1,sdB4cN/9fjxwBcSdIsu1ag
DA:1592,1,hFnzWGYkSQhXboaiATpcHQ
DA:1593,1,pkI0zQbUVqopZWvY/ukGoQ
DA:1594,1,Uo+gYrTgWyQH5XGxI6Y5QA
DA:1597,1,IxlCjVo3cfSXdQSvxK4PLA
DA:1598,1,7Dk7Yxgns5qPY+Ghj7IKwg
DA:1599,1,7zwKgjVHoNwBnJR33BK01Q
DA:1600,1,dVa0hvOh0lPcBzoVVaqY4Q
DA:1601,1,bzF0UMPiuDL0ny0Wh5rrsQ
DA:1602,1,yl//fBoCvlOU0pE9HZgUrw
DA:1603,1,mUqwxQPmapsE+gcbVCrgUg
DA:1604,1,8NhnIJY4fnnx2wELNTR18Q
DA:1605,1,tqipMsHIAabOJ0vi6yVuUw
DA:1606,1,CvE5WfIULRri2GBdu72xIQ
DA:1607,1,nVCx5fziTgmySDFlvOtjaA
DA:1608,1,MCd+jIm4qyf8gdkeBES9Mg
DA:1609,1,bQeW2YIUU95GnuWwcMtTRQ
DA:1610,1,srZLgLN+qAf8xA2cBqAMgw
DA:1611,1,uyi6tZ0wg4XOTLvGAsHEpQ
DA:1612,1,kRmcNz3eA6DaZQjge6Qh1w
DA:1613,1,yaV63/SV80627fZDa/NDqQ
DA:1614,1,Z3xcCwY9PvjTItjUNz9hIQ
DA:1615,1,AAHGdSpVvsbGFQK2F7JkdQ
DA:1616,1,PAtmfvDWl2gHwzRp4afyYQ
DA:1617,1,1T+4d6FCb4jIHIs6NFxBmg
DA:1618,1,CuVweUYZC98NWgx5NNf71g
DA:1619,1,Uo+gYrTgWyQH5XGxI6Y5QA
DA:1622,1,YKAJSwJd9CBhtNqoxyvrlw
DA:1623,1,bCUBekS7cJQN4lEyeEVdJw
DA:1624,1,VYGjkRV2zjG13GrVWvFcDQ
DA:1637,1,VtsiBb7hVD4AtVfL2KPziw
DA:1640,1,4+BZVGd1NlhkABtUzGJM9g
DA:1642,1,EymRUd0ygLFxVLZ8LmrTJA
DA:1644,1,t0ygrABCGSxzSJcqSAzjag
DA:1646,1,dFrX1rSwnHxBigG4VBF+7A
DA:1648,1,WgUqqeYzZcmVTthJ770Yaw
DA:1649,1,KlrgQoAuZaq2T+Sf7CS8tA
DA:1651,1,oHAr+feGv3ojO2x1Gh4YLQ
DA:1652,1,bR0HaE8m3ItmUWQnR5MDqA
DA:1654,1,4HmE4sEULV6wO33CMESo2w
DA:1655,1,agLn8VBY/yniExfylCYOzw
DA:1658,1,ij/DbIfvi05qHYm8KGeXpg
DA:1659,1,OOIk1M8OsFVi1JgYgqc74w
DA:1660,1,S88XqJXKVqNQucJ1gKBJAQ
DA:1663,1,FfoiJAxPjrdzQWwgXCIKJA
DA:1664,1,OOIk1M8OsFVi1JgYgqc74w
DA:1665,1,ZG8sCcEOOhJJicUgMrL1WQ
DA:1666,1,eJ6zrxnLWn/k18a2vHOhRA
DA:1667,1,+pNbfy9o+cr8r1Caa0Dl7A
DA:1670,1,Fszl7RV/Lgam2oaGCttKWg
DA:1671,1,OOIk1M8OsFVi1JgYgqc74w
DA:1672,1,782F5NAMwNHNL5wQ5a/CjQ
DA:1675,1,eJ6zrxnLWn/k18a2vHOhRA
DA:1676,1,+pNbfy9o+cr8r1Caa0Dl7A
DA:1679,1,8WztZdbiPgP/+X5wB0KcrQ
DA:1680,1,OOIk1M8OsFVi1JgYgqc74w
DA:1681,1,dH17z8umqkZOaO0Gj3/vJA
DA:1682,1,eJ6zrxnLWn/k18a2vHOhRA
DA:1683,1,+pNbfy9o+cr8r1Caa0Dl7A
DA:1686,1,GiB+XhW0Bvui83wm2FbaPQ
DA:1687,1,9L8mobXKPkqh0iJUxWjgRQ
DA:1688,1,OOIk1M8OsFVi1JgYgqc74w
DA:1689,1,SDs4u4ZNRoxN5YnS2E6kEw
DA:1690,1,a/B8XMJkjqMQAtNr3cde6w
DA:1691,1,Shz0LPo9OyEK0mjnD/tnKw
DA:1692,1,ohz0wWEqof0tBERDKrQRIA
DA:1693,1,Op1G7xGLhST7hf4Pws316w
DA:1694,1,7OaoyLBfy+QwwoppVqYZCg
DA:1695,1,IiGBxlH56ujuz0C2ZKxvTA
DA:1696,1,BJBlZsSWstphiTlZImt1kA
DA:1699,1,GYDeWZvNGbP8a1Y47/vMXg
DA:1700,1,9L8mobXKPkqh0iJUxWjgRQ
DA:1701,1,ADmdGJECsHQyH7psdzlXHw
DA:1702,1,4aRij/y+6LNbMZwHm8HmUg
DA:1703,1,BJBlZsSWstphiTlZImt1kA
DA:1706,1,IPj3QPj55CyWl+x//oiijQ
DA:1707,1,9L8mobXKPkqh0iJUxWjgRQ
DA:1708,1,ADmdGJECsHQyH7psdzlXHw
DA:1709,1,2OagEvQCVSmzcDFxwyyh3w
DA:1710,1,BJBlZsSWstphiTlZImt1kA
DA:1713,1,5Owbwf5vKSKd6/crAWnTrg
DA:1714,1,X3gsoB+fc0j01ddf7YK8mw
DA:1715,1,OOIk1M8OsFVi1JgYgqc74w
DA:1717,1,xpzX31TP4dT+AXh9Sdc0PA
DA:1718,1,pK0jV33y1bFIxxv/s/FoEw
DA:1719,1,S0EEvWVgT7/VoQfYGvIo3w
DA:1720,1,mjuGmmsDQdhepMSNhbtE8A
DA:1721,1,uMLSlpui0NLjkakoj/164A
DA:1726,1,afZUxhUCCIJo5ASjMZR08g
DA:1727,1,juQldQAGxccRVLxFtuHM8g
DA:1730,1,dPM+Sz1hcKkWwjmbauTfFw
DA:1731,1,QcgZGgTBSlZXJ6bN1UKDqQ
DA:1732,1,dqr8GVKisBtXHlSRFF1+BQ
DA:1733,1,dtsiRfwzhvRkSpOmU6cZEg
DA:1734,1,1BkTGY8ANaxF9lLszhVEHA
DA:1737,1,jzFP2F+MhrJNHs5God7htw
DA:1738,1,6k183A1pKu8vFAy1gQMfvg
DA:1739,1,pjzB3mvXmf6qcYGFr11l0g
DA:1740,1,BOiSLr84fpqM5/CR8A8M/g
DA:1741,1,r5PrGASe2yvdcKVAh7OhJg
DA:1742,1,X0TBVK+6ehysno9c3MyWXA
DA:1743,1,+vwzGrFuNaF+zUfeu9KM6g
DA:1744,1,IwCoA5RXskyg9vQ5L/lceQ
DA:1745,1,cBG3kF1PwYNNmOJPjgavIg
DA:1749,1,onbxljdgx75SqCimnf8zIg
DA:1752,1,pfeJKp/qi8fClfJBhWF7Gw
DA:1753,1,b5XE7+ZzX16KMwl5yWx91w
DA:1755,1,B/Fo9U4/nMeRNS1JjGZVyQ
DA:1756,1,bQ3Vxjw8VAL7K8cz0IfgBg
DA:1761,1,aYt+HYPmesjAQyJkBneVzA
DA:1763,1,B/Fo9U4/nMeRNS1JjGZVyQ
DA:1764,1,fpTu8zRtt8CFJsnSGI4uFg
DA:1765,1,sk6xs5tJ6zBF/BnfgxfnUQ
DA:1766,1,F1skA1oh89o6B6YKRHz0GA
DA:1767,1,1gs0lu1q/RhL5AkWUf3vug
DA:1768,1,4NJUybqLqmhWCuCR6CCDig
DA:1769,1,p2+PjFUmdPnULmttHeC0YQ
DA:1770,1,bLSKjItsuh1E3y2zjDtOyQ
DA:1771,1,nrJCFgDdsUeVfgdS26n0oA
DA:1774,1,f18zoj0G9lcjVPIB6ixqcg
DA:1777,1,eJId0AK/nzVTtAcvyLwMkg
DA:1779,1,texvSMGXfy847E8hLXGkng
DA:1781,1,ZpxJi9LC+05paisqipnlNg
DA:1782,1,J3m3vqDr3e8dl+Uv9yRhsw
DA:1785,1,ZTVDLcDM1pFZcpTiJwK7PA
DA:1786,1,5XJA+i+xN5ij1mo0wXSkxA
DA:1788,1,X3gsoB+fc0j01ddf7YK8mw
DA:1791,1,y1ByraHOEketjfDUCLSDVQ
DA:1792,1,eK66XTsyBVKgLdRwvdMGww
DA:1793,1,8LMm1T0n1YSY8PIb5jrnvg
DA:1795,1,RwMnyegpf3cpCrPzJVBL+Q
DA:1796,1,ZR7a6TnE8Yt0ZWG0uvEmeg
DA:1797,1,SyK3vjBVcd+Q0LEYgxFXgQ
DA:1799,1,nTvzATsGvQsi9eZ2cE9wcA
DA:1800,1,Kj/789thMPMDhKsMZ9yqQg
DA:1801,1,jbTXZz3dlH5IhowqHbX/hg
DA:1802,1,R/cszH2Y3PXeV9QwvQaJig
DA:1803,1,TeXvl9H7Sjmytct4Fhzn+A
DA:1804,1,InoLJpeIsN3DoCFVqfXAjg
DA:1805,1,qIi93l+GVLg+/tpfsd2yWg
DA:1806,1,2YmtMHiewD67QXHIbIBOXg
DA:1807,1,koguv3aqniObb3Ab1hVLjA
DA:1808,1,B6KcNrIVQBGYflmVYiqRcw
DA:1809,1,sf/vFdc1dNoWWlFFA5PAQQ
DA:1811,1,56gfTyIQ8rA9N1rorOqo6g
DA:1813,1,onbxljdgx75SqCimnf8zIg
DA:1816,1,Hyv6gFLNOWaFXCgR4NoP6A
DA:1817,1,CYqhT1YTGCEi3zXZjNZtqw
DA:1820,1,ADwc0MNANG/U+dtnru17mw
DA:1821,1,cRah0tYoxwGfWoPpPqDU/w
DA:1822,1,EcHyQcadrcx/CE3Vn8pivA
DA:1823,1,LEvIV872V4y6p9Btc0kRyA
DA:1824,1,+xuqkMPdz8Nii0XcpAolVg
DA:1825,1,IMsbrIGPOvxbhatMnf9U/A
DA:1828,1,tOdWs0ANWOTgudIMIa8+oQ
DA:1829,1,tekC7KwTD8N+JddUuabyZg
DA:1832,1,c6CfmKiTbZqEZDCsEUOxPA
DA:1847,1,X3gsoB+fc0j01ddf7YK8mw
DA:1848,1,1+pRB0J7anIxH6tnz6vLvw
DA:1849,1,MIyKIJycjtKQAfV0JHQg7g
DA:1850,1,1VJpUaG9ENVA1ttFB31blw
DA:1851,1,BV1chfQEDjaoo4UgBQoArg
DA:1852,1,0mmFJbEoHTSa4m4flc35/w
DA:1853,1,3gUFs1Ouvj8MY7DipSGgzA
DA:1854,1,XVypqZ+zst9VDKMga/vvWg
DA:1855,1,RcqBvt0+x3I3TeiklLAfHw
DA:1856,1,p2RxPXGHzhmyzX2vklQDsA
DA:1857,1,EzO0g9SuA55xC1IBc63LaQ
DA:1858,1,yZmLfhnir1zbJ37mnZ6E2g
DA:1859,1,dotvMWbSgxQODCkPNqIObQ
DA:1860,1,Mwgl6O60vLiUWU1yCIyffg
DA:1861,1,MN9sgwgSBE3rdlSv4jrX0Q
DA:1862,1,3d5Alsu1qdjv5Kt/H22/Kg
DA:1863,1,oDeVVsEZypDLrx26mIXLVw
DA:1864,1,vQC+a3XVTtO7PahQhdlJJw
DA:1865,1,WQ5NEA34tmZj2z8B85QIqg
DA:1866,1,yjYjTV2YFmJDFCjAMpfn7Q
DA:1867,1,BiO8gocRxOzRJjrm/0UvFg
DA:1868,1,b704NgsO2bJeGBF+zk0wWw
DA:1869,1,/QMeIADtyCL6MWvvJEFzGA
DA:1870,1,n5Q/I8nCtsWY9jD30kz4aQ
DA:1871,1,Qy6f+RUr4s8ADrbGvz1rYg
DA:1872,1,SYEKNP7/SV6h9kK02VYO5A
DA:1873,1,xl1CM03qPUKUeCwR0LSWFg
DA:1874,1,Xjh2qjPJmSbyxP3ybRA2qw
DA:1875,1,uo9ArspGpsyPv6pddAzkVQ
DA:1876,1,euglXOQ6SP5cT0Y+Xdb95A
DA:1877,1,0mqcKYMhowgeMvlZ/bvojg
DA:1878,1,hqzqmv5khDpH7VgxaaevUA
DA:1880,1,WiFVX7RoKxEzCTYeILmc4g
DA:1881,1,ZqG5kyel0nZY2ppwENR5VA
DA:1882,1,fF+JNWK9pb88FAKbQ6qGyw
DA:1884,1,x6RKY+ORKx0H4aknTZX/GQ
DA:1885,1,+A6O0rX/lGqOK3hdeWA5OQ
DA:1886,1,9eYpiwxlHZcbJoz9l9QvRA
DA:1887,1,eqbXBPv2ES+sqKXPKY+Ruw
DA:1888,1,c4ZXZdLQVbmJr0J5CYsJbw
DA:1891,1,qn358+U7ZocpH4VB5zwjmg
DA:1892,1,bn0Us87aU36rLoH7z2WhlQ
DA:1893,1,vdRGFA2SiqwqQnNslltGXA
DA:1894,1,muyUjfBfQeGnRt4AD6CDBg
DA:1895,1,qZY37wOyhYBRpYCQfWMQ8A
DA:1897,1,EdqF1eMct6ZNScNdxE8mxw
DA:1898,1,HRmYgrUgQRrlHMAQ7gWdXQ
DA:1899,1,mHMQfecKZA336pMLZQs4Zg
DA:1900,1,2ql2s6wYPuCXR9kt7s048Q
DA:1901,1,6soW40Whw8Xw0LQCffmOwQ
DA:1902,1,/K40KqFYr+G180u6ZmHAeA
DA:1903,1,l7SKmGqwTfTv9dmVdkdkgA
DA:1904,1,c2mKVIzL7tJqE31pJerEwg
DA:1906,1,ZzQWI5FWe5EjJloy3csiKQ
DA:1907,1,F8L4NY+X4AP+EuudUOwdkg
DA:1908,1,zRT/0+rOIiWImFKWPyKAsg
DA:1912,1,J0aLuOUBVGRWT1NfgYcssA
DA:1913,1,nRnyWoQTQluhwpKEAU/PNw
DA:1914,1,tyPPBTN4T495TJ/FMQeaBw
DA:1916,1,c6CfmKiTbZqEZDCsEUOxPA
DA:1933,1,X3gsoB+fc0j01ddf7YK8mw
DA:1934,1,POQ3kCOsAu+R9wszJxQesQ
DA:1935,1,kmEE1OM+bZtsiWUvVc+Hug
DA:1936,1,gXVkmMbpw01kWin+QfcXkA
DA:1937,1,VAp29TjrfCex1yoxtjGlxA
DA:1938,1,AOjyqf6rKvNGM8q2G9hH1w
DA:1939,1,BzMeQDWAvG5eiJhQQYBImw
DA:1940,1,2I2fKZRI3rnWkG3dlvpI/g
DA:1941,1,6XVVBMBw9VK/zdxzhfeLHA
DA:1943,1,fLmtQ6OyGG7JCR2z2J4mYg
DA:1944,1,IUhQXlIhl0Ce/CZC6FccpA
DA:1945,1,XlKpgKx9xiQn7pnSBHqWuA
DA:1946,1,7U4+f4vydP+N9XroOz97SQ
DA:1948,1,wEISOEPIVBYxPpFXWhnPQA
DA:1950,1,rcPXyoTpagpGdcwuANDdnw
DA:1951,1,WiFVX7RoKxEzCTYeILmc4g
DA:1952,1,c4ZXZdLQVbmJr0J5CYsJbw
DA:1954,1,onbxljdgx75SqCimnf8zIg
DA:1957,1,WB7FWiAJ1+kSAEjSKFG97A
DA:1958,1,ePTVqRz7nQVsXy+IIqyQwg
DA:1959,1,y/hF0r2TtQPgh5LvhV84bQ
DA:1960,1,c6CfmKiTbZqEZDCsEUOxPA
DA:1972,1,X3gsoB+fc0j01ddf7YK8mw
DA:1974,1,+b3Gq5uLN+3bFFgI227Hhg
DA:1975,1,2CxbL+Vm8dV/dDvsLavpww
DA:1976,1,gXVkmMbpw01kWin+QfcXkA
DA:1977,1,dlSN0UdXXp6aD1q/DGVMRw
DA:1978,1,ul6BCd/YANkNEo+/OtNZSg
DA:1980,1,ISEYca6J0UZI/1cgFbUmcg
DA:1982,1,WiFVX7RoKxEzCTYeILmc4g
DA:1983,1,c4ZXZdLQVbmJr0J5CYsJbw
DA:1985,1,onbxljdgx75SqCimnf8zIg
DA:1989,1,kz74U4s/0Zd4XUwLYBgJ6A
DA:1990,1,8aj16HnYad2RrP9fclL/7g
DA:1992,1,c6CfmKiTbZqEZDCsEUOxPA
DA:2005,1,X3gsoB+fc0j01ddf7YK8mw
DA:2007,1,POQ3kCOsAu+R9wszJxQesQ
DA:2008,1,WJbqLTrJoBQb4CLihYb+lQ
DA:2009,1,gXVkmMbpw01kWin+QfcXkA
DA:2010,1,amrp4MF9LH/IBI8VlaHcRg
DA:2011,1,WiFVX7RoKxEzCTYeILmc4g
DA:2012,1,XSq9SAj0OPkgSJoBPhFKvw
DA:2013,1,c4ZXZdLQVbmJr0J5CYsJbw
DA:2015,1,onbxljdgx75SqCimnf8zIg
DA:2018,1,glZRFy8k/JZJMsDeWyR64g
DA:2019,1,X3gsoB+fc0j01ddf7YK8mw
DA:2022,1,DTnNUqmo5ZnzmtfeaDjmpQ
DA:2023,1,s5txMAtlxeqd8Ez81Z2rMA
DA:2025,1,BCa5FUWjILM5lUBj/lD7ow
DA:2026,1,V5XAMQd3R13094ghzev92Q
DA:2027,1,TBuzZ3YYBSkOdPx2RxIh7g
DA:2029,1,onbxljdgx75SqCimnf8zIg
DA:2032,1,kBiO4qLVl2bhRfJpVfZa7g
DA:2033,1,X3gsoB+fc0j01ddf7YK8mw
DA:2035,1,99v8jLlgU3mmMHvUG5+Y6Q
DA:2036,1,lmevHLlr5fsK3+8aU/+MVw
DA:2038,1,wR3JgNMXYFC81tDdbL3h+w
DA:2039,1,HzFcrWTfhhbHza+52Nf0EA
DA:2040,1,7b8270xND6xLUVgm1hwWZA
DA:2042,1,EeCjyrFjPusY6PbZ7TS94Q
DA:2045,1,vxAgI3tHnnEDmEtdXpaDAw
DA:2047,1,MpaUwPx3oz+OQ9kTk2S/fQ
DA:2048,1,m2+SMXtNP3l7Hv9UXZiqyg
DA:2049,1,DnLIYofW2snuOw+Quu7XCg
DA:2050,1,f4ycd2d9dyCu+WrzTmWTXg
DA:2052,1,k6pdifNOTrMOmd3dlAdf/g
DA:2053,1,uW4Mt2ickD0EnZcXtd5ntQ
DA:2055,1,jQaRGpM40gJOk8MXYEfvCA
DA:2056,1,z+dQ8D0yo1UYdkzCfiwlNw
DA:2057,1,KDknoKUDQDLzKaPIHkLvrA
DA:2059,1,raBlb/appveQvwV4Pm+xfg
DA:2060,1,xiAlTS44P9gLmlOw6Xe0Lw
DA:2064,1,fVbGF6QF8CvXbxoXZdEZig
DA:2065,1,Iy4zEGWR/OIhaPq+G3KsVg
DA:2066,1,+RDq72DTlmE6+Pp2OT/txQ
DA:2067,1,Yr9452tVXvBVyKf5vZ5f0A
DA:2069,1,7pddYC++Jcz0ocyGfaVkuQ
DA:2070,1,wzqQN/CW36Ey46ASi/xeyg
DA:2072,1,BCa5FUWjILM5lUBj/lD7ow
DA:2073,1,v9mLRTK7fF7ZpIZiLEMxCA
DA:2074,1,rLawXSzu0E12Cn9B3zX/8g
DA:2075,1,hb6FiVo237zU6Uw8oVrsYA
DA:2077,1,onbxljdgx75SqCimnf8zIg
DA:2080,1,nHYh78LVDgCKMjQcYJF/og
DA:2081,1,X3gsoB+fc0j01ddf7YK8mw
DA:2083,1,P/kuKC1hZpKuqOP7fcQ/pA
DA:2084,1,hoOB50wzwwKn/i5HbQKcUQ
DA:2085,1,4GX71H/W4EUV5CzBsSsZYw
DA:2087,1,OSxE09WuTCCCYM0k7HMoUA
DA:2088,1,9ILi0/Kg5pXxpbZMOO5dPQ
DA:2089,1,6ZmDHZzHeRAvrB29ACensA
DA:2090,1,Id37qRhrdrYXs9ZUwted6A
DA:2091,1,NyxYwWi7aK6tqitazajvzg
DA:2092,1,dFQE9dN40kdlJyKgJxUDag
DA:2095,1,PtjxsHRJE8F69s7ZlUnqFA
DA:2096,1,0O156B7DVmIvg4AzjZBa9Q
DA:2097,1,UFhxWG0kwCgwxwlIsBsCvQ
DA:2104,1,8YRGJuenJJNtzHLZVwdTqQ
DA:2105,1,zd40CD88f0GUpI8eFOGlUA
DA:2106,1,mfq56EQeH+mnysx3pNPXCQ
DA:2110,1,onbxljdgx75SqCimnf8zIg
DA:2113,1,77J6a4XvWqRWNo3mT0NyLQ
DA:2114,1,X3gsoB+fc0j01ddf7YK8mw
DA:2116,1,qI17P+fIZZUhnW6f+evNVQ
DA:2117,1,wdiu5MhZNT7Kz46ul08rPA
DA:2118,1,mfq56EQeH+mnysx3pNPXCQ
DA:2123,1,zT+qmAyQb2RC6937656bTg
DA:2124,1,jGx0NfRg7mlnipnMS2dErQ
DA:2125,1,mfq56EQeH+mnysx3pNPXCQ
DA:2132,1,onbxljdgx75SqCimnf8zIg
DA:2135,1,WxI9hPeMdxlj0hXDzQUFkQ
DA:2137,1,Ueild9Y05kZiel9twIu73A
DA:2138,1,cVMQibvDKm3Iyd2vBuoKrA
DA:2141,1,diQBBelEKsV76yx3uojFzQ
DA:2147,1,w1Qvb/QEC8cGz2f/n782aA
DA:2152,1,HDvDrvefiwoY/uihLRrb9A
DA:2155,1,m56at6j4XtpkagwVk/an1A
DA:2157,1,GpfB6QTiuH9AF9LYYMFKiA
DA:2158,1,jg8ke24JX8q6Cc2H5A45kw
DA:2160,1,X3gsoB+fc0j01ddf7YK8mw
DA:2163,1,jYXkjxkgWTjxSxHCx/EQ4w
DA:2164,1,qxbvDT/ZyDOrqnjv0Yvfnw
DA:2165,1,YTjHTxvgBPdFx2+LookeSw
DA:2166,1,XPESq+dSlC8BE/8xyVW2FA
DA:2169,1,7gUP2eWgTi9kWt9p6uX8GA
DA:2170,1,UFhxWG0kwCgwxwlIsBsCvQ
DA:2178,1,YDYUzkFIWtQYndl8KmVUhw
DA:2181,1,3Jes76oflh6RTjheFguIAg
DA:2182,1,qxbvDT/ZyDOrqnjv0Yvfnw
DA:2183,1,Fdzt4NRkw7+RRzkw2tbLnQ
DA:2184,1,Ayju+jVevxPNlj5DJwj1aQ
DA:2187,1,KN7ikc1XXEVez5k6a0V8OA
DA:2188,1,2x8XoM+MX9vDUhnOX8MCXg
DA:2191,1,L1HshCAGk1+qK5PxkdVkXA
DA:2192,1,mc8Tz2LaoAyH3ZLsl0yanQ
DA:2193,1,y/hF0r2TtQPgh5LvhV84bQ
DA:2194,1,f0wv9wO8RI/IiLyJzBxeIw
DA:2209,1,X3gsoB+fc0j01ddf7YK8mw
DA:2210,1,jcOjALp+X69FZewjljveAQ
DA:2211,1,9Q6xRcVSyQWESZ7QGlbIwQ
DA:2212,1,3gUFs1Ouvj8MY7DipSGgzA
DA:2213,1,XVypqZ+zst9VDKMga/vvWg
DA:2214,1,fYCB4y/m0IubnT7x3pdZgw
DA:2215,1,vdZChB3s+kDO5IWg7tR27A
DA:2216,1,3yd40QUzgnqEqJrcTFrVvA
DA:2217,1,oD2DptUPO5pcbvC+cWXyLQ
DA:2218,1,AP81h+8Lr2iqo9WNDm4Z0Q
DA:2219,1,d8gziTv+3Q+zTmyhCW6fUw
DA:2220,1,ryGdB6oEIZXkFS0xpaaVTQ
DA:2221,1,SVXWnFw2ekDNZu/s6NEHPA
DA:2222,1,mkd3F6OQNJ1bcPbx8w4UwQ
DA:2223,1,mzs8Dl48QOFwDia0KLolUg
DA:2224,1,3Hd0OjCbT0ZT/bfWQvsnaQ
DA:2225,1,/6VADKRczDl/xtprDlzvrQ
DA:2226,1,i7NDGBsHDuWiFmSAPqkgqw
DA:2227,1,sCdOI9P2d0T0zzI2Lhg44A
DA:2228,1,r4nQrHfK51mkopJdnYGtSQ
DA:2229,1,MQ2tIGCOXazjaztB0wPhUw
DA:2231,1,JxZvNZzkMpST2fLMvOkEyQ
DA:2232,1,eqbXBPv2ES+sqKXPKY+Ruw
DA:2233,1,5j4I2vFwWPn7KbR5nN1iwg
DA:2234,1,QqLQZ+EBGAEeCKMFmhf4VA
DA:2235,1,Y8XKp9yLbKL6YMdE5coVuA
DA:2236,1,wYt6Qgyd4Q5xvLDU3E2nyQ
DA:2237,1,vHypG3rzEg3+dMnMAnb4kg
DA:2238,1,ofJgYJ4EOwlEBSXmlwG9pQ
DA:2239,1,lSxKWJXaUSyb9E43htlSBA
DA:2240,1,WiFVX7RoKxEzCTYeILmc4g
DA:2242,1,c4ZXZdLQVbmJr0J5CYsJbw
DA:2243,1,onbxljdgx75SqCimnf8zIg
DA:2246,1,/VSxtg0GQBDGJRxOxR3tSQ
DA:2247,1,X3gsoB+fc0j01ddf7YK8mw
DA:2249,1,+pNsMbWUSSHVD2jBfpWIYA
DA:2250,1,9ILi0/Kg5pXxpbZMOO5dPQ
DA:2251,1,981DtmaUd5rgoBBavq6USw
DA:2253,1,6ZmDHZzHeRAvrB29ACensA
DA:2254,1,OsFHSjzt0blmQGS73F+L3A
DA:2255,1,T0+Bi/Bsj77EvXksrJJJvg
DA:2257,1,Vw0OsX9gSvsPlZ76jCaYbA
DA:2258,1,cU815lVsK51d9QHDnh9CWg
DA:2260,1,l/urL9RfEnBhfZSsUBj6Tw
DA:2261,1,i2qIzbnzYLsOupfDo3lBSQ
DA:2263,1,ppf2VclepdU79H9mITduQQ
DA:2264,1,2ouSoCMePidBVSSQ1fNsEA
DA:2266,1,9e+3UJp5WaPn4pYrGZrZfQ
DA:2267,1,tUKJUZNTKug3+ICUWBAPzg
DA:2269,1,BCa5FUWjILM5lUBj/lD7ow
DA:2270,1,pGN0Tqnpjd+iTQo8g5loIA
DA:2272,1,onbxljdgx75SqCimnf8zIg
DA:2275,1,FHllKq1/fziKZK5UNsf1hg
DA:2276,1,Ji7HSakK9VIOATGQkiCytg
DA:2278,1,c6CfmKiTbZqEZDCsEUOxPA
DA:2286,1,X3gsoB+fc0j01ddf7YK8mw
DA:2288,1,+b3Gq5uLN+3bFFgI227Hhg
DA:2289,1,nCT5XvFcQiP7tz5rFf7oVg
DA:2290,1,gXVkmMbpw01kWin+QfcXkA
DA:2291,1,I0mKrqLGHqq//RIiU3tCKA
DA:2292,1,WiFVX7RoKxEzCTYeILmc4g
DA:2293,1,c4ZXZdLQVbmJr0J5CYsJbw
DA:2295,1,onbxljdgx75SqCimnf8zIg
DA:2298,1,4iqQfDFvxExSr3W+0ooqIw
DA:2299,1,UEH3dfgN0EK9LJBzN0JDNg
DA:2300,1,yk1hDfcvI1mlARjt5phWeg
DA:2301,1,QfD56gHgFRueoxSIb3V3Qg
DA:2304,1,Nwz2gw6nwH0hYWrz5GM/4Q
DA:2305,1,xuhY8EVj++JSNHaFs0PKWA
DA:2306,1,XXKJHB5sSr2gNLfSUotz0Q
DA:2307,1,2BIa5CEyrag3UQVgqW5mKA
DA:2308,1,O8nU2iJsQJL6mP70Jr0k5Q
DA:2309,1,o/D4fUrl5CNDnr0BbeBocQ
DA:2312,1,DKpzHiaH9eq3OweDIFnxYQ
DA:2313,1,cL348X/TEu43JYzrJnPWYA
DA:2315,1,BH5IshZH0S30YZfItIipWQ
DA:2317,1,q0UL2tKNKUghHQ2JVZMoYg
DA:2318,1,I2EFB0sMeZMjuwCYvO71iw
DA:2320,1,DTnYI0PEShjAdcKvRONEsA
DA:2322,1,gZEPWgcsaDy0dViAWtfWNQ
DA:2323,1,jNScTO85VnfNbhqDa+iNsw
DA:2325,1,bbTDKQ7k1f5YrLvsufPTWQ
DA:2326,1,54y34RVHTIffZ5LpuslUAg
DA:2327,1,dMGCDkiTW/R1zvrj9cuh+A
DA:2329,1,hjGgkh7S2UTAzmNcejYahw
DA:2330,1,eqbXBPv2ES+sqKXPKY+Ruw
DA:2331,1,qdpx6J7LQ5qxVNz8gL6SMA
DA:2333,1,oJJUDlAIAiBMBEyy6iZGWQ
DA:2334,1,1SuWtcFeeLrte2/aCFw8JA
DA:2335,1,b+h8yudQVCsPmY440h94mA
DA:2336,1,LJDsro88xU3UEpWxYfBadA
DA:2337,1,ZMX0r4wjxKJ/2BhKmay+vA
DA:2339,1,JfN+I4lQGHqRtOzVP8vchw
DA:2346,1,4NKMvCYUz2Nnr+MWkUQtUw
DA:2351,1,/tg1KeQt9E8bzbVHqMS/FQ
DA:2352,1,tT3HOF2I6J+j+eDVoqifmw
DA:2354,1,207Px/SlAqP2m3ALadzD2Q
DA:2358,1,dozxgfhydYaITRJpcE3TQA
DA:2359,1,8nkvjVnKz+TsgNwnb0tt8A
DA:2361,1,YmkknFts0fDFERAW1Qnk1Q
DA:2363,1,wpU3Rk4vbaZsLCe+7N3csQ
DA:2365,1,oEtcIT4e/TbQPfKAOZEDTw
DA:2368,1,lGDsrupx6f+kgLHZLtZqXg
DA:2371,1,JEC3pggbwsBcLNoUykvsew
DA:2373,1,qfJ/HgYxNy2VsQK0atNIAg
DA:2374,1,gjvskrPvRwhQoEoWaPYgQQ
DA:2376,1,BH5IshZH0S30YZfItIipWQ
DA:2377,1,4WgUkubDL/HT6vh4rE7w0g
DA:2379,1,lMVKdhRgi8f70+v5pFhlbQ
DA:2381,1,lcqO+4KYXuu+BTkTQm9Xfg
DA:2384,1,FkxhSaAWuyHzWvko3aNFnw
DA:2388,1,pK451SyzGI7JMsvIHVcJ1A
DA:2391,1,AtdRI9G7KhJ+MDZsRqWDbw
DA:2394,1,wCJCTaXANpFII+9nZYy7fA
DA:2395,1,AWtV/t5X7syQpQ3zvvyVKQ
DA:2396,1,XXKJHB5sSr2gNLfSUotz0Q
DA:2397,1,3LC6EUGOVRb00gbuKDnpAQ
DA:2398,1,sRcNLZPxrn83yVQbSx/3vg
DA:2399,1,lMVKdhRgi8f70+v5pFhlbQ
DA:2400,1,359Z1wwwumFmMHOGKiqWBg
DA:2401,1,w+ihAKW9bug5KPc827NOVg
DA:2402,1,btrcFotDzcfzvB9qWgY8Zw
DA:2403,1,PMphECxinmLkIwdP3xFBlw
DA:53,0,NvVxGrDiJsGH6QhWsv4EYA
DA:104,0,Y2BqAaOMlVsVSO90T2u7dQ
DA:214,0,EzTIjhUGsCNFoJ28azBjKQ
DA:401,0,O9jKK+vPlj8RS6j+OQOBgQ
DA:442,0,vy6CgW37KXB6tZmtM5IONw
DA:443,0,a+PfmIMYd8zDOn9EJonKTQ
DA:444,0,W/g8GJDAYJkSSurt59Mzfw
DA:942,0,7AtmZ2qAuFGPil82EY0mxw
DA:1178,0,IRs5AaTDuUvT/KAuPkOVag
DA:1317,0,H1rTBqu5h2pv2MIvRVSWKA
DA:1479,0,3Hd0OjCbT0ZT/bfWQvsnaQ
DA:1480,0,jkRx9LJB2tzFqnEo7zV1Vg
DA:1504,0,DF3FMI4sn/731fD0KuePwQ
DA:1513,0,DF3FMI4sn/731fD0KuePwQ
DA:1757,0,vy6CgW37KXB6tZmtM5IONw
DA:1758,0,OM04lWRWc4Lq1FbLKcHoxA
DA:1759,0,Frtn07iZx1VGLrWyVcrgWA
DA:1760,0,RgkOq9Qo51NHehjyrCNWcw
DA:1762,0,/8OSaRsMmJp+uF82kF50RQ
DA:1772,0,vy6CgW37KXB6tZmtM5IONw
DA:1773,0,hNPF7C2sHA+Vi/UnRIFWnA
DA:1909,0,onbxljdgx75SqCimnf8zIg
DA:1942,0,1qUZupkef7vL9plmDqRejw
DA:2230,0,bILj4pY/pxwJC6+WfN+YlQ
LF:1414
LH:1390
end_of_record
TN:
SF:tree_plus_src/version.py
DA:2,1,k7aWTkmArSH5Xgs/I9F3MA
LF:1
LH:1
end_of_record
