TN:
SF:tree_plus_src/__init__.py
DA:2,0,vJU854t3KUkCPJdh78HhBg
DA:3,0,jj7eB8UBJKsfSkbgS/8r+w
DA:10,0,k8YJ0VaJ4D8zY97k7CVBEA
DA:22,0,1GeH+ZJYyTY+5+7JCYenzw
DA:23,0,yrHtRjHQOAp2T1Z7JmXUcg
DA:28,0,beEsK2pvhRVy7EiYH9YTZQ
DA:29,0,YaUFdVxcQOynp8t1ZnP1FQ
DA:30,0,F9qbKepzY965I0tHituPPg
LF:8
LH:0
end_of_record
TN:
SF:tree_plus_src/count_tokens_lines.py
DA:2,0,7HpIEQVf5K0efdTzo05mJg
DA:3,0,gfaEZ9bUGULCzp4iZbbVCA
DA:4,0,6vWAvNsegNqafFN4IKLrhg
DA:5,0,7Z9Lj4ed27Wf2hBX6jooEA
DA:7,0,VBfR61vfAcB9fc659TUw7w
DA:8,0,9j0XAr95IovcoJgoXU7jxQ
DA:9,0,5nnO6fKT725M5IaMIyUfYA
DA:11,0,je4m9uDBRPZn76xvpQxNTg
DA:15,0,/S8d/HVFLOL/gTU2e/TkhA
DA:16,0,SqJNaCriwrBGtmnGZmEicA
DA:17,0,maInf5VjgT66vBTJ7dYABA
DA:18,0,L8FwqAx/IqWn1iZXR0dfpg
DA:22,0,Ca6dlD6NW/uXzMIzsRgipA
DA:108,0,WzYKAg0qXJWC/g3UONJySA
DA:112,0,dXxxcyUCF4zdsBz/h1JYZg
DA:113,0,tPUkk3ndRBCkHEPffdZzVA
DA:114,0,RgBBr84tZqC8YDeBYBaucQ
DA:115,0,2k3G+cLHoW9ub8MD/h50WA
DA:116,0,u1Y279G2UikLVkmgdm1Yow
DA:122,0,+etlScR4MVVf3NgNI8uNQw
DA:123,0,dLLYsUwdejOG5LYakH6QjQ
DA:124,0,apkQQtiiE4JOuDIBvLOUjQ
DA:125,0,raObvf7HGTR3wHt+cwJntg
DA:127,0,SczbP0lH0oYTCldxKMaqPw
DA:128,0,iJ9RwYC7f+KqiYlT6D3Y3g
DA:129,0,PsOwfZLPM4hVGAILMyUqBw
DA:130,0,CkeSbwo86HlHkLIEU945OQ
DA:131,0,hZVIF3B1A+TpFMj5EcVr5g
DA:132,0,bZRaCCjMQVDLTmW1+WAyBQ
DA:133,0,ITNdYmYj7ri/ViUiiYSpgQ
DA:134,0,y7MxfcJOulhJ3RUl5gw7KQ
DA:137,0,y+IebnFSOPFcQP7k0tzWvg
DA:140,0,b1DCTv0cW3K4FPB8iT7lvA
DA:141,0,9TBLxPziBZ/T5P6ng9oFWA
DA:142,0,wFBClSp3/UejPICWFqHlbA
DA:143,0,UhLTVP29w3si1kJL+r72jg
DA:144,0,sekjnR5JyercDGcPicOUIw
LF:37
LH:0
end_of_record
TN:
SF:tree_plus_src/debug.py
DA:2,0,7qyEQ6RddKiipSGbK8K7nQ
DA:3,0,4rdXk5fwWeadfx05SYG6bw
DA:4,0,7Z9Lj4ed27Wf2hBX6jooEA
DA:5,0,ZkVYYtnZPoVzGEEN1aBISw
DA:8,0,6CazVBOkGfNBiEQMTvXHsQ
DA:9,0,1XDiP1YqYEoYeWNznZL0sA
DA:10,0,t7Iwm1IFKkqk+AT4KdmTmg
DA:13,0,cjyJ9Uidl9NJUYCfS2+LQQ
DA:14,0,5gIBtf6YI/ALEdIRzLP9Ow
DA:15,0,jhkt86+I04irz5+qG05hGg
DA:18,0,7OnK+FOalr7YT7EC9DN3bQ
DA:19,0,5ZxE9cldGE1febglgQ7aIQ
DA:20,0,9OjN1BBVJZXFYQnqDfuPiQ
DA:23,0,jyAz6fYsCkK2NUgt1kU2DQ
DA:24,0,sRoleF1PLGJnKy4DSTZO2A
DA:25,0,t7Iwm1IFKkqk+AT4KdmTmg
DA:28,0,gMqanpxXLw1GSN2xaNgoBQ
DA:29,0,hXdNg7r7nr/v769urcXyHQ
DA:33,0,FNdUSBNb8emybcoTRVVHsA
DA:34,0,oUB3MJK4GrIv6077CP5RGw
DA:35,0,B/Fo9U4/nMeRNS1JjGZVyQ
DA:36,0,Sw+J5TaTo8ek+FC+rL9Ipg
DA:38,0,eqj65z4C29IT3tZU1pgUcQ
DA:39,0,MAxEII22xGCDJmT6o7hG2A
LF:24
LH:0
end_of_record
TN:
SF:tree_plus_src/deploy.py
DA:2,0,0hwKoLJOBNjwQBXENlLfmg
DA:3,0,XRh5gz49gzin2tgbGaB31w
DA:4,0,p7hNY1S5rX9QtYADf+cK4g
DA:5,0,7Z9Lj4ed27Wf2hBX6jooEA
DA:8,0,ZUdUH2/Z4tr2JpokGXMqcg
DA:9,0,lBJmgfaJ4zANnCbjqJ1jzQ
DA:10,0,nKNayq59s82dWXRjWddwoQ
DA:11,0,B/Fo9U4/nMeRNS1JjGZVyQ
DA:12,0,OFKWMze0f+drfoXMZc1nzw
DA:13,0,T3TQcnOTlPY7l+SVJ4JCPg
DA:14,0,PYiMA/JLrmuu0z70x9iTjQ
DA:15,0,vy6CgW37KXB6tZmtM5IONw
DA:16,0,uVejO4z2Ixii4ot0xIgIZA
DA:17,0,dMhh+k6C+fitHH5nX1/koQ
DA:20,0,6Ra2pX8xRbE+SSYOCoQdeA
DA:21,0,ZG1rjcqKgKCjFPamu26w8A
DA:22,0,xf8VGk2fmQLi7Vl+nl9/vQ
DA:23,0,lBJmgfaJ4zANnCbjqJ1jzQ
DA:24,0,OhwacB/UCNymPDTEPRG4Vw
DA:26,0,A1lxJLg1+u1PdX3Lwq+YiQ
DA:27,0,B/Fo9U4/nMeRNS1JjGZVyQ
DA:28,0,GU/kZ1/b8T8loTj2l2VrDA
DA:29,0,/z1tdB163gvWvEoJ4GihfA
DA:30,0,vy6CgW37KXB6tZmtM5IONw
DA:31,0,aUVZuxICemriiwRuIGXLRA
DA:32,0,dMhh+k6C+fitHH5nX1/koQ
DA:35,0,Cq4Z5yGa9xqFSq6nrM2Zbg
DA:36,0,iMLhqpdDNMpBsVzSYYCvoQ
DA:37,0,kU6lD9AaRoBmhiRuhP+UXw
DA:38,0,LijS9XvGkGwkyMXASGraQw
DA:39,0,gPn8fLqiFfLb3dbm1Y7Gtw
DA:40,0,KCfmRq95/saWBMMc3l0RAQ
DA:41,0,CnC3AouwgW3LpRu1Itak7A
DA:42,0,80KPBNqHHBCANqVVRsTSQw
DA:43,0,bK6hCgy87i0/DJv8Vvzk5Q
DA:44,0,IoWq61syNyIo1fPbDVz1zw
DA:47,0,P/wlYBEh6ztTurudyJlHZA
DA:51,0,iMLhqpdDNMpBsVzSYYCvoQ
DA:52,0,qriIHYXxuM1n1f4J3BCvMw
DA:53,0,kU6lD9AaRoBmhiRuhP+UXw
DA:54,0,LijS9XvGkGwkyMXASGraQw
DA:55,0,gPn8fLqiFfLb3dbm1Y7Gtw
DA:56,0,OmyraoIpbV7bOAbJuSqxZg
DA:57,0,rtVgzEiqxRpnMeUkdkkiow
DA:58,0,Ln+p/nSi5ifXYNSOaEV3ew
DA:59,0,xY1VXorYPLl8lKpUZZ8Daw
DA:60,0,UrXF3guQVqKySVCNiWCqfg
DA:61,0,/4mBZpPUHvAlDXWHR5o5Tw
DA:62,0,sOvtOfk75TbAtTgkgicGHg
DA:63,0,8B8gy3QGDd+lXN02Xqi8vw
DA:64,0,6xWoWTkVigYL+HtL9xfHpA
DA:65,0,5LQ/Rfn8jmzk+UwD0kHafA
DA:66,0,gpbtPD0vwLNz8q43SdSUDg
DA:67,0,MlEpf/49s77T0nT2/JfReA
DA:68,0,80KPBNqHHBCANqVVRsTSQw
DA:69,0,ntfQuPzZedxTJjCXRWayoA
DA:70,0,dM5czFKprAvTuBnahSStGw
DA:71,0,xysAMEFq0eASByJjT4anfw
DA:72,0,tkKKF4INqaLQYe6T56/X4A
DA:73,0,bn+s14GK3FNLAcq4KktLXA
DA:74,0,2wBt7rLSUEcmtDwmubhduw
DA:75,0,rFElfYMA8UB6yDLKlvbIEw
DA:76,0,CS9GKL6BIPjCXeOa8SpvJw
DA:79,0,coZKjxD60hP69BsxMP+wJQ
DA:80,0,Lx3t6ronBtuJ7Mm8PPg/nA
DA:81,0,reeCbj56gcfYfSQ+4SYNvA
DA:82,0,o2QBmJSEQmQTNx44uhPiiA
DA:83,0,rWtNQM2BeTAy6Y9+z103gA
DA:84,0,GhtWI3gdB+fWlaSw4nMT4A
DA:85,0,YT29qXM7tKnaHoaKhpaPhQ
DA:86,0,SisZFOA2r2LAGBqadR9buQ
DA:87,0,0Edp1auXe1qlJkmik07Q7g
DA:90,0,mQiGAWenMxM753MURV6uUQ
DA:97,0,iMLhqpdDNMpBsVzSYYCvoQ
DA:98,0,2PeZllSWA3MGJzpaoEE/Eg
DA:99,0,LijS9XvGkGwkyMXASGraQw
DA:100,0,qriIHYXxuM1n1f4J3BCvMw
DA:101,0,Rlgc+HLBZMfFpqDW14WMbQ
DA:102,0,g9T/cRNLUtVSkJDaS0Vwiw
DA:103,0,Dp1YI8CHcUQyrLxE+Yjqnw
DA:104,0,BmcxhXIwioL0p5M6pO/Fdw
DA:105,0,Lx3t6ronBtuJ7Mm8PPg/nA
DA:106,0,LCR03Cw8SFPfR4oBHYu+uw
DA:109,0,lUfhhUKtQQ9UnA1A1lWImA
DA:110,0,VBxNFwGcvg1YGyJOvUroxg
DA:111,0,f0wv9wO8RI/IiLyJzBxeIw
DA:116,0,QQ+QdF4n1oGrr3yarRS9ig
DA:118,0,rkjQ3SG9bLJy4YVOFnd91g
DA:119,0,zIVS2CvqknxfxB/BHp9Evw
DA:121,0,pdg2vFokUuKpBonJ0CS1/Q
DA:124,0,ADjY4t763E0HFZqJUcBHSA
DA:125,0,HHd03RWQY1uhsrDR29eR9A
DA:126,0,w+O++OG+bufdd4kyTgP5Kw
DA:129,0,efpKf72BfRnItZot0AUMXg
DA:133,0,Nk2vxObROKOQo9PfMUsKDg
DA:134,0,EEbFxK6ncJQ6/ift66gKag
DA:135,0,1X15QTE85KG2USEAEwPGsg
DA:138,0,jIa9jPwCxAMjnti7OzWmnw
DA:139,0,iMLhqpdDNMpBsVzSYYCvoQ
DA:140,0,2PeZllSWA3MGJzpaoEE/Eg
DA:141,0,LijS9XvGkGwkyMXASGraQw
DA:142,0,qriIHYXxuM1n1f4J3BCvMw
DA:143,0,nuUsVWDRjA220S9/b2ENtg
DA:144,0,5ZJgT2q2rmuidj6YQqEaEQ
DA:147,0,JqHmkbkMZCKHaGnbZ82jKA
DA:148,0,5ZJgT2q2rmuidj6YQqEaEQ
DA:151,0,8oaDObPLu1h1muSjw5FUGg
DA:152,0,5ZJgT2q2rmuidj6YQqEaEQ
DA:155,0,Kn80UtR+rHS/hmHZ1krpog
DA:156,0,5ZJgT2q2rmuidj6YQqEaEQ
DA:159,0,nlLZxM4bFiNQk1eKKX0N1w
DA:160,0,5ZJgT2q2rmuidj6YQqEaEQ
DA:163,0,UegxaT1y5siy+KNuH8hMlw
DA:164,0,vNMugBuq5LvlhesS8rML2w
DA:167,0,NyO2O5O6pTcdtoXXhH6bbw
DA:168,0,AeZE5KdH8s8aFZCBAPN6nw
DA:171,0,CKoMXMB8Xv5ZC6iTILRdvA
DA:172,0,vatrTPy9zF3TtFczOPSZ2w
DA:176,0,v29bUahyOIuDmAJErEPHgw
DA:180,0,FAAONxuLiNseXmo6Js2qVg
DA:181,0,gQmEPB0MqPOmVjvzqzVORw
DA:182,0,VG3pJzH1m6PoFeaWmBg01g
DA:183,0,j0CGrcAmnHe3+HCdXenTrg
DA:186,0,f24FtSYbPeB1UzXBWE2Xyw
DA:189,0,7S06T0JiU78Rv5jD1Jl/mw
DA:190,0,Y5/Ggi7ipi8af/GTcB3Dzg
DA:193,0,cNAtFXQh49ZYP0McNf/aXA
DA:195,0,0kSk/hJTI5K5xZoQVOmJ3w
DA:197,0,ESCtHUL1DiF7JYytPFvJPQ
DA:201,0,cfcyfJaeR3/+OjQuu8chCg
DA:203,0,3G5+J+qTKAfirA9HgcKsrQ
DA:206,0,tMw4SdpHVopoOYurp9qLOA
DA:209,0,xQVNdxAJxuGw1z9RcZmDQw
DA:210,0,2loYFqKsWTLg8EsfxY4sxw
LF:134
LH:0
end_of_record
TN:
SF:tree_plus_src/engine.py
DA:1,0,o3tPx3qEub5IllXpHwhK/g
DA:7,0,Fgl+vbOUGcWRorxc5bC0Iw
DA:8,0,4rdXk5fwWeadfx05SYG6bw
DA:9,0,WpCPBvv1Za7VaefPGMuZDA
DA:10,0,6vWAvNsegNqafFN4IKLrhg
DA:11,0,gRHjawkciFUavd6j4zLvOw
DA:12,0,doJ+s5jyvyJiPCQebfFcIA
DA:13,0,mUDsnWRiqW9R9nTILGKIZg
DA:14,0,7Z9Lj4ed27Wf2hBX6jooEA
DA:15,0,p7hNY1S5rX9QtYADf+cK4g
DA:19,0,eOgcpp5+N6trYfdRz9RrxA
DA:20,0,Yt+0C6gVocDw95BiLwfFkA
DA:21,0,wpH1nah2viwNMxaQB4qzTg
DA:22,0,w67wZs09w4MUSGU4/Jvpnw
DA:23,0,jfv1NbX5oakhjwDCDyIBnQ
DA:25,0,GGWTKHBZROf4yFxh7Z8oiw
DA:41,0,0zxE2zj4q+9H9nk2wRD2FA
DA:45,0,vHasQIcbjjKjo4JEuFl3Fw
DA:46,0,QyJuYgNSS1fUU+s195LOHg
DA:47,0,Egbwdh03ErwCGvQzja+b1w
DA:48,0,ZJNhz44ZsYRgvs0CkZbDhg
DA:49,0,OeGM4c5pGJ3QCQnd/HzKnw
DA:52,0,yBuKlmcYxOEwL+W4jahETg
DA:60,0,rEsGfdC26L5niwpRfH666g
DA:62,0,0xT1f9fBRIeJnvHcwkh2Ag
DA:63,0,1nbcGacQr1q33E/YgpuJ4w
DA:64,0,MITvlx2RrvEtICnpIEiITw
DA:65,0,5aI0MuK9FCBIuzf1RlSOlw
DA:66,0,stH2fMc1mkThgwIdj7Y4oQ
DA:69,0,CT9XrugR0VmgtyLiirko8A
DA:70,0,+F/XVQYWG51/sVBin/IYsQ
DA:72,0,AqaTVuN1d9B1zsfCi3jOOw
DA:73,0,khS/mcewtwZXd9SZsRz5+w
DA:74,0,oVtbz8nkvXy1xinRHCELqw
DA:75,0,6zM1PLKApnK7an06JkBAkQ
DA:76,0,d61sZYEEfalLjPzb4MYihQ
DA:77,0,VyWdBzXU7PbG+izArEAEIQ
DA:78,0,IpaUxiHmj8VKP8OUjCj8Bg
DA:80,0,f1PFlNHOirQId/TxcMQZ5g
DA:81,0,njrnLTpqafLjR1+q+optAg
DA:83,0,u7oLwvqA92385mX2h+n4gA
DA:84,0,PRQ6TsfNUfa7MIHWn+vEFQ
DA:86,0,M6FxinwTXeq93lc/n/bfNA
DA:87,0,cUSZMJv8fdTjKhknlJULYQ
DA:89,0,6jHUtqVxGNYCtetDT8iqLg
DA:90,0,0LMFYlAe64PgOr6nWHbS0A
DA:92,0,Eaf5LVxSrGruvVMSKeFB9A
DA:93,0,JEtXUW2UgQxshOsh2fbG6A
DA:95,0,sgyaFPF+9X69P1qQN9XD2g
DA:97,0,ksXVCqtSd9Yrw9/TroQNzQ
DA:99,0,EaUhkAsnPWGwlb7dTXdXtA
DA:101,0,0Wo+e96ZyEw3POE9f+EK/Q
DA:103,0,iOilfwqFcfbuwYtnsScCvA
DA:105,0,qEW8nKqI4szpHHWIh2QRXg
DA:107,0,9E2my7R05LeDllMF2fKnkg
DA:116,0,+F3N9HsABMBLullnx4KaDA
DA:117,0,0kERN5A+oqwvay0/+85Rvw
DA:118,0,oNcQKq2NKc8hxL9Lvuo1Yg
DA:119,0,EnikoPySaxkc0VyH1bBwsg
DA:120,0,FOC4Xz8ocqotgmd12mYIrg
DA:121,0,1sUocanFdyfj/8SUIxyLSw
DA:123,0,qP+MSjI2otxZIAOUI/wTYg
DA:124,0,wk8fhwis9vlli8R+cBfnOw
DA:125,0,Ea+D1FM0DKnx51RLAOR4BA
DA:127,0,4eWltdLrsyodCgu514F5/A
DA:128,0,4AMRkBo4CaqSte2DNn0ktg
DA:129,0,PnyRBOPQ2yZIkWyMXWGONg
DA:131,0,T+4+4yFV1e+O5ZTz6XPLEA
DA:132,0,DYzHTA1qIp0IR5UW5pWhaA
DA:133,0,irwEEICy2SUDyoVuty3g5w
DA:135,0,/33XfFSE+ck198Xjcfn2FA
DA:136,0,xjcDBnSwra0OiNOAYAwoHA
DA:137,0,8sY0ziPSwtWE2kAOkbQLlw
DA:138,0,cCzhnT+1tmGi11b28Pmfwg
DA:139,0,fbqo9JDcubXRE/ktOSFoeg
DA:140,0,dpDpkWU2AUdZ+KoF+x/ebg
DA:143,0,cjyJ9Uidl9NJUYCfS2+LQQ
DA:144,0,NGasOEmTMG3kBwNtYXDeuQ
DA:147,0,4ylFE4xmRRC76gLD1WLaGg
DA:149,0,waH1l9MT3Khvt9vT0PCjeg
DA:152,0,AHLyiVJkVgF2SArOK+DXcQ
DA:153,0,wXCI2vPh2JzD6QLYp1FfAA
DA:161,0,A0AnY9PcyQGzQIrY45kx4w
DA:162,0,80m2AoOM7bz7Oc9H1ynJ6Q
DA:163,0,40+wszSde7ir7DRDFU7Lbw
DA:165,0,Goti3J3DZa1ux9QCrb+fag
DA:166,0,cGZ7dVW91vLjs9gTfQWyWQ
DA:169,0,QfteKjwtnLY7EdZHZJj8Ow
DA:170,0,9IrJAVUjxYeddHzctiJEaQ
DA:173,0,Umo6Us4vOZSgJ0uXAGIeWg
DA:180,0,B/Fo9U4/nMeRNS1JjGZVyQ
DA:182,0,hdeSplXh23HKMMyRmUEGUA
DA:191,0,Gq27srQUtmlIiqsnyBBBLQ
DA:192,0,eNsh9Dh25deyEbCMUoN+kA
DA:193,0,HOEqO2/ItlsmzkHM8x/hSg
DA:194,0,SszRdsvSn/q91iXsWkKi8w
DA:196,0,5J0gDrCi5VJCwsw7f3XwKw
DA:197,0,POmymozwI+vtXEt5hUj7vA
DA:198,0,5RwQSj6X0JF95gPGJ7mg+w
DA:199,0,xjcDBnSwra0OiNOAYAwoHA
DA:200,0,j5hM7bEcSnzD/E682tCKLQ
DA:201,0,65co2osDosuiCuYe7QVjHQ
DA:203,0,I9EFTKTQskj8/s2Vn3xTnA
DA:205,0,dYsaYf4IQCx8XPZIDz6R7w
DA:206,0,cCzhnT+1tmGi11b28Pmfwg
DA:207,0,J7qNKLnSTOZE7qTxVPlZ/A
DA:208,0,XzO14/QUw6uSGIlK3uexkQ
DA:211,0,eRJ1E8xLFavSfSCtTLtd4A
DA:214,0,n+Acza5KDuLW+rIzqJNQsw
DA:215,0,8Hoy4Ekxj2k4JdSiOqPTXQ
DA:218,0,3yanoVe/CQ7qtIyi0oSQMA
DA:220,0,ZjgxcjgF6inehfMVfuZieQ
DA:221,0,/wAFH3D0Haa2bDtNk+wErA
DA:222,0,J7v9TzjASksj8Mz30rSQjQ
DA:223,0,ZKyuYpOrfCDP6tVC6qAW0A
DA:224,0,difG0t5CXKdbOBCd5svv4A
DA:225,0,8FetQIzqXTSY5MW6wwtjyw
DA:226,0,FaGKE+zfiwW+tMVdleS6hg
DA:227,0,MO4l0L4OSrAmQ60VCpKp4Q
DA:228,0,qKBrxLdcGh5wZiO1oJuEiA
DA:229,0,9Ox0Jo+tKxoznNQ/xFi7SQ
DA:230,0,RkXuTFX3Z0EnsES4evbcnA
DA:231,0,p/wsrfUm+a3jZWicGPeBtQ
DA:232,0,emAc2E/9wGfzIA5EWh1r9w
DA:233,0,yT3XGIc+VG8RP1lHqDMbQg
DA:234,0,9Ox0Jo+tKxoznNQ/xFi7SQ
DA:235,0,RkXuTFX3Z0EnsES4evbcnA
DA:237,0,00R72GOC/GR5xzaHdyx4KA
DA:238,0,3oGTtlUjkZK0ie7jWCdcgQ
DA:239,0,mKQ3OIxtXQ7boJeg5uRR6A
DA:240,0,XQekFDJYoU0A6B5ljSwW6A
DA:241,0,it4daySSbT8UQBzNHqVtSQ
DA:242,0,wMh/9QEvFiCoGllZ9jJK0A
DA:243,0,9Ox0Jo+tKxoznNQ/xFi7SQ
DA:244,0,RkXuTFX3Z0EnsES4evbcnA
DA:245,0,00R72GOC/GR5xzaHdyx4KA
DA:246,0,3oGTtlUjkZK0ie7jWCdcgQ
DA:247,0,u5IwuZNYmsnl49VU50A6tA
DA:248,0,vMSDsuR7vUlNdaD7ixhDjQ
DA:249,0,B/LZrIHwD6FRq+N44b2Ywg
DA:250,0,9Ox0Jo+tKxoznNQ/xFi7SQ
DA:251,0,RkXuTFX3Z0EnsES4evbcnA
DA:252,0,00R72GOC/GR5xzaHdyx4KA
DA:253,0,3oGTtlUjkZK0ie7jWCdcgQ
DA:254,0,Wndmo0xGukxduX7sAKLa/g
DA:255,0,3nZAqL+QEcOYxItVyV5izA
DA:256,0,grkjP8W4Zg1P5hZCT4HmQg
DA:259,0,cjyJ9Uidl9NJUYCfS2+LQQ
DA:260,0,L/1lz+a4B5wobv255zySBg
DA:267,0,/qCZgOnk9JS30cLBgdWx0Q
DA:269,0,pR1iKoXSNPbFWKFEVnJuiw
DA:271,0,oCf6tmnc2vSt+6HhzrmewQ
DA:272,0,PcTbEV0hzFts3x18NKG5iQ
DA:273,0,oeEZytEYSQq1GAxVSnHsPw
DA:274,0,TQyJJgM8nMNJom8zsXTW4w
DA:275,0,/YQAzWESRnZjCAXTrJzVew
DA:276,0,TubdL7V7EQOnrNDDLEZEtQ
DA:277,0,vXzyVMlvR7mBbNymv9JEOQ
DA:278,0,OfdFX9JhSoTgBiY4EyoDng
DA:279,0,VVAChLUdmplHZU+a/Y8fQA
DA:280,0,G8f07o5iK2j2Fg+mfzY2Kg
DA:281,0,eBx8/flLLLZrdQ1X3BZ67A
DA:282,0,bJPoSBiuVm9r/G2yWY73XA
DA:283,0,01A35AUcM4tSw6E+Ds0lNw
DA:284,0,VoR8BX0E3ZIyCAjidcrHsA
DA:285,0,Pmll8xBve1/1/BFD5WRWKw
DA:286,0,iBx0nrSfVHkPkLjCSuwMEQ
DA:287,0,asn/07gQ7tQSS9bPsLVR0g
DA:289,0,TPhI68HIHb7oNbZ9muW07g
DA:293,0,Z9yLrDa1dtRlvSiZhnOq8A
DA:297,0,+9uLfk/aSnL+rZDHHBLcHQ
DA:298,0,yRCE19K1jfhZnTiGd/9kyg
DA:299,0,TPhI68HIHb7oNbZ9muW07g
DA:302,0,Gzz7lA95YfvCwvVTH58UmQ
DA:304,0,LOQCG0VVyaJ/22Qy9IfK6Q
DA:307,0,nHNvqDnyT3kIzDRTNx6mwg
DA:317,0,SfzBXqwwRgLGG+NliIdvcQ
DA:320,0,JaFSm67jC1t3u18UqUqdlQ
DA:330,0,nW9kX8BIuTwvMhaMIKvycA
DA:340,0,SfzBXqwwRgLGG+NliIdvcQ
DA:343,0,B/Fo9U4/nMeRNS1JjGZVyQ
DA:345,0,8s9di3qrlIFWdafInNE1Ow
DA:346,0,iUAd7sCD+mIHd8OiYNY64A
DA:347,0,qb1yGZvc9pIuzEfu6T5w6A
DA:348,0,sSAxjopayI8HANjBzvUE8Q
DA:349,0,TPhI68HIHb7oNbZ9muW07g
DA:353,0,azPycHXezu1CAv5syQcQfw
DA:354,0,Qnx+vyDg2YWTCbXdKfMRgQ
DA:355,0,3qZzcGovEHcURk28bm6oIA
DA:357,0,Qg4GbpZ5rePipM98h6AHkQ
DA:365,0,HxZXE2ou9rMQIw3pu8JF+g
DA:366,0,39QaI20BzmSVjXhzwQ+uCA
DA:367,0,2mLx+O9p02rWfwgBpicNiw
DA:368,0,3bx+NvaX2Tl0fsjKrAkpqg
DA:369,0,8JcnwH2oLldDc/CaGxN8WA
DA:371,0,I9JHkQandEbymWxUoJoMxg
DA:372,0,8hcHZzWncM4iLNEoPnGeJQ
DA:373,0,vy6CgW37KXB6tZmtM5IONw
DA:374,0,JuvH2WcHCwR8VTK2fSglbw
DA:375,0,dMhh+k6C+fitHH5nX1/koQ
DA:378,0,YsZHv4KiE5G88NoWs7a+MQ
DA:380,0,45V71ooD8aL/sqNRcVUPIg
DA:384,0,7GvUi9Gg2ADHD/sbxO0Oig
DA:385,0,m6EaWnNWmLA19pB+KZu1+A
DA:386,0,iwaEGyN4L9NYDqG2jDaItg
DA:389,0,lxGCdpzF7LFopqoZzuRKAA
DA:398,0,k4RjxVdBQ//VyezS6zsA+g
DA:399,0,LjghT5pJJJjr4cxFGUSdiw
DA:402,0,gm2QMf/VgLKAz+Sw/1D+Hw
DA:403,0,foY8IGS753C5lk4eAxPEig
DA:404,0,rqsqo08XmycM5jqFjVtHWA
DA:405,0,Mp2LMo7TnQAuT7hbu4MXzw
DA:406,0,OwtI0XBOjDVoswHx/lzpNQ
DA:407,0,UpDRKiT4k0MV0GpBXTyUdQ
DA:408,0,LMOWWRSmlDG5xRv6MtD+dw
DA:409,0,xjcDBnSwra0OiNOAYAwoHA
DA:410,0,/QKsmQEWejmcbNDrYT/c4g
DA:416,0,cCzhnT+1tmGi11b28Pmfwg
DA:417,0,pfO666vLKw+28z864627HA
DA:418,0,sOvtOfk75TbAtTgkgicGHg
DA:419,0,zZVa0hzwlKiT39eieu6wVg
DA:420,0,QfEAxIny8ylyfqCqLZ+HUg
DA:421,0,MmJ6LU40BPHpggVGnWqNyg
DA:422,0,cPBNux9n1Sli+dJnjmTo2A
DA:423,0,L7vTJ+rMCuFqJTYS3z60FA
DA:424,0,IxdOxcxhIj6nOjr3LuWwVg
DA:425,0,pBemdfpo6HFIj/tHDPOFpw
DA:428,0,ATwJVgH1TsA6ZT1kEzA7rg
DA:429,0,yJOwr5i9yg+eyU9p2FNquw
DA:430,0,Ja9cYAUrYjACwffyEhGj7w
DA:431,0,T0Wxw1I6tQUtZwIwOxt9Lg
DA:432,0,5L89eZ7JnFOVGyZSbvO0jg
DA:433,0,NhZNqDjgxvoxP6axiecHXw
DA:434,0,n8hXaUcwlGyPBYfdcJ54Sw
DA:436,0,9kZI0ML5tcvg5B1fvHBXKQ
DA:437,0,tZVypavGIo1QrBSV6r/fww
DA:439,0,lpNFvbnUTyXLm6Be+dY5LQ
DA:440,0,sOvtOfk75TbAtTgkgicGHg
DA:441,0,pIGi/Ty5TLEd6tCsZv1OFg
DA:442,0,25rGRV8MopQ9MMPM0fOn3g
DA:443,0,LNOIjDu095rR8//mCOpqOw
DA:444,0,+CFH63/U5axERMBWCFKDQw
DA:449,0,DQ/l/dqV9kie95Dx7QLnIw
DA:450,0,wKKEesG9awaAdOBeKqVUCQ
DA:451,0,SOsQNp+TgbEzzBWdxhLOtQ
DA:452,0,Dk//F4/foRdHEaFGSTa82Q
DA:453,0,FAkELePE3BkRE/P7DmvIuA
DA:454,0,EOoSpHVggUagTZA3Y4uHMA
DA:457,0,G5F4FU/YXsybCXJ4NgtErw
DA:458,0,IOPaWcnwjSXCqoparzBthA
DA:465,0,NdKN+erTLTbW6wO4O9/Vig
DA:466,0,Tk7/Pll9cmTy9Z94XSSoFA
DA:468,0,hGCW9oBuQN4bcum5sPghzg
DA:469,0,GyaBsg9dty+eMtwikaBgCw
DA:470,0,PyTKbruSf7va3rEQNfKHJA
DA:471,0,/8OSaRsMmJp+uF82kF50RQ
DA:472,0,JBM3JC2jPfmtt/CcHv3Gug
DA:473,0,6TftMlPILnpc2tFNJLF/ow
DA:474,0,Q6Gdhi8IGKrTQsOGv661Gw
DA:475,0,Z8RyTr69p1vKIo1H6Dg4lQ
DA:482,0,evJmc1N/GDJU2nwFM2wBBQ
DA:483,0,b5cC/RchjZU/slTZfu/c3A
DA:485,0,I4Uej840plwr7ciJyvDTQA
DA:490,0,S7B9wTIDEfuXegQ/ilQsCw
DA:491,0,vpnl3t3FKtT9XKnebrSVsQ
DA:492,0,EOfwE7HxK1THp1isT4NtWw
DA:495,0,YIahMWLjWHR1AqIS2GzOTQ
DA:504,0,Y5X4plzLyDd3WBrAXHYuxw
DA:505,0,9R4wmZtM9tmUebQZFNVMWg
DA:506,0,U3pxmB1fV/m4U42kymWGRw
DA:508,0,mtr4dMY4WpzTdm2P2Lo4MQ
DA:509,0,5pjnlLBfcffgOubKcUPgAg
DA:510,0,B/Fo9U4/nMeRNS1JjGZVyQ
DA:511,0,W3P4xA+vSh9GfNEPGLVqyQ
DA:512,0,T+r8r+u4r+dgudoTHugK2Q
DA:517,0,7XqdxwkETcP9MrH4/NZcWA
DA:518,0,7fEOJoIOLu3MX28J6Iy7VA
DA:526,0,rHhmw67FYsXgbQQuuDaUsg
DA:527,0,VwjgC3zmGlwBswCMw9wi0Q
DA:528,0,xFp5ZUVDwdsZKCAUVg0tGg
DA:531,0,KvwahoDM2RG8TMkTzMTRXQ
DA:538,0,cPa3dAsIk+eSRfSpgwNsyg
DA:539,0,vy6CgW37KXB6tZmtM5IONw
DA:540,0,RUHR1JH5U3unFL7RbxvMNA
DA:541,0,dMhh+k6C+fitHH5nX1/koQ
DA:544,0,WA0aL2KXDvkfde630AUKtg
DA:551,0,nUoxnMFG+zkZKBciTrxVNQ
DA:552,0,izXHJdOkIrzaQKTtuXR8Xw
DA:553,0,QTE0sb/vvIzGsFIN01hY7A
DA:554,0,pbvVteCPBYDqRMHXS7mMYA
DA:555,0,KcG4BGuIss8K16wyMcZBwA
DA:556,0,Qj5fAH4w+GInXVxbgbm3/Q
DA:557,0,yGvntne675/4+xwDYqTZtQ
DA:558,0,rZ2PMdZakrWLfGigf04nig
DA:559,0,l6PAZgQuBX3HkkOtv0IZiA
DA:562,0,TBm8ki60RIfh5cNDFa+wwQ
DA:571,0,70AXURxucxXnMhRZZVnU+g
DA:572,0,jZ9/IJoYc3BOeIAq6cJuuw
DA:575,0,06CTMwBcbxqUnUANpruYww
DA:576,0,/ULAyJ9ynEoIjj+vOxyPnQ
DA:581,0,cZaLiMMPjzeT7oXKi6lY7Q
DA:585,0,C05nf8zCn5ppm0vasLa17A
DA:586,0,mcH7MnWbHCOLBT3qM2c+4Q
DA:593,0,oUjIgdXHJKJKTE8FA1Fj0Q
DA:594,0,UbZoCj//MTwUzNVvXPBZqQ
DA:600,0,A5UWKKPloNh4dW2L5tEzsA
DA:603,0,sOvtOfk75TbAtTgkgicGHg
DA:604,0,NEjdYFLQyg0NJZPtCvx5Gw
DA:605,0,dAGp0bwmyLTPF6DvE2aWiA
DA:608,0,vBmlMV/x9U6PjrBU3k/5jw
DA:617,0,YWm6nqMWdSKD84IcwUom3Q
DA:618,0,Z+xpxIlVhiRmxocfVh1+Ng
DA:619,0,zVc/4XmpSALrVkW47uOlIg
DA:622,0,hJ4T+AGv62xOkagKpLYFDg
DA:625,0,y6lZBImOH64ShPuuK0z/1Q
DA:626,0,lw6a6GkdM+9UcbbEY+nl5g
DA:631,0,7QPen/8DMj4OmTG8+mQPFA
DA:633,0,lmpFF8bJraaK/sCS9Tv4dA
DA:634,0,sOvtOfk75TbAtTgkgicGHg
DA:635,0,oZPrsWkyvZ/9EJFPApwaXA
DA:636,0,mcH7MnWbHCOLBT3qM2c+4Q
DA:643,0,jSGQk6b13QR2IYGhDi9IEA
DA:644,0,UbZoCj//MTwUzNVvXPBZqQ
DA:650,0,uDGX7lFzMF5+npwRGDltyg
DA:651,0,sOvtOfk75TbAtTgkgicGHg
DA:652,0,wMx3o4dm9YSKvK5EhQTeEw
DA:653,0,7NtusZT58LYbESXTT7zkGg
DA:665,0,2HjtTzhiHgjUX1dPrNYIhg
DA:672,0,u/F8j9Is4htmx8+2x47Yyg
DA:673,0,DTfefs0jqDtKfK7quxwnYA
DA:674,0,B/Fo9U4/nMeRNS1JjGZVyQ
DA:675,0,6q4D4Euuo6vWt4JiHd/WOQ
DA:676,0,vy6CgW37KXB6tZmtM5IONw
DA:677,0,1psERaUs4T8Is43z1SH8yg
DA:678,0,R9/RJrSkzBbzoxBtvsMZcw
DA:679,0,B/Fo9U4/nMeRNS1JjGZVyQ
DA:680,0,xdUkBrIdWgUZGZlv23WUkA
DA:681,0,vy6CgW37KXB6tZmtM5IONw
DA:682,0,aW9ogd5GvxcC3AqDrlQSAw
DA:683,0,qyzlLWhthCBz6+MbfVgw4w
DA:684,0,jUVqACTfY9j41casa9iqZQ
DA:685,0,Mx0RI29KperpqURRhm4LEQ
DA:686,0,xjcDBnSwra0OiNOAYAwoHA
DA:687,0,zY8XgEYagDQNB7pE60oWRw
DA:691,0,cCzhnT+1tmGi11b28Pmfwg
DA:692,0,sf3i6ggHUf77aHbdMoASxQ
DA:694,0,afuKkPSx+DG2U+BtsIPPow
DA:695,0,wjoBO6kegTcthRBeYrvVJA
DA:697,0,k3orXR3rKaFvIlVy3MBSMg
DA:706,0,I+oKdG2OTvUClznP0zu+EA
DA:709,0,bGiyiKq7kTEvf3ZxIQJIuA
DA:717,0,A70lVrLkQ6OdB2XWrtXT7A
DA:720,0,HLpwKffwMatcx68a08V9eA
DA:721,0,Jv5xxiRt4kxLaR6DU7l8mA
DA:722,0,P5XyMxU+jZrZjkl/fenO4Q
DA:723,0,KSc9jfAfbtSe4Bs7hUzDfA
DA:724,0,yGftQIAyPXsRJUKhvIMNrQ
DA:725,0,ZyrCZGhEYl/gpuq5dv5tVQ
DA:726,0,k0EUp1DN9V5a7R92RYiMKQ
DA:727,0,rwxXJEQRxIbhZs2KIpGCfA
DA:728,0,nQq9qPYM9r8eqdsOU0d/xA
DA:730,0,4gxVRHcc2+FR1M5bE0SFGQ
DA:731,0,tv20BknZpPtUkH4BGaXUFA
DA:732,0,pXCv47iVuXpIPcKRRAJgww
DA:735,0,BK9/Wum2XgyusqP2rT206g
DA:741,0,SfzBXqwwRgLGG+NliIdvcQ
DA:744,0,uM5r+sAWakIBt3wO7kdxmg
DA:745,0,/+JNN5ytFWJHl77mAU8kpw
DA:746,0,cRah0tYoxwGfWoPpPqDU/w
DA:747,0,6ysZyano8qWI+mbkv7F7OA
DA:748,0,h69Iz8tWfXSYujvWSPN/vw
DA:749,0,xjcDBnSwra0OiNOAYAwoHA
DA:750,0,OBGNbQqHwvfdUCoTm5e2sA
DA:751,0,dU1AeX19neeH1Xb50qipxg
DA:752,0,PzK3LGR6J6q3phPpTonMhw
DA:753,0,llOgLq/b66+5SLOFilYD3g
DA:754,0,uRcf+17RFGHEHRTuk066zg
DA:755,0,cCzhnT+1tmGi11b28Pmfwg
DA:756,0,68CkR1Gd4cVYmt5s1dKddQ
DA:757,0,16Xfi0afpLLI/bUj5Jq46A
DA:758,0,29j0cPJfvbJesP46E4C44g
DA:759,0,8ukClw2OsX3HJrq49O4Gsg
LF:382
LH:0
end_of_record
TN:
SF:tree_plus_src/ignore.py
DA:2,0,jCZkRtax6WgHCYXG+pW9kA
DA:3,0,7HpIEQVf5K0efdTzo05mJg
DA:4,0,4rdXk5fwWeadfx05SYG6bw
DA:5,0,6vWAvNsegNqafFN4IKLrhg
DA:6,0,7Z9Lj4ed27Wf2hBX6jooEA
DA:7,0,p7hNY1S5rX9QtYADf+cK4g
DA:9,0,yZgaj2xbEiHc2EeGMcrMWg
DA:10,0,CbaU/TJ84QH5av4CQIv3kw
DA:12,0,9j0XAr95IovcoJgoXU7jxQ
DA:14,0,77JYjKKephHJhjjhfkPylQ
DA:146,0,amTA00w/mn09Kw6CJgzsWA
DA:149,0,oT/gfsTyFnRVctTYjYOnGg
DA:150,0,B/Fo9U4/nMeRNS1JjGZVyQ
DA:151,0,8N3plpxnlFhvGX3T7en5WA
DA:152,0,vy6CgW37KXB6tZmtM5IONw
DA:153,0,Tf2sxJHFIP0M/Bl87sCTnA
DA:154,0,W/g8GJDAYJkSSurt59Mzfw
DA:157,0,gl1QbnlZSwfWJTwgDFxGxg
DA:159,0,S8ufOKv1hV7U5tL3knISgA
DA:160,0,eJ6zrxnLWn/k18a2vHOhRA
DA:161,0,gCyraDxPsVbh6mmk9J/afw
DA:162,0,Hyq4Fa//m0M/IPG6pqqMmw
DA:163,0,+pNbfy9o+cr8r1Caa0Dl7A
DA:166,0,+9a6aBTURJbJy1qRq80KVQ
DA:169,0,cjyJ9Uidl9NJUYCfS2+LQQ
DA:170,0,g6KcRLYFvy1f/9wMevhXPQ
DA:174,0,wm5r7sVoKMQwlwlhmrUYUQ
DA:175,0,7hA/Yd62YVwvDMA8StHQog
DA:176,0,C1rrWe9++qJM5iQ+WySgYw
DA:177,0,Dwjd91USmMoWKfkSCVg/jg
DA:178,0,11wSgbMQ+/dcn06NhYFPQA
DA:179,0,cdFQ9oQFaapE9ZAq77V4CA
DA:180,0,MNjmly+8iosupi+a2ytyOw
DA:181,0,AqBGkXqSZ9KpipqgMra3gQ
DA:182,0,t0u24+w5uu4rlAd9gybdNQ
DA:183,0,AgN1QkLGKnWttHZqerJLKw
DA:184,0,cYgCSdOpzBEne2JYgGufOg
DA:185,0,sOvtOfk75TbAtTgkgicGHg
DA:186,0,lQB1gTITIM51ooKwwxKoZA
DA:187,0,LuJpZib689nH32XECI19hg
DA:188,0,Z+SCOgZKvwDfL7CqCwJ+2g
DA:189,0,83aV8+MJOOH3A3u2xVEjxg
DA:191,0,SOLGFoCfXt+2Swq3Qb0QkQ
DA:194,0,cjyJ9Uidl9NJUYCfS2+LQQ
DA:195,0,U/EhKGdJ6yhfP4+t5icdXg
DA:197,0,4Slu5Xmmgsur6dzam4TjrA
DA:198,0,8OZDmu/puWU61iN+AonPiw
DA:199,0,cRrrS007gJXJzI29dyD8zw
DA:200,0,eJ6zrxnLWn/k18a2vHOhRA
DA:201,0,+pNbfy9o+cr8r1Caa0Dl7A
DA:204,0,cjyJ9Uidl9NJUYCfS2+LQQ
DA:205,0,12gzR+RlkScIpekV6BWMNA
DA:209,0,mMW8A+sXUIP//QJmkNHnLA
DA:210,0,JEj8L6+iImzVeIi+2jPtuw
DA:211,0,apkQQtiiE4JOuDIBvLOUjQ
DA:212,0,RjFLq4iJLP4WrElI7O1Gkg
DA:213,0,9leLQXWKTawGZ5O3yfXWvg
DA:214,0,ZJsaAdYZGiBbgk/uDENs+w
DA:215,0,NdqeqS5YsFxDIXD8sT6h8A
DA:216,0,pg/tg4DuRApzr7pETiI7lw
DA:217,0,rhHpHzyPk28X9rq1b+ay4Q
DA:218,0,sOvtOfk75TbAtTgkgicGHg
DA:219,0,tsoF/SQhrpcLduXyAJfh+w
DA:220,0,2J0djXNOUqe34MYGx2reBA
DA:221,0,9Bi4Q4bccmCj+obqzGFu3w
DA:222,0,BzSPTSmIzpTnAmSfzusLag
DA:225,0,/S8d/HVFLOL/gTU2e/TkhA
DA:226,0,IPGkdRy70wA/cajhL2PJxA
DA:227,0,82w6yoLFDtivuEIq9sla7Q
DA:228,0,JnPlBXe2cR3GKJ6hDMbU2A
DA:229,0,n14W+SkfXVz448Qpg9tNcA
DA:232,0,I28/SB9D9VrA1GHmlhkiNQ
DA:234,0,oeLgYXmz4lcfXh1oh3/fZQ
DA:235,0,PdOuZ2UJ1N/byItFVG/Zbg
DA:236,0,apkQQtiiE4JOuDIBvLOUjQ
DA:237,0,TINuHD/JpIM2qWci7iNAKw
DA:238,0,Hk8e6lhxQGeVzfgICxmaQg
DA:239,0,apkQQtiiE4JOuDIBvLOUjQ
DA:240,0,cIx0gLH6RHUKdCAeWPFwnw
DA:241,0,1PzjXUxqS2wCUD80OGjHvw
DA:242,0,zGwvJpryY7ue2TLsQBSxDw
DA:243,0,ZmTGeiD/rNzm1QydsmScbA
DA:244,0,zFkzyYLO8EJoRO/y47unYw
DA:245,0,zLf2vWTaMUZeCbCkSk5/2w
DA:246,0,vlZnZBJmvoGup8PZkfjpxw
DA:248,0,ewNuw2A0aZK0+5ck3qEPHg
DA:250,0,sy/1QkUjhaG+aW9Y+PT7ww
DA:251,0,eqbXBPv2ES+sqKXPKY+Ruw
DA:252,0,nBUmsifC0tADZFqh5TjiAg
DA:254,0,JDIvpr9gyV7gNOnF0BOSUA
DA:255,0,Jmy4Ts89EE0JPII4Dh4Exg
DA:256,0,gyO65kA8lq5jFOkqjsupUw
DA:257,0,aECQaKS9jlKrjsdKAg7bQw
DA:258,0,apkQQtiiE4JOuDIBvLOUjQ
DA:259,0,pPAKgm//bGqsjHFtgoiYTQ
DA:260,0,rFbBj6abgd1UK0bcMY4N8w
DA:265,0,Ci7cZU9xQtQjKqjyQ7IupA
DA:266,0,QoFj5qQubVWQPymp+soFHw
DA:269,0,eyPL5JOX5QsOmI1pS/aNvg
DA:270,0,rcnf6+qwKKJX2jz0zJm1Bw
DA:276,0,of+8eqKKZL/vmlYBWHTjYw
DA:277,0,QcGXEhgPw5SBJcj4FDdmJw
DA:278,0,W/g8GJDAYJkSSurt59Mzfw
DA:281,0,TmRVbhgqXhAo4RqmY8rpqw
DA:282,0,1F6Kv+ij+7rJVevDRmgijw
DA:283,0,eJ6zrxnLWn/k18a2vHOhRA
DA:285,0,2NgG30BOle4l3LdFhSCkPA
DA:287,0,afBfWlbfZviDn2hc38o8CA
DA:290,0,TxmYse6PHPmHENeu/9Xb3w
DA:291,0,i6jUWo6ahUy+OEDwo6PpOw
DA:292,0,GVAFrWsO+QFQTR/Rq1rkBQ
DA:293,0,n05AfdIFALNK7eRaTWeHow
DA:295,0,c8NigCzmzmrq66iZDbw5Sw
DA:296,0,+pNbfy9o+cr8r1Caa0Dl7A
LF:114
LH:0
end_of_record
TN:
SF:tree_plus_src/isabelle_symbols.py
DA:1,0,4rdXk5fwWeadfx05SYG6bw
DA:2,0,p7hNY1S5rX9QtYADf+cK4g
DA:4,0,ih2ysl1urkeO3oAAmbSKJw
DA:6,0,gDu96JXYuyTLW0j7rR2b4w
DA:448,0,QOCMAPK8kJ67sC3J/dDhyg
DA:453,0,cjyJ9Uidl9NJUYCfS2+LQQ
DA:454,0,YHETnKnpkNaR6XIunEhEVw
DA:455,0,j08YOb4V4vJVPQl+nXoAKg
DA:456,0,VFZmofBLXX2HSZ+Kjx39rg
DA:457,0,Z/rXdC7Khg3C5FcLLGNKCA
DA:458,0,0pIM5wq8Fm4Z+Sbbpelr9A
DA:461,0,3v5ALvZvfaAVObhC3GaYtg
DA:462,0,WjwGi9T6UnCeonnMaM2U1Q
LF:13
LH:0
end_of_record
TN:
SF:tree_plus_src/parse_file.py
DA:2,0,4rdXk5fwWeadfx05SYG6bw
DA:3,0,hQIKbTur/UyV3TaCtKd1uA
DA:4,0,6vWAvNsegNqafFN4IKLrhg
DA:5,0,OaTlemF3bXMi5MP7Db8vkQ
DA:6,0,7Z9Lj4ed27Wf2hBX6jooEA
DA:7,0,p7hNY1S5rX9QtYADf+cK4g
DA:9,0,9j0XAr95IovcoJgoXU7jxQ
DA:11,0,cDwSGDgvtgIsuyyOFbSgpg
DA:12,0,w1CkseTns7eMUQo6jHaJHg
DA:13,0,eZ0iCd+W9aCFnk9r+g4N4Q
DA:14,0,8qP8gfWgx4Wcc5sKAlH0hw
DA:15,0,Cvk3tnRNHxjcfBJkKFBcqA
DA:16,0,iBEM/pZOA7KQwvvrlOzOSg
DA:17,0,9CTbfd5k1rVd/8/PT+YWgg
DA:28,0,4QHX9YmzF3VnYE+A0O2Oig
DA:31,0,eyPL5JOX5QsOmI1pS/aNvg
DA:32,0,+7uuRwiyKBDNyjHPlcx9iw
DA:45,0,B/Fo9U4/nMeRNS1JjGZVyQ
DA:46,0,LHdNButm7qFMJmof27zVFA
DA:47,0,E5/I+Ly/49WHZupgZbPcoA
DA:48,0,5uQ0+tr2RIqId50sbyqKIQ
DA:50,0,wPYHHPExJLS+sWQbpqA5Tg
DA:51,0,p1Kj3Cynqi6Z5Lk8R/b22w
DA:52,0,vy6CgW37KXB6tZmtM5IONw
DA:53,0,MZfwR9Pt63InG5Z7HVdC/A
DA:54,0,NvVxGrDiJsGH6QhWsv4EYA
DA:56,0,AN1obFqzA9/qMBAgLZC5cw
DA:57,0,6FgfEIGN8WM7AbfBHDP94A
DA:60,0,oxD4cDZbxq5Q2LgYqiQtsQ
DA:63,0,Be6iuR/O3pDYi3MTQW00AQ
DA:64,0,dXxxcyUCF4zdsBz/h1JYZg
DA:65,0,tPUkk3ndRBCkHEPffdZzVA
DA:66,0,ecZtW47/lUEz9qCK7tsEcw
DA:67,0,JWryB/SnHgMJmNtmUQ1pOQ
DA:68,0,U5v5EV7jnOV6fahRt8DKRg
DA:69,0,36nhX5uNeAhEYEX/fBMylg
DA:70,0,X3gsoB+fc0j01ddf7YK8mw
DA:73,0,9+19ltOrw6qmpc18AKSuPQ
DA:74,0,sSrnWiytl39QvotPFeRuWg
DA:77,0,FXbrkOXNW6AIBKAXXMApgw
DA:78,0,cRah0tYoxwGfWoPpPqDU/w
DA:80,0,/ijPE4JXA/Fw49iy7IIy8Q
DA:81,0,bceleae55HazeETIbloulQ
DA:82,0,OKB5tNlNqK1ciWIP/tXnkQ
DA:83,0,Gd/zev9ik8XHeBIG38R30Q
DA:86,0,d7b4jdP8taYu2YY+NLdTSg
DA:88,0,8pVic8TIaCiGpzpapF7mwQ
DA:89,0,hP2ZiuZGRekt5PAsUlv9ow
DA:90,0,nfXf0tyI5nwgcvL+DCLQ0Q
DA:92,0,Dx4Rx84wgyUMSVw9+UScAQ
DA:94,0,7ghSJkXB4j2EBMjZF+Smag
DA:95,0,wsLcFJyL6DdE515IefOmpA
DA:96,0,Lqk/BIsrbrKBiSkU6AY+Iw
DA:97,0,/6j/57UQTpQn780hlPJhxg
DA:98,0,xq4NYUM7pwApc2s2N/1oBQ
DA:99,0,tfBkLZPAko2qO6OkFSvxIg
DA:100,0,kLwT54p/H3jfGw5MBWlrmQ
DA:101,0,1/UNVEaK2i4F1HYKH9lmfA
DA:102,0,67mRz7xkYbh50DfXluSCxw
DA:103,0,9R0g3wUZHmeGy0ul3K5C+A
DA:104,0,aFa2pdflKUYmAYFNs3NJVg
DA:105,0,Y2BqAaOMlVsVSO90T2u7dQ
DA:106,0,VmZzngHVkOTn2WTx3Pofag
DA:107,0,zclR9uiX7Ys5dxxIbDzUYQ
DA:108,0,mYNQrH2YxBIgdr86G5eYuA
DA:109,0,WxPdt87NWRhZSW1RLqrGVA
DA:110,0,xjXgXFMoMOOAHRXVnHu6Yg
DA:111,0,S5GoA2n5WgkEtHLgC3Wwuw
DA:112,0,7nGXasqGKwhGWXDLPBNZ4A
DA:113,0,NSKxj00Vvr9canzGZaRDyQ
DA:114,0,UysFpOTLS0qluLZGzBm//w
DA:115,0,XaoyAi/Wcmd7MyeOKdg7jw
DA:116,0,s0c0PKfb1vQoFbURmA1anw
DA:117,0,Ezf3X2wTwTQiWDTrVAVZZw
DA:118,0,3X0FbUBlzWt/mG5gdZJD0w
DA:119,0,/TciZAf1Vd2Rr2frc/4+Mw
DA:120,0,yO6Ype6m93h8kWRDxGiCsw
DA:124,0,hVn3Qm4aGhtITJGZOO+Org
DA:126,0,qDgv6/W1CnxzzMSRAvWqIA
DA:127,0,/hyLjC2uOrW00ZJEMBUKcw
DA:128,0,BxkEMmWkQOzrrbLbwEbz4Q
DA:129,0,z4rgnLJ4AZs4gMRqQG3zpA
DA:131,0,L3PcR34zMOs0OG7UWybzlg
DA:132,0,Oc8SKQUadK9lfMc189JnYw
DA:133,0,h0RtCMsVUM7cbvep9oI1Qg
DA:134,0,Sc1oUAmUSXtH7RBjDnzM4g
DA:135,0,AK6vaUAR5DqJQ9LuDegekA
DA:136,0,XKea6oBcN6n399D19muqpw
DA:137,0,WywBK3gxUnN0QZas5LQ35w
DA:138,0,+40TdLPFTqwoiCuBvXxOLw
DA:139,0,hJePqZQ81ieUYYyeFxj1lw
DA:140,0,pnN0GKryhhk05Kre7Ua9LA
DA:141,0,rVn6s//pEqTqQIHwQ21fZg
DA:142,0,vbPOMju7j0kZsHgdvLLtnw
DA:143,0,PD6kY6E4L7RCfuCxc8Plxg
DA:144,0,mOGIVmdNkZLqK4QT3RBITw
DA:145,0,FyEWBt18O80//z31e1eOjg
DA:146,0,dmsYjp7NmgPKoVbRxs3N9w
DA:147,0,Qoh+lKyr+0bWw8oAd12m9w
DA:148,0,HuDqPyPpNpJ1J/Lr9fKY5g
DA:149,0,+wMGtGNQIIjoTABpoOcwmA
DA:150,0,LVvabg/vAk+zHJRIhfExzg
DA:151,0,rTKY7k1fHmm1x/zlci+6Tw
DA:152,0,pIfHAi8xwGZkPqRcTrDV8Q
DA:153,0,xDpjOnLIFtELx/3yhHc5vQ
DA:154,0,j+eWRMhkukqgLWQaplBKFg
DA:155,0,jw3cqs3TSSOMS8c8mvOJXA
DA:156,0,QTBsima0LNJUdIwvY5FMPg
DA:157,0,zRH7+cRJG2HGqCmT4+39Rg
DA:158,0,i4rjErbAU4RHF163eAj6hw
DA:160,0,pX1OQKrdYTjsSZ25nXvN2A
DA:161,0,D1ymbT5/w20+AfmvAlpxaA
DA:162,0,FusKQi5bA/CrLpAjU2UR+w
DA:163,0,KB1W4A8wFo55M6gIK72S0Q
DA:164,0,AXrT5P6u2rhfjWXzsr/7CA
DA:165,0,VJm1gUoNE/pXJgRub1UHtw
DA:166,0,DntO3dah60KM4//R516f8Q
DA:167,0,YbsRfIZTYVvHLHASFUuSkw
DA:168,0,Sm37JV7Sqf3nG8L9wpHjTA
DA:169,0,4dqKZlTh2oYI56OWtWZaeQ
DA:170,0,o73Hf1VZZLYC0E1mo/hEiw
DA:171,0,FQbEHFGpgiPzcLiIQ8UCjA
DA:172,0,q84z6zhqv1wseEbTnziFLQ
DA:173,0,gZBxvvID1qWgs1gmSzWQ1Q
DA:174,0,sH4N7cbXL7Jxe9F8KIYMiA
DA:175,0,P0K3Kh1+gU7VjD/prwyehw
DA:176,0,qdoB34ZzmAFqy64o+aVbqw
DA:177,0,FQWp8c4NHlALtB54EeKF7Q
DA:178,0,62T8CcDwT7n/H+Ak6a5HhQ
DA:179,0,0Jz/L+hYxRlTb4B64r3qsw
DA:180,0,dwLYAuRtBTyzFyCLENBGCQ
DA:181,0,fJJfQd0CtPjexPCvCPQMvg
DA:182,0,f676HwQuvGGjHFRoYpOJfA
DA:183,0,uhuvi8rNOstJKBc5IbMv5g
DA:184,0,s8/eRBtd0WgxRl8TO7Ztkg
DA:185,0,cPWyoiZpNpay8lGuhuoQNw
DA:186,0,4EeLnAHvM59LnGiQFcywjA
DA:187,0,D4NFAoktj68awpVcmytztg
DA:188,0,WuBTBDQhdqhaV+8fLH6vYA
DA:189,0,KXyTH0JVMXEZwalfu2gp0g
DA:190,0,WQIwjcetkoTgeIxfM27aSQ
DA:191,0,nqL22UNzbEM57gloANm+qA
DA:192,0,HMykKLoINkiThZQ2OCnq+w
DA:193,0,3IGsGJULVYv75p9MhU84Rg
DA:194,0,e/zggY+yyT5aul2L54i9Sw
DA:195,0,H8tInZDACylHL1y14E5Z3A
DA:196,0,1xB5Pg8MqtgW90b9i/j99Q
DA:197,0,byipn8uTO21l7gxX8mps5Q
DA:198,0,OMQPQdkhdMRI7UYd26Ue9Q
DA:199,0,HvC2tostm36d9JzMUKn7ew
DA:200,0,CKCRIoudxZfefu3+mvhi4Q
DA:201,0,ERrS1kZyQzENimH6gmU5hg
DA:202,0,okwz5lmuENVfYaTGUPmCMA
DA:203,0,P7G0iYzC2aN43QvooD13Pg
DA:204,0,jMDnHQywiL66bKIO3SZtjQ
DA:205,0,haJqPQVgeMIxq3W1T6yX8Q
DA:206,0,+RCPdagjKzhM0hmJ5F7cIA
DA:207,0,JWNgUaKk0UkzzohoEMMQig
DA:208,0,4pvz62e+ce7JFb5C1YZ+2A
DA:209,0,23Ve7C6LpMmFLuZ28ob1PA
DA:210,0,IswijfOgrTdquuSvuThKXw
DA:211,0,OjgnXFoRODxuYYM9PR1Shg
DA:212,0,bZ45nRa5R1YMzW32l72/VQ
DA:213,0,LiJcR9+Cntp3Q32wiP/2Tw
DA:214,0,OfJae6guAEQDZExd01WQzQ
DA:215,0,EzTIjhUGsCNFoJ28azBjKQ
DA:216,0,b9apcN2BVKt+fHZkra/cfw
DA:217,0,xnZwwN1zhNnrBuBITjqmSg
DA:218,0,wFdmmH/rjKdwausWTjaeXg
DA:219,0,kJrbTu/mXdAbRDBi8jAOag
DA:220,0,kzx9woKL0UqicN/JGnHXag
DA:221,0,7teJ82yXPNgDowI2lzcYWw
DA:223,0,JfM9+5YmrOCo5W/llL621w
DA:224,0,euLcWGjYIAujIZwuQEVwcw
DA:225,0,q4y06DihOI79aOe3AhxRMw
DA:228,0,O/Io09leeCY0/ZzhkzOwiA
DA:230,0,P9ASlJyzTxvNyEIas9ZU/w
DA:231,0,S6xjJ+YZCFkmnfuSpKoCGQ
DA:232,0,0cVKA9QOWAqpopq8Pq7pcg
DA:233,0,N56g9CWF4l6kyJpt9epEGw
DA:234,0,a+h1Kn1yy2sHo8y5X8LvNw
DA:235,0,Hl/cOliS1I9DzY/O0VWd2A
DA:236,0,7h1OozweBNHU1hKenezU0w
DA:237,0,bbo7dCaZqh4H0qGaGwtaQA
DA:238,0,f7c1aVJCFHFWkqZWPsE6tg
DA:239,0,UQiavTY5HiWp1LjmqKsi6w
DA:240,0,00AeXhYFNHlnueCXe8PctQ
DA:241,0,Npaot7EaziunRw8KhestOw
DA:242,0,nVoaxaHle0lQ8C8qOOpHwg
DA:245,0,3qfdk/RGXVoH/CcF6QT7SQ
DA:248,0,1b/++VBhX3DHLFr604YzRg
DA:249,0,JSMerHY0sTA4/Ki6Nkhz6g
DA:250,0,zPuWg9QnJAGMEKZ+swCtmA
DA:251,0,bCKPEiF8o8+87SQ6zIa38g
DA:252,0,UxURH3wAVf9ozCnwctDAqQ
DA:254,0,NSLdpIltc4JcyWkV+Q5nDw
DA:257,0,zo28DMQNGl+VWxuGlCiHsA
DA:258,0,xOZzxNOOLFDedSIDTqq88w
DA:259,0,f0wv9wO8RI/IiLyJzBxeIw
DA:265,0,X3gsoB+fc0j01ddf7YK8mw
DA:266,0,jRSce1fImOjffJLiErI9LA
DA:267,0,AwWU60laET//5WUOoo7agw
DA:268,0,iM7/D10l1Frni4v3wAwAXg
DA:269,0,jcOjALp+X69FZewjljveAQ
DA:270,0,ZX7MHz4L0o/7oYCJE2iZcQ
DA:271,0,6MJv4xQ4WeIiTTQgf6voAw
DA:274,0,XVypqZ+zst9VDKMga/vvWg
DA:275,0,JPzcnEg0dYPJv3ALizXZ6A
DA:276,0,pJZZ9mwAixIEAYAAa1bF9g
DA:277,0,Ln9tsn2+KGk7pYQ8xL0+Sw
DA:278,0,/OdvzQnLBchUzs24GSiv2A
DA:281,0,sFj6Gy6j+wC+HmeXUesIYA
DA:282,0,dGrfAabt0EilsZAa832pfA
DA:283,0,N1QdxYekR+R7XBLHDRa/eg
DA:284,0,JfQ2w0W8oRdj2aOubzUzyQ
DA:285,0,qxq33zssXd9HiMXiaxJaLw
DA:286,0,SSdndOEQI+sJi0df32i5+Q
DA:287,0,lcdcTceNuX9kCKt3UURNjQ
DA:288,0,HRmYgrUgQRrlHMAQ7gWdXQ
DA:289,0,IgPSeCL7rorAdkwjaaTI5Q
DA:290,0,t4kjhmsra20VK2nGMIEiJA
DA:291,0,QiS57MIJsez0vVCTOWpmWA
DA:293,0,loq7hBysrzhczIyApM05zw
DA:294,0,sNbBlTAkAypFtlNUBAZgTw
DA:296,0,JlDLErRUGZnUhfbJ8KzUUA
DA:299,0,oEeIoBXZHdc5UdQjJy7Mpw
DA:300,0,mU48N/dO11WQ5/dS6gxSBg
DA:301,0,Dxs08LtDyqDCwG91i/LRLQ
DA:302,0,WiFVX7RoKxEzCTYeILmc4g
DA:303,0,EecP9aS7CdyKtSKKc37RAQ
DA:304,0,c4ZXZdLQVbmJr0J5CYsJbw
DA:305,0,onbxljdgx75SqCimnf8zIg
DA:308,0,5UPeWu/LK+HoIiTLhwC0Iw
DA:309,0,b2C52qF7C8qcX4b7qZ/AtA
DA:310,0,f0wv9wO8RI/IiLyJzBxeIw
DA:315,0,X3gsoB+fc0j01ddf7YK8mw
DA:316,0,jcOjALp+X69FZewjljveAQ
DA:317,0,I/qVcT8PgQKRBellxt4Utw
DA:318,0,JPzcnEg0dYPJv3ALizXZ6A
DA:319,0,XVypqZ+zst9VDKMga/vvWg
DA:320,0,yL3D4oA3ecHe61vniBPf/g
DA:321,0,LHJlZf8TPY3EaxFnMmz5Kw
DA:322,0,p9H3eWx9KzHjBAkx4KYZOg
DA:324,0,WiFVX7RoKxEzCTYeILmc4g
DA:325,0,AvvrGQybysT4NeNoM9nQ7w
DA:326,0,c4ZXZdLQVbmJr0J5CYsJbw
DA:328,0,onbxljdgx75SqCimnf8zIg
DA:345,0,ld+3oRmWtc4+as8r0FFxCg
DA:346,0,UhakEEp4mERrRRn3f2TaPw
DA:347,0,tyPPBTN4T495TJ/FMQeaBw
DA:350,0,c6CfmKiTbZqEZDCsEUOxPA
DA:376,0,X3gsoB+fc0j01ddf7YK8mw
DA:377,0,QEgVi3c8BPHwCdIRsHisnQ
DA:378,0,+b3Gq5uLN+3bFFgI227Hhg
DA:379,0,5u94Vg/+4ErVU93E4IeTsw
DA:380,0,8HYNiuZ0qb8BazdQ4KtEGw
DA:381,0,JPzcnEg0dYPJv3ALizXZ6A
DA:382,0,fYCB4y/m0IubnT7x3pdZgw
DA:383,0,vdZChB3s+kDO5IWg7tR27A
DA:384,0,HLJ2TxcwhYpn29BVzFKXhQ
DA:385,0,3yd40QUzgnqEqJrcTFrVvA
DA:386,0,C2AVaHwpAwLoKviheNtOwQ
DA:387,0,zsY80rBi80gwg3Wq0vnNtQ
DA:388,0,u2TgBkVcYbUWG8CgL9yidg
DA:389,0,rYkokeddeoya3ztNJbN7vw
DA:390,0,8E3ctnEmAbEBsuhcjtdS9w
DA:391,0,Qc0S8uNtj40GJvEUIG6e3Q
DA:392,0,gPD34pQiJxldzFa/aE/w4Q
DA:393,0,jqk6gtexkRwlundmsU7aXg
DA:400,0,CUf/30xpMietsmdrbOQOQA
DA:401,0,xTui6nT+vFGtGtfLzE5EqA
DA:403,0,O9jKK+vPlj8RS6j+OQOBgQ
DA:404,0,Op7hfUZKoX2aSPtS7QSGfg
DA:406,0,B0SgsOF+p0ZEwnjhhPkbBg
DA:407,0,sOvtOfk75TbAtTgkgicGHg
DA:408,0,AP81h+8Lr2iqo9WNDm4Z0Q
DA:409,0,d8gziTv+3Q+zTmyhCW6fUw
DA:410,0,bJtbR9Uc0UHlXOkGL1BplQ
DA:411,0,zN4AbQ4inOM/jmRsRbWsDw
DA:412,0,isHuNS45xCqsOHwyesp4/Q
DA:413,0,bJtbR9Uc0UHlXOkGL1BplQ
DA:414,0,eeiu7AJhBdby5pgn+VCfOw
DA:415,0,rz5gdQtnISofdiMkLf69wA
DA:416,0,bJtbR9Uc0UHlXOkGL1BplQ
DA:417,0,LN+ZSI8jYV7KSct5SWw87Q
DA:418,0,OJBWCUHy3wzgO+lfViaJvg
DA:419,0,bJtbR9Uc0UHlXOkGL1BplQ
DA:420,0,68TQ6v94QNPMZc0f943J3g
DA:421,0,CBSI1gcn3/AiXkIuZBIIow
DA:422,0,WiFVX7RoKxEzCTYeILmc4g
DA:423,0,rDTX5mMErQio60BsVGhf7Q
DA:424,0,BgFz+b/pPunB8ap7VedsVg
DA:425,0,c4ZXZdLQVbmJr0J5CYsJbw
DA:427,0,onbxljdgx75SqCimnf8zIg
DA:430,0,cjyJ9Uidl9NJUYCfS2+LQQ
DA:431,0,j5wa6+4Z8yLq5FKJtvlAPw
DA:432,0,jJxoiBMLjDPdQ+1NcAXXEQ
DA:435,0,cjyJ9Uidl9NJUYCfS2+LQQ
DA:436,0,jTsWEFXW9Z9/9Q/vvLsMkQ
DA:440,0,B/Fo9U4/nMeRNS1JjGZVyQ
DA:442,0,W9lbhzgOO8U/2vfRoNvrPw
DA:443,0,VaTGSZq6e0iOTLXn3xFGEA
DA:444,0,vy6CgW37KXB6tZmtM5IONw
DA:445,0,a+PfmIMYd8zDOn9EJonKTQ
DA:446,0,W/g8GJDAYJkSSurt59Mzfw
DA:449,0,FB0ibBpYnjDwYSiezTghow
DA:450,0,HHqoRtIJPBBIZgQL9qDT9w
DA:451,0,zK/XJnjAuAUHNgtzV/p0Sw
DA:452,0,Swryphb22wV33RGuSRqSEg
DA:455,0,21VQbwL7B5l7R2GXnOveiA
DA:456,0,zrm4F1Pnf9Y59rggacl/+Q
DA:458,0,QJDoicbQkoERR9Wf7LREqw
DA:460,0,f0wv9wO8RI/IiLyJzBxeIw
DA:474,0,X3gsoB+fc0j01ddf7YK8mw
DA:475,0,jcOjALp+X69FZewjljveAQ
DA:476,0,oc3IK7zGO3759Jr0GJozgw
DA:477,0,JPzcnEg0dYPJv3ALizXZ6A
DA:478,0,XVypqZ+zst9VDKMga/vvWg
DA:479,0,VkykdN72ACM2VWXPr+nOKA
DA:480,0,VvHyxpOvIBeKlmh7fTB4vQ
DA:481,0,Qy6f+RUr4s8ADrbGvz1rYg
DA:482,0,SYEKNP7/SV6h9kK02VYO5A
DA:483,0,+7o4Ehy4N1gY6h62ZrLenQ
DA:484,0,4691M9mUU9fvCl6ZqF190w
DA:485,0,MN9sgwgSBE3rdlSv4jrX0Q
DA:486,0,uWjU77gVgyw/GPEQOydInw
DA:487,0,dioYzaZ5Vkmp2rKyNnUjRA
DA:488,0,AP81h+8Lr2iqo9WNDm4Z0Q
DA:489,0,d8gziTv+3Q+zTmyhCW6fUw
DA:490,0,j0BvxUdz1RrtlgUXqnAgJw
DA:491,0,higTnymICuVPjW7KHOmZwg
DA:492,0,SxXLqtxJfz8342x8y4NG/A
DA:493,0,J9wp7K7gS1GCw9B86yv+Pg
DA:494,0,CrjUU/vt3n+Jswm0dXjZ7Q
DA:495,0,Qmu7AyQPXcJksP9UuvnBrA
DA:496,0,c/4qfZBlnQh2737kYR+PyA
DA:497,0,1+gdRyqhXw5G9S+yakDNCg
DA:499,0,WiFVX7RoKxEzCTYeILmc4g
DA:500,0,TeNJAnfhfbkGan1sd75afg
DA:501,0,c4ZXZdLQVbmJr0J5CYsJbw
DA:503,0,onbxljdgx75SqCimnf8zIg
DA:506,0,E4/GCbkcAXIDu6oOvv+vKQ
DA:507,0,tNdxmLpQ1tVFvmQhVRX3WQ
DA:510,0,FWm2y8dErCyd323sbaV1Ew
DA:513,0,c6CfmKiTbZqEZDCsEUOxPA
DA:525,0,X3gsoB+fc0j01ddf7YK8mw
DA:526,0,+b3Gq5uLN+3bFFgI227Hhg
DA:527,0,nHY9wUmgR+E1av3KiPF56Q
DA:528,0,XVypqZ+zst9VDKMga/vvWg
DA:529,0,zc6N9//PZwsZ6YGJX3hCqg
DA:530,0,rsFKrti3iSZHhUn8WTKc3A
DA:531,0,h+GFAprvf74/1ER2KQtZ+g
DA:532,0,iW1xW/iLijLq4fuNQrAawQ
DA:533,0,qWWctiIRB3JgYW0W3PILrQ
DA:534,0,fM4IDj5e4MqaKSJow0HAUg
DA:535,0,0tpxq/7VA37vTbSQUVDfag
DA:536,0,tJ5SyFyA4z4OEGzxfKEuAA
DA:537,0,j9WvSW8VMvvCoI4aFgGX6g
DA:538,0,aiJUgxZ0RF9XYs5ZpPU/jw
DA:539,0,A0qSIMCFbFy2Z3EKMJMrdg
DA:540,0,WiFVX7RoKxEzCTYeILmc4g
DA:541,0,iFqroEfIStgGf2aRghJeZg
DA:542,0,c4ZXZdLQVbmJr0J5CYsJbw
DA:543,0,onbxljdgx75SqCimnf8zIg
DA:546,0,Ba35KcfB1JQ4J2jqe0WCUA
DA:549,0,mlOwIRgRbTzHNUBkvWf7Iw
DA:550,0,VdyNIs5ULALixvSNLrIVbA
DA:553,0,dd4c6Df9TsiiBmt+EORqYQ
DA:566,0,s5ns6iLe7hDyxvnHbbzFWw
DA:567,0,zOjT9rLvah1vRk71+m1d/Q
DA:568,0,tyPPBTN4T495TJ/FMQeaBw
DA:570,0,X3gsoB+fc0j01ddf7YK8mw
DA:571,0,kr4H2w9P37A7tw+g06DntQ
DA:572,0,MUdfqrhA52sSA17IS1gD3w
DA:573,0,0A9F4XpK9D/d3/WMhoRHPQ
DA:574,0,+4LElD0Z6gAgK69pQ3UhoQ
DA:575,0,VMVdFX3j7x4WS2QtNao1+Q
DA:576,0,JPzcnEg0dYPJv3ALizXZ6A
DA:577,0,XVypqZ+zst9VDKMga/vvWg
DA:578,0,AND4cPU2iyhzchgKUQ6mWw
DA:579,0,P6wXj8uF2MeZ32bCfWem/A
DA:580,0,86HN47DpifIhLtVCDbGriw
DA:581,0,NdivNLaG5RS0bYj0ikNJlQ
DA:582,0,rUzpeWciqCer7SC9O1OQaA
DA:583,0,b9gk3yh/zN2cfxUxqkhVtQ
DA:584,0,SxXLqtxJfz8342x8y4NG/A
DA:585,0,hNpSlqSvSTUjhTyhdzmnTQ
DA:586,0,86HN47DpifIhLtVCDbGriw
DA:587,0,NdivNLaG5RS0bYj0ikNJlQ
DA:588,0,rUzpeWciqCer7SC9O1OQaA
DA:589,0,b9gk3yh/zN2cfxUxqkhVtQ
DA:590,0,3yd40QUzgnqEqJrcTFrVvA
DA:591,0,oD2DptUPO5pcbvC+cWXyLQ
DA:592,0,CKqQLHYaMxokxNIagKJORQ
DA:593,0,uFtBThwuhvzTMP5Bj5LTkQ
DA:594,0,BZUpSP1YE7PWukk8ovkNAA
DA:595,0,ricWgW1EhFq4FaedH745WQ
DA:596,0,W1k0oC4s6SEU0qkneWy0sw
DA:597,0,SvNThzhxB2wbJdjhnnuorg
DA:598,0,BZUpSP1YE7PWukk8ovkNAA
DA:599,0,ricWgW1EhFq4FaedH745WQ
DA:601,0,Dvmmb9e8HVq8/+J2HDIKNA
DA:602,0,+rla0Yyctv+Wr2+oGgg1UQ
DA:603,0,AqqQ64m7Uoq0iXZM0oy98A
DA:604,0,hy13axE/tsA+YxYcHdWAgw
DA:605,0,Zqte89Eyg+tTXtHPp6S4lg
DA:606,0,sOvtOfk75TbAtTgkgicGHg
DA:608,0,CKS9igrbJrE0nd+hi/4qpA
DA:609,0,uvsSLOC9ikgWBGhqm1+QhA
DA:610,0,hy13axE/tsA+YxYcHdWAgw
DA:611,0,Zqte89Eyg+tTXtHPp6S4lg
DA:612,0,sOvtOfk75TbAtTgkgicGHg
DA:613,0,LSTR7nXnK9nMto9v+yRb0g
DA:614,0,KaX4sOm1vTOMuwTA/lARHg
DA:615,0,ricWgW1EhFq4FaedH745WQ
DA:617,0,WiFVX7RoKxEzCTYeILmc4g
DA:618,0,gvGzgNchjYEvATkZaVc7aw
DA:619,0,pGRUC9Gbbplni60GynfxNQ
DA:620,0,Nt1MtXjZ1O8Wkt8HLhieZw
DA:621,0,wVcYfk+DnOWW8Euovtqoow
DA:622,0,lq9Ux+9P4gw9l+YRL/mCTw
DA:623,0,NAG1ifkzwuYQuvEAxokLKQ
DA:624,0,0SwKqdEIMz6LtcbxzAi+Og
DA:625,0,nCN9eee1XZuQUUSPIiYfhw
DA:626,0,c4ZXZdLQVbmJr0J5CYsJbw
DA:628,0,onbxljdgx75SqCimnf8zIg
DA:713,0,Lak1aelih4LUBgACZw6K1w
DA:716,0,hOmkbHCwTg9rrOhk9otgSA
DA:718,0,O8SOmoDcKui8F8RnspZ0rw
DA:722,0,tHjFSsYL+TG0k07apFcVMQ
DA:743,0,Q1Rym+4WQb+yxrVnKNUT2g
DA:744,0,7oROWyxWYhthkIrhU6iVBQ
DA:747,0,y/hF0r2TtQPgh5LvhV84bQ
DA:748,0,X3gsoB+fc0j01ddf7YK8mw
DA:749,0,xTnB4cPwhKRD46ZR5dN1NQ
DA:750,0,FMRJWUvsA76pC0Thrgu1SA
DA:751,0,zc6N9//PZwsZ6YGJX3hCqg
DA:752,0,EIR58MS0PnHeWrriFZmMSQ
DA:753,0,XVypqZ+zst9VDKMga/vvWg
DA:755,0,5+scc4bRwd8ZQ76MQjLPYQ
DA:756,0,+ir6wFCP+5wvwHWl5Dq1bA
DA:757,0,Uu9CUA6WKZt+DAXKpuVy/Q
DA:758,0,RaCqV7OVp3UPwGtVnaHp7w
DA:759,0,HoiqSkfbUArCFsZiNCJgYg
DA:762,0,V7fzFoTHKPSpC2jl+2kG+A
DA:763,0,IuRCiTycl10HIJRGiL7c2g
DA:764,0,Uu9CUA6WKZt+DAXKpuVy/Q
DA:765,0,RaCqV7OVp3UPwGtVnaHp7w
DA:766,0,HoiqSkfbUArCFsZiNCJgYg
DA:768,0,Wq7fCH4G9Jac2pV+adhxnw
DA:769,0,+iqIgW46VI+L+zJRpXMDvA
DA:770,0,pEWT4pmmhfFTLxhqDu+/ig
DA:772,0,+5tpJJ1wjyF7YUu7xDnnwA
DA:773,0,eagWB0i4k0VlX4gbLsz98w
DA:775,0,sMn2h1A0UQvq6vlI8+JevA
DA:776,0,Qlp0RLwf+69H/OuZr9LPyg
DA:778,0,WiFVX7RoKxEzCTYeILmc4g
DA:779,0,4LPWlc+tcoT6okYpPL130w
DA:781,0,c4ZXZdLQVbmJr0J5CYsJbw
DA:783,0,onbxljdgx75SqCimnf8zIg
DA:786,0,CSfgE1uaXLuyg+19hiq1Ew
DA:787,0,2rRUvRtMdRnVsRhpXbxsgQ
DA:788,0,y/hF0r2TtQPgh5LvhV84bQ
DA:790,0,c6CfmKiTbZqEZDCsEUOxPA
DA:798,0,X3gsoB+fc0j01ddf7YK8mw
DA:800,0,+b3Gq5uLN+3bFFgI227Hhg
DA:801,0,G2tHCmEDRbNVRsPGE3iCYA
DA:802,0,XVypqZ+zst9VDKMga/vvWg
DA:803,0,zc6N9//PZwsZ6YGJX3hCqg
DA:804,0,amrp4MF9LH/IBI8VlaHcRg
DA:805,0,WiFVX7RoKxEzCTYeILmc4g
DA:806,0,a5SEOXo7697F9k2qLdav9A
DA:807,0,c4ZXZdLQVbmJr0J5CYsJbw
DA:809,0,onbxljdgx75SqCimnf8zIg
DA:812,0,4si18AL3cn2EjSXsTuK9Bg
DA:813,0,93Qh7HxMB1KPe/yews5FoQ
DA:815,0,c6CfmKiTbZqEZDCsEUOxPA
DA:826,0,X3gsoB+fc0j01ddf7YK8mw
DA:827,0,+b3Gq5uLN+3bFFgI227Hhg
DA:828,0,ECGatkQB70bm0PX4y5TSIw
DA:829,0,WYEzGHr2rk0PxqY4NEwoUQ
DA:830,0,LjYUAz2e37SjzNtNPYR32Q
DA:832,0,onbxljdgx75SqCimnf8zIg
DA:835,0,KfZDKhNrqg3bK6zz9XXcMA
DA:836,0,Q/BQEYi5vF2rUSU4z+ZGPA
DA:838,0,c6CfmKiTbZqEZDCsEUOxPA
DA:842,0,X3gsoB+fc0j01ddf7YK8mw
DA:843,0,+b3Gq5uLN+3bFFgI227Hhg
DA:844,0,1EZ+39MTM97AmHD46IuDqQ
DA:845,0,phEl/wIRnpW49P5Ndz4WXQ
DA:847,0,onbxljdgx75SqCimnf8zIg
DA:850,0,+FA3J+yIBSjeZgMYpjUXVA
DA:851,0,qVUMEX0uMwbxnNN0Uvi+PA
DA:853,0,c6CfmKiTbZqEZDCsEUOxPA
DA:865,0,X3gsoB+fc0j01ddf7YK8mw
DA:866,0,+b3Gq5uLN+3bFFgI227Hhg
DA:867,0,zc6N9//PZwsZ6YGJX3hCqg
DA:868,0,iOsOKy5bknYQCuZnFqBkxg
DA:869,0,XVypqZ+zst9VDKMga/vvWg
DA:870,0,MpRYtyRaLqPJRuEUUnOwKQ
DA:871,0,+ir6wFCP+5wvwHWl5Dq1bA
DA:872,0,gujOXeiDoX5i996feTsHoA
DA:873,0,f7M0P3mgRCIwQkIeofO34A
DA:874,0,sNwmM5PhlkHWr0TFje0uYA
DA:875,0,d73BYt71CePK6aoy+tPFuw
DA:876,0,y1NB5+I/jLOmvBIm2wX9Aw
DA:877,0,Pa6V4/C6pLLu2QzYC3CE3A
DA:879,0,WiFVX7RoKxEzCTYeILmc4g
DA:880,0,vc+rWW19MtF4K3uyiQlnKg
DA:881,0,c4ZXZdLQVbmJr0J5CYsJbw
DA:883,0,onbxljdgx75SqCimnf8zIg
DA:917,0,lW4mj9KvZGObPYnxjyFoQw
DA:918,0,jqxns5v/ZpC1T/5Io14aRQ
DA:920,0,tyPPBTN4T495TJ/FMQeaBw
DA:922,0,c6CfmKiTbZqEZDCsEUOxPA
DA:933,0,X3gsoB+fc0j01ddf7YK8mw
DA:935,0,+b3Gq5uLN+3bFFgI227Hhg
DA:936,0,zc6N9//PZwsZ6YGJX3hCqg
DA:937,0,XVypqZ+zst9VDKMga/vvWg
DA:939,0,pSpp9Q7AyPJXTweOfCZsMg
DA:940,0,k0sPlkoDoKsWZKfsXYuVjw
DA:942,0,l1MKTKP7gijZEleciOKjtA
DA:943,0,FoYJQmhyuWCTVCDOQOlIpw
DA:945,0,65glsitzDFLK5EZMoUz9Lw
DA:946,0,RBYTv8Ffu3OzgCLxybj5DA
DA:948,0,8RjR2PYUJNmY0zJm18ws1w
DA:949,0,OJBWCUHy3wzgO+lfViaJvg
DA:950,0,WiFVX7RoKxEzCTYeILmc4g
DA:951,0,T+v8ktKzLELHSJejWK5tIg
DA:953,0,onbxljdgx75SqCimnf8zIg
DA:956,0,tGwxmzhQk6V2xsVSwGtY1g
DA:957,0,HsM+4Kpoi445l/XfS4SenQ
DA:959,0,G3QNe0gg0EaJ3NdL6hwgng
DA:961,0,+kXwFVHmqEmhnJzNZtXhgQ
DA:962,0,LdXZgC9nidaDD53EtIqHWA
DA:963,0,e8u8JuPxe9Fpj2a6L3qGwA
DA:964,0,roBHoGKi/k8UtbbN6gLQOg
DA:966,0,7AtmZ2qAuFGPil82EY0mxw
DA:969,0,qztQTAYJ5dK+ARtxjXsdhA
DA:970,0,c6CfmKiTbZqEZDCsEUOxPA
DA:974,0,X3gsoB+fc0j01ddf7YK8mw
DA:976,0,POQ3kCOsAu+R9wszJxQesQ
DA:977,0,1NBUQVj/rcwn6fLaqhv+Bw
DA:978,0,zc6N9//PZwsZ6YGJX3hCqg
DA:979,0,CI9XwYqS7IhCxPJoPiVUQA
DA:980,0,LjYUAz2e37SjzNtNPYR32Q
DA:982,0,onbxljdgx75SqCimnf8zIg
DA:985,0,cZfhkhaazDgVGLbqxaixWA
DA:986,0,c6CfmKiTbZqEZDCsEUOxPA
DA:993,0,X3gsoB+fc0j01ddf7YK8mw
DA:995,0,POQ3kCOsAu+R9wszJxQesQ
DA:996,0,qiJ06YPcjMiK61vkzc0iVQ
DA:997,0,zc6N9//PZwsZ6YGJX3hCqg
DA:998,0,BYGPfY+gKg5E0NehcFAOew
DA:999,0,LjYUAz2e37SjzNtNPYR32Q
DA:1001,0,onbxljdgx75SqCimnf8zIg
DA:1004,0,+bJk8a2x+mwnaVmI3wLUxQ
DA:1005,0,m83koelnwGZifDnUqKEbFA
DA:1006,0,tyPPBTN4T495TJ/FMQeaBw
DA:1007,0,c6CfmKiTbZqEZDCsEUOxPA
DA:1014,0,X3gsoB+fc0j01ddf7YK8mw
DA:1016,0,POQ3kCOsAu+R9wszJxQesQ
DA:1017,0,PaE4HZfTCdWftn5Ecce1XA
DA:1018,0,WLisPwzgcrTBlxLfa9/yIA
DA:1019,0,5+scc4bRwd8ZQ76MQjLPYQ
DA:1020,0,+ir6wFCP+5wvwHWl5Dq1bA
DA:1022,0,MRRaCNS+v74Zke806zjg7g
DA:1023,0,LjYUAz2e37SjzNtNPYR32Q
DA:1025,0,onbxljdgx75SqCimnf8zIg
DA:1028,0,UvxUnkoZg0hN0x8qlOxS5Q
DA:1029,0,X3gsoB+fc0j01ddf7YK8mw
DA:1032,0,c6CfmKiTbZqEZDCsEUOxPA
DA:1040,0,POQ3kCOsAu+R9wszJxQesQ
DA:1041,0,vDk2kkhwyApSpj35VMhf3w
DA:1042,0,zc6N9//PZwsZ6YGJX3hCqg
DA:1043,0,Lo3NIIXwkuvPtSWB5pSdlA
DA:1044,0,hjmatYOLBJIYG1LvoEsqug
DA:1045,0,NUsEBhAhWWEcNfHjFZvxPw
DA:1046,0,c4ZXZdLQVbmJr0J5CYsJbw
DA:1048,0,onbxljdgx75SqCimnf8zIg
DA:1051,0,FxWqOKBb6WsQOJ14+hEsog
DA:1052,0,X3gsoB+fc0j01ddf7YK8mw
DA:1055,0,c6CfmKiTbZqEZDCsEUOxPA
DA:1082,0,BV1chfQEDjaoo4UgBQoArg
DA:1083,0,3x9LB8zUatdygbG1SfOnEA
DA:1084,0,zc6N9//PZwsZ6YGJX3hCqg
DA:1085,0,Lo3NIIXwkuvPtSWB5pSdlA
DA:1086,0,gw3XWyOv5snR6bVJgd5CCQ
DA:1088,0,onbxljdgx75SqCimnf8zIg
DA:1091,0,B44UgE15P8Ygh3THHvyxOQ
DA:1092,0,bCUBekS7cJQN4lEyeEVdJw
DA:1093,0,X3gsoB+fc0j01ddf7YK8mw
DA:1095,0,BH5IshZH0S30YZfItIipWQ
DA:1096,0,mo8jJiozsag4B50wJOSEYA
DA:1097,0,gpQY5fgD2wvzgarE0kKyEA
DA:1099,0,67ON9/z04568Aqw8qmWKzw
DA:1104,0,Oc8QOr3NkjG9i4E2sK0Ewg
DA:1105,0,6ak8dgupYuEtxTOn9PQMog
DA:1106,0,H3XIm5WvvIf1Dvj3GSxoWA
DA:1107,0,54lvLFEdZvarjW4VIzbDkg
DA:1109,0,onbxljdgx75SqCimnf8zIg
DA:1112,0,NhPOPKYGfrlJFYz3jWwzfg
DA:1113,0,bCUBekS7cJQN4lEyeEVdJw
DA:1114,0,X3gsoB+fc0j01ddf7YK8mw
DA:1116,0,BH5IshZH0S30YZfItIipWQ
DA:1117,0,mo8jJiozsag4B50wJOSEYA
DA:1118,0,dN//EeaS2IP463pxgyv97A
DA:1119,0,x+UzPcQflUksJ1ecJOP9aw
DA:1120,0,2Y9DKQCK9fGb4o0a0dp9ow
DA:1121,0,cTlXrLiy1To5W3FFOIS0PQ
DA:1122,0,8RQCanJHIBl8eBK1IMDzQA
DA:1123,0,L2PAb5IIjkR8qxm7NPzjJA
DA:1124,0,DGWLDVYyD+ZKnRYexQWlnA
DA:1129,0,vsTSfYWjrWePR5rpJx0o5Q
DA:1130,0,/07yAHbuZ3063FYJodFBxg
DA:1132,0,onbxljdgx75SqCimnf8zIg
DA:1135,0,IaCveN1bcB9eei5VzYVGFA
DA:1136,0,MinVK3JXums/CGAVYmrd1A
DA:1137,0,X3gsoB+fc0j01ddf7YK8mw
DA:1139,0,C2PY+1vmPEKpalC/zg8Faw
DA:1140,0,2mninA42WFq0F1W8sLJH4A
DA:1141,0,7E9NoSq5bim+k0PLWWxnTg
DA:1142,0,S0EEvWVgT7/VoQfYGvIo3w
DA:1143,0,juQldQAGxccRVLxFtuHM8g
DA:1145,0,H3X3rumbomDXB/0bIVRgjQ
DA:1146,0,1fxYWYH0pIBbQcdKssiXYg
DA:1147,0,V16WALuK50tk4qy7vUGPTA
DA:1148,0,qrycBacOvUMNxGCmaMkouA
DA:1149,0,Mo/1TCVJ84sypi48q3RoLg
DA:1150,0,97vMyBH27F+Q3x+irAbWxQ
DA:1151,0,vncY9I/fJbkTI9VViJxhrQ
DA:1152,0,JLDav0+8h03e1Tfs+9fOeA
DA:1153,0,IZ04u73ob/vybV0L6d9umw
DA:1154,0,gdl9l9OVcBMxuJVRvyChog
DA:1155,0,6hqduMXwOXMYOJSze334bQ
DA:1156,0,0K3r7vHpP7upHOkbhZh47g
DA:1157,0,yOgSeZidvvJcF350yF6+7Q
DA:1158,0,y3je+cFf9e4XTBLrVo71aA
DA:1160,0,onbxljdgx75SqCimnf8zIg
DA:1163,0,1sc+uoy1u99mxtbXlbuHdg
DA:1164,0,MinVK3JXums/CGAVYmrd1A
DA:1165,0,X3gsoB+fc0j01ddf7YK8mw
DA:1167,0,sLdVhistQQ5jNXdHMWW8aw
DA:1168,0,7HrlsUlbAji/1sDVGsx+2g
DA:1169,0,CU+TzVYv3eOYPSNNAjiKXA
DA:1170,0,xGQDKbNpiTplBnSzzWe5Bg
DA:1171,0,D1YaKndlBtOElR8zWsCtGw
DA:1172,0,T5OBuZw62p/t99AoPmdryg
DA:1174,0,onbxljdgx75SqCimnf8zIg
DA:1177,0,pzFg3esDMoGelaeCxS7ULQ
DA:1178,0,X3gsoB+fc0j01ddf7YK8mw
DA:1179,0,hEqCxwl9rOiFqST7ksRkrg
DA:1180,0,Wv7e5Gsg8Bsk347Htwc6iw
DA:1181,0,3XFZAreXyk3BA40HYvntiQ
DA:1182,0,sOvtOfk75TbAtTgkgicGHg
DA:1183,0,ZYbmgb6Tzp5odtD3JHMcvA
DA:1184,0,Zj1s3qJvfP6xhqp38G3xww
DA:1185,0,80J/0NFoDBjR1o10XgIVxA
DA:1186,0,a9DaZFjtAddII72LCVRWdQ
DA:1187,0,onbxljdgx75SqCimnf8zIg
DA:1190,0,+f41BV0+b3ZGpJMNf3dvJw
DA:1191,0,waBYJ52XFV8EIdl+9glZJQ
DA:1192,0,7Z4w6lLuumUM1KBVzid5Rw
DA:1193,0,6ZuQM5HQ4qJMxoRTNabqzQ
DA:1195,0,rsAzwmoQAdJI/csdCXoy4w
DA:1196,0,nP9dRep5druhZEz4+Mz7Yg
DA:1197,0,Kifp9+fUlytHiLtgHYXtuw
DA:1202,0,IRs5AaTDuUvT/KAuPkOVag
DA:1205,0,+ybVxq+nuDUiHgCadEYlVw
DA:1206,0,g6dUcr4xamxx2VJaEhLT2g
DA:1207,0,7BMGCQqNX6NiAuATEmlyuw
DA:1209,0,yjWvVEdMAZnCND1VsT1vfQ
DA:1210,0,X3gsoB+fc0j01ddf7YK8mw
DA:1212,0,2HH8izrrxt9TmQyWDGD6ZQ
DA:1213,0,/Y08acS3FGHGOs6x4G4NcQ
DA:1214,0,y2olVHbqS/tfmLBE49tW7A
DA:1215,0,2dXV5CIbAgcgCytVs9r1EA
DA:1216,0,6Drjiour+uevRjpai/wLTg
DA:1217,0,9UQ3YYxktV/WON/aL2ru3Q
DA:1219,0,HU4KptwTwS5pFh2E/Uxk6w
DA:1220,0,lb0h04TZWTVdfzRzrIGXZg
DA:1221,0,fSf4dgfcP/dRoniDK5/KuQ
DA:1222,0,bzEG4u3oJ6q4LlCg10JnuQ
DA:1223,0,PpDlkOltDFSwK04jS1wxiw
DA:1225,0,onbxljdgx75SqCimnf8zIg
DA:1228,0,eFgcpbddqjxEf2hGeG2nYA
DA:1229,0,XhxLlVyHBiamlTDd6FdA+Q
DA:1230,0,7BMGCQqNX6NiAuATEmlyuw
DA:1232,0,yjWvVEdMAZnCND1VsT1vfQ
DA:1233,0,mRlLEIhN2QOqUSZcD1abBA
DA:1234,0,X3gsoB+fc0j01ddf7YK8mw
DA:1236,0,+SlKoLZspSvq609BJ5b1rw
DA:1237,0,GZrLRpjHteQ+WBZaRcgwmg
DA:1238,0,X3pXptstDUerpw9YuMFQJA
DA:1239,0,/RY1dYNt5VBaMI12GsrWgg
DA:1240,0,1YmRvQrTeCdA0c/9R7ST8w
DA:1241,0,uvXErbjqSqXBRdEkUKMseQ
DA:1243,0,MCRh3PStitAkQSQCtWE6Sg
DA:1244,0,BoWoJyKpYkr3AzcCk2TZVg
DA:1246,0,eSg6g40K6f18HJHwUKHvMw
DA:1247,0,J7CCE/KMwJXrHk9vQv//SQ
DA:1248,0,kKwBmqR6QWY+yD8+DU9JDw
DA:1249,0,mn0uG007B5BP7GR2t2gDZw
DA:1250,0,8V7iuRj9Zo+u1hTuLoEcbg
DA:1252,0,61bFe5E5FSZ02mgXCt6tKA
DA:1253,0,BUnFQU9QBE3saXdI+11DOg
DA:1254,0,fSf4dgfcP/dRoniDK5/KuQ
DA:1255,0,FFryWzisDBr7V0NOBRq2UA
DA:1256,0,pn2uUS6QFnoSx7hIhz3+TA
DA:1258,0,onbxljdgx75SqCimnf8zIg
DA:1261,0,qZGj3FhNK4ZSxHQfANj/8Q
DA:1262,0,DugNdYbP5fi2g3uWI6YtUA
DA:1263,0,X3gsoB+fc0j01ddf7YK8mw
DA:1266,0,tThwlYf8Aw9NWMxwRdOKCg
DA:1269,0,VUwFR+FkayvWrtc/JHkPTQ
DA:1270,0,FINYjKVKRHSme156PiiuSQ
DA:1271,0,LUa9Xc2ICXOB8Qu8MGYw1w
DA:1272,0,b/zHI8n9SLIzQjdVrTDsow
DA:1273,0,ImJpLkJJzSRocTCZer6lJw
DA:1275,0,c6CfmKiTbZqEZDCsEUOxPA
DA:1284,0,GiNI6rwExQU7a0D0w3ZFlA
DA:1285,0,p2bYw7F7XCBkg/I58CtfYg
DA:1286,0,iGRly+T6kvGkhZThJqlk9g
DA:1287,0,ndaq5qziHbMH50u7T0HbqA
DA:1288,0,qIiFqRwRmVJ5lGoLgRODYw
DA:1289,0,LjYUAz2e37SjzNtNPYR32Q
DA:1291,0,onbxljdgx75SqCimnf8zIg
DA:1294,0,kSkyOTlXgecvZ5QHVMExmA
DA:1296,0,vAZWAgRVmMipSUjtxrVVQw
DA:1316,0,X3gsoB+fc0j01ddf7YK8mw
DA:1318,0,IbhO0bX0SduBEl5+lpHsEA
DA:1319,0,E84ptqC1KtvW/VHjkavr+g
DA:1320,0,zc6N9//PZwsZ6YGJX3hCqg
DA:1322,0,5+scc4bRwd8ZQ76MQjLPYQ
DA:1323,0,+ir6wFCP+5wvwHWl5Dq1bA
DA:1325,0,+5tpJJ1wjyF7YUu7xDnnwA
DA:1326,0,2sCIZMaMCU8naoRogeaXAQ
DA:1327,0,iEE24ZiSOwg9n9DDZrBY2A
DA:1328,0,QW9lUygPTqJGqYg1/BKzww
DA:1329,0,HRmYgrUgQRrlHMAQ7gWdXQ
DA:1330,0,w+McNw3XZmJcu3tCzaY+pA
DA:1331,0,N56nfMnt4n/BWJrPF5IZ4w
DA:1332,0,HRmYgrUgQRrlHMAQ7gWdXQ
DA:1334,0,2bK61VKpUMr3EKezY3QEDA
DA:1335,0,CxQM1qA7a42oF0+G00G50g
DA:1337,0,iunCJjRzCzoZMtnRmzo20A
DA:1338,0,/AntH7U1/fSLQHr+PbT7BA
DA:1340,0,uRhSzqXthNgrfHirUFQlEg
DA:1341,0,H1rTBqu5h2pv2MIvRVSWKA
DA:1343,0,Yuli1zb/jpTZgWOKYUAjIQ
DA:1344,0,YiwGfjv464Sku8iFj7S4KA
DA:1347,0,wEISOEPIVBYxPpFXWhnPQA
DA:1348,0,PXW9US61uN3HH4OWgYUbqg
DA:1349,0,WiFVX7RoKxEzCTYeILmc4g
DA:1350,0,c4ZXZdLQVbmJr0J5CYsJbw
DA:1352,0,onbxljdgx75SqCimnf8zIg
DA:1355,0,sf8YTu/9lx2yYA776WO45g
DA:1356,0,3zrdmlKMn6YiajekKHAURg
DA:1359,0,SKUjzyYmpSIuY6Uc+5BIyw
DA:1360,0,NL/96cqueqnalwVG2sJ6mw
DA:1361,0,/9yMAQLRFPi0HxHW/IMRWA
DA:1364,0,bo3Qr/r0Eh4X3QUY+JS6ZQ
DA:1365,0,X6E+VqtxW5sJkeUQNa0uxw
DA:1366,0,t1yTd8PlGCkxh6fFcQ5FbA
DA:1368,0,X3gsoB+fc0j01ddf7YK8mw
DA:1369,0,FINYjKVKRHSme156PiiuSQ
DA:1370,0,TbLUuZxsTVFQ2cXSUpUyrw
DA:1373,0,AAzJvI2cNmdvL1wmpj1SPQ
DA:1374,0,X3onG965GpMsyLNT5kQmtA
DA:1375,0,TfGOW06OP2j33+qKIdM2Uw
DA:1376,0,Rr9qwPwcoV2qPqQP/D8g9w
DA:1378,0,sCvXpMbLVG5czixIbIRfFQ
DA:1379,0,eKd7JTDGTWyeAZvluRrKXQ
DA:1380,0,yZcihGZkNKJ4uRq8ZoA7gQ
DA:1381,0,uSOArfXuw70H4WWqkt4tdA
DA:1382,0,J0TXw4OEeEqvxiAVgnottQ
DA:1383,0,tYnANUiFUBRzrlrhqb/Tdw
DA:1384,0,kYHCR2BMrGDWSvCXeebd9Q
DA:1385,0,NiFDJCZGSarNIlM05h5zSw
DA:1387,0,BzQhnPgOcHnlxBDfT8veDg
DA:1388,0,pxCKUHoN4KdqcfBBembFNA
DA:1391,0,p/RCZbXzQ9bc+h3TEykY+A
DA:1394,0,j7sQtdXJ90NYNpqxhVYqew
DA:1395,0,9qPu4adOJ0+SKtXhbntZAg
DA:1396,0,39zdaIBit6CoyKA0/p9ysQ
DA:1397,0,6CD/+blYFB27yFS+Xhjm9A
DA:1398,0,YjBJG1gcca/oRJztHkqQdg
DA:1399,0,7fYrR37QdffC7E0RBQe0UA
DA:1400,0,MxH6/g3Ud2AqrjU7zLKX8g
DA:1402,0,MY0b+ELqMHevLsWYM4pXcw
DA:1403,0,7OZ0GwtcUrTD2R+9SZlUmw
DA:1404,0,d3S1sWy31/a/yLJnR+wssA
DA:1405,0,VJfSK1nqjVKF39PxcITnhQ
DA:1406,0,ykBLDxHuPXUr/M7Tgv5W/A
DA:1407,0,onbxljdgx75SqCimnf8zIg
DA:1410,0,SjrtJ4SiI6/sMN+U3LB4fg
DA:1411,0,m93639U7zZNajfdajT4M4A
DA:1414,0,c6CfmKiTbZqEZDCsEUOxPA
DA:1424,0,X3gsoB+fc0j01ddf7YK8mw
DA:1426,0,+b3Gq5uLN+3bFFgI227Hhg
DA:1427,0,p6ExNQJi3fC/uXIp4vR3yg
DA:1428,0,XVypqZ+zst9VDKMga/vvWg
DA:1429,0,zc6N9//PZwsZ6YGJX3hCqg
DA:1430,0,5+scc4bRwd8ZQ76MQjLPYQ
DA:1431,0,+ir6wFCP+5wvwHWl5Dq1bA
DA:1432,0,V7fzFoTHKPSpC2jl+2kG+A
DA:1433,0,IuRCiTycl10HIJRGiL7c2g
DA:1434,0,WiFVX7RoKxEzCTYeILmc4g
DA:1435,0,BfF7CGDKcgnIyLM7xt4vyA
DA:1436,0,c4ZXZdLQVbmJr0J5CYsJbw
DA:1438,0,onbxljdgx75SqCimnf8zIg
DA:1441,0,hVA+KXnVXVusLuSSVRTVRQ
DA:1442,0,9S7gW/v9XVPkzgCludQ2sw
DA:1444,0,tyPPBTN4T495TJ/FMQeaBw
DA:1447,0,c6CfmKiTbZqEZDCsEUOxPA
DA:1459,0,X3gsoB+fc0j01ddf7YK8mw
DA:1461,0,+b3Gq5uLN+3bFFgI227Hhg
DA:1462,0,oKod+JH0/klhoByAcdYSEA
DA:1463,0,zc6N9//PZwsZ6YGJX3hCqg
DA:1464,0,XVypqZ+zst9VDKMga/vvWg
DA:1465,0,5+scc4bRwd8ZQ76MQjLPYQ
DA:1466,0,+ir6wFCP+5wvwHWl5Dq1bA
DA:1468,0,ISEYca6J0UZI/1cgFbUmcg
DA:1471,0,WiFVX7RoKxEzCTYeILmc4g
DA:1472,0,oQmTpAWkxNg7FR90nSling
DA:1473,0,c4ZXZdLQVbmJr0J5CYsJbw
DA:1475,0,onbxljdgx75SqCimnf8zIg
DA:1478,0,3AyiDCbQigAHI95q6L9tGQ
DA:1479,0,4CBcVlv7f0ySAd96DrQMWw
DA:1482,0,c6CfmKiTbZqEZDCsEUOxPA
DA:1492,0,X3gsoB+fc0j01ddf7YK8mw
DA:1494,0,I6E65nfi3p/Fy2FDtS4uyw
DA:1495,0,cRrrS007gJXJzI29dyD8zw
DA:1496,0,HToxlz9HDCt+RlwGOFCwUg
DA:1497,0,p6/3ahOIP/Gihva5Gh/0mA
DA:1498,0,sfqWm8jazbeNakut/QHpOQ
DA:1499,0,qya/G6wWz9KLINuk8OnaVw
DA:1501,0,ed0eD1ZfhSwQrh9Vr/2J7Q
DA:1502,0,8ugP8S5mJ4QzDQhGW3PKZw
DA:1503,0,3Hd0OjCbT0ZT/bfWQvsnaQ
DA:1504,0,jkRx9LJB2tzFqnEo7zV1Vg
DA:1505,0,OpyZ8YUJ1L87zO7gKzGK7Q
DA:1506,0,LjYUAz2e37SjzNtNPYR32Q
DA:1508,0,onbxljdgx75SqCimnf8zIg
DA:1512,0,PQ3lUqS/jotSsDf/eLvgQw
DA:1513,0,qkJQ8smTjHESxQGNGrTUkQ
DA:1514,0,i11iyDxbUJCicK3vEts4Yw
DA:1515,0,7zwKgjVHoNwBnJR33BK01Q
DA:1516,0,3u2MI9/H+C0gJsBGRnN1cA
DA:1517,0,+Mao7vWgFaTYMCvcBIk0rA
DA:1518,0,ojtDCzhMOrWiQuBGrtjzJw
DA:1519,0,Uo+gYrTgWyQH5XGxI6Y5QA
DA:1522,0,hm8eoPLwZLXDbiDzVGYQew
DA:1523,0,GOM1SuJLq8YmOxW+hVjTPA
DA:1524,0,yoAlS5IBsdIjCDKAebxlMQ
DA:1525,0,qGRrpsdEaklpbetp2+1BsA
DA:1526,0,YEIllWiC6S6mmD9GGTP1fw
DA:1527,0,zbw9DApqmW+fwv6d1QrXOw
DA:1528,0,DF3FMI4sn/731fD0KuePwQ
DA:1531,0,ZxZ1a1KM9anlITEXOH+LMw
DA:1532,0,lTSvhey7epXlO3cu249tAw
DA:1533,0,93E7Cegcsm+pXlHt/x0iUQ
DA:1534,0,XS5eskB15198xavvNp3BPA
DA:1535,0,AV/0OM0x+Dx0YADyC9wrbg
DA:1536,0,zbvrbBTw3IKXSFpWBPzJhw
DA:1537,0,DF3FMI4sn/731fD0KuePwQ
DA:1540,0,0d271CzUFI8idgwg38Z5+w
DA:1541,0,cFEKOLC7uCBceLcCmtrhwg
DA:1542,0,x3SRYWfvxBH5f1ul4gU8uA
DA:1543,0,X3gsoB+fc0j01ddf7YK8mw
DA:1544,0,7DAlifcxDpdcarzvDTBrTA
DA:1545,0,Yd+twFsVnFtRgEpwu92ntA
DA:1546,0,5a5j+UpywWcURB549AQIxA
DA:1547,0,HVjW2/25dnZUnTrugwPgnA
DA:1548,0,+kOX3FfjEZZ5GnDb6GSROA
DA:1549,0,yTOrEBhtcU3twwOVYlBZ5g
DA:1550,0,5a5j+UpywWcURB549AQIxA
DA:1551,0,HVjW2/25dnZUnTrugwPgnA
DA:1552,0,ODm5bRNjblEG3MwUV6AOPw
DA:1553,0,jj47QFh9V7NEaQrksPUhXQ
DA:1554,0,E3C9ApsoDm8/XjUWFNsf6A
DA:1555,0,hRLr6S8NYionp5nBLw0D3w
DA:1557,0,sOvtOfk75TbAtTgkgicGHg
DA:1558,0,sfqWm8jazbeNakut/QHpOQ
DA:1559,0,LjYUAz2e37SjzNtNPYR32Q
DA:1560,0,onbxljdgx75SqCimnf8zIg
DA:1563,0,HLHaBaBd8INAfIuGuoT8yw
DA:1564,0,cW4AhaV6gi205rTZGuJwmQ
DA:1565,0,8fVGiYOGOgNcsdlpZtD/dw
DA:1566,0,HmjzC1iFrv3URtwx5zfZ1g
DA:1567,0,g6uSuhOm32Za0GZa7Sm92A
DA:1568,0,7zwKgjVHoNwBnJR33BK01Q
DA:1569,0,BH5IshZH0S30YZfItIipWQ
DA:1570,0,YaZ7YAiBi0iInSymNjWf0A
DA:1571,0,pZeJWGuXja9/gVBmtr0ryQ
DA:1572,0,tt8MWNQy/BUVG4i0EtzNeg
DA:1573,0,sOvtOfk75TbAtTgkgicGHg
DA:1574,0,P4fN1uBbFms/rYYA3kN1Ew
DA:1575,0,FGFgt7eGLz7QkLSINaetiw
DA:1576,0,7a6iEiO6Zzu8yfez5LxOyQ
DA:1577,0,67ON9/z04568Aqw8qmWKzw
DA:1582,0,sOvtOfk75TbAtTgkgicGHg
DA:1583,0,ah22ekPzZu/XZztYFeqaJw
DA:1584,0,WAuHj9h+W1AEKl0r2JP5SQ
DA:1585,0,6M/j2CaJgXsIkpj82aVogg
DA:1586,0,1VsQ4BNYZxtrlzTW3EvNtA
DA:1587,0,GuXz/qokN7tcAJee5/ArdQ
DA:1588,0,2QmNrsz/1H/2Bd+bNhCniQ
DA:1589,0,Uo+gYrTgWyQH5XGxI6Y5QA
DA:1592,0,H/mvXzFKrHuPEK3Y4dPK+Q
DA:1593,0,WdU0QmbFfByCACzRS/BMow
DA:1594,0,7zwKgjVHoNwBnJR33BK01Q
DA:1595,0,oS9cv7IFUWMlKBPbzZQRFA
DA:1596,0,hEqCxwl9rOiFqST7ksRkrg
DA:1597,0,qOsh2IUDjmn+jYybR3Ai1g
DA:1598,0,sOvtOfk75TbAtTgkgicGHg
DA:1599,0,5W7Zi+M/ayPjAujdguKsjQ
DA:1600,0,3QEkl+NK2FEKPvAhPCnuNA
DA:1601,0,8Ikz+BCAKBJ0ejytAh1V0w
DA:1602,0,Uo+gYrTgWyQH5XGxI6Y5QA
DA:1605,0,ecAkeTWXeJeBsJVQWHVgoA
DA:1606,0,t47GM1s7Qht6TvCX5C96/w
DA:1607,0,QN6JUqucmL79kAvNswSPvg
DA:1610,0,q9xIkMA/pK1+JRIY7pSPdA
DA:1611,0,LNCAXMfmaytJVPX+l7c6nw
DA:1612,0,Cz0CydEeRM8vcJAwd/GnUg
DA:1613,0,7zwKgjVHoNwBnJR33BK01Q
DA:1614,0,qoocHE7LH/2lx56pLJFYaA
DA:1615,0,sdB4cN/9fjxwBcSdIsu1ag
DA:1616,0,hFnzWGYkSQhXboaiATpcHQ
DA:1617,0,pkI0zQbUVqopZWvY/ukGoQ
DA:1618,0,Uo+gYrTgWyQH5XGxI6Y5QA
DA:1621,0,IxlCjVo3cfSXdQSvxK4PLA
DA:1622,0,7Dk7Yxgns5qPY+Ghj7IKwg
DA:1623,0,7zwKgjVHoNwBnJR33BK01Q
DA:1624,0,dVa0hvOh0lPcBzoVVaqY4Q
DA:1625,0,bzF0UMPiuDL0ny0Wh5rrsQ
DA:1626,0,yl//fBoCvlOU0pE9HZgUrw
DA:1627,0,mUqwxQPmapsE+gcbVCrgUg
DA:1628,0,8NhnIJY4fnnx2wELNTR18Q
DA:1629,0,tqipMsHIAabOJ0vi6yVuUw
DA:1630,0,CvE5WfIULRri2GBdu72xIQ
DA:1631,0,nVCx5fziTgmySDFlvOtjaA
DA:1632,0,MCd+jIm4qyf8gdkeBES9Mg
DA:1633,0,bQeW2YIUU95GnuWwcMtTRQ
DA:1634,0,srZLgLN+qAf8xA2cBqAMgw
DA:1635,0,uyi6tZ0wg4XOTLvGAsHEpQ
DA:1636,0,kRmcNz3eA6DaZQjge6Qh1w
DA:1637,0,yaV63/SV80627fZDa/NDqQ
DA:1638,0,Z3xcCwY9PvjTItjUNz9hIQ
DA:1639,0,AAHGdSpVvsbGFQK2F7JkdQ
DA:1640,0,PAtmfvDWl2gHwzRp4afyYQ
DA:1641,0,1T+4d6FCb4jIHIs6NFxBmg
DA:1642,0,CuVweUYZC98NWgx5NNf71g
DA:1643,0,Uo+gYrTgWyQH5XGxI6Y5QA
DA:1646,0,YKAJSwJd9CBhtNqoxyvrlw
DA:1647,0,bCUBekS7cJQN4lEyeEVdJw
DA:1648,0,VYGjkRV2zjG13GrVWvFcDQ
DA:1661,0,VtsiBb7hVD4AtVfL2KPziw
DA:1664,0,4+BZVGd1NlhkABtUzGJM9g
DA:1666,0,EymRUd0ygLFxVLZ8LmrTJA
DA:1668,0,t0ygrABCGSxzSJcqSAzjag
DA:1670,0,dFrX1rSwnHxBigG4VBF+7A
DA:1672,0,WgUqqeYzZcmVTthJ770Yaw
DA:1673,0,KlrgQoAuZaq2T+Sf7CS8tA
DA:1675,0,oHAr+feGv3ojO2x1Gh4YLQ
DA:1676,0,bR0HaE8m3ItmUWQnR5MDqA
DA:1678,0,4HmE4sEULV6wO33CMESo2w
DA:1679,0,agLn8VBY/yniExfylCYOzw
DA:1682,0,ij/DbIfvi05qHYm8KGeXpg
DA:1683,0,OOIk1M8OsFVi1JgYgqc74w
DA:1684,0,S88XqJXKVqNQucJ1gKBJAQ
DA:1687,0,FfoiJAxPjrdzQWwgXCIKJA
DA:1688,0,OOIk1M8OsFVi1JgYgqc74w
DA:1689,0,ZG8sCcEOOhJJicUgMrL1WQ
DA:1690,0,eJ6zrxnLWn/k18a2vHOhRA
DA:1691,0,+pNbfy9o+cr8r1Caa0Dl7A
DA:1694,0,Fszl7RV/Lgam2oaGCttKWg
DA:1695,0,OOIk1M8OsFVi1JgYgqc74w
DA:1696,0,782F5NAMwNHNL5wQ5a/CjQ
DA:1699,0,eJ6zrxnLWn/k18a2vHOhRA
DA:1700,0,+pNbfy9o+cr8r1Caa0Dl7A
DA:1703,0,8WztZdbiPgP/+X5wB0KcrQ
DA:1704,0,OOIk1M8OsFVi1JgYgqc74w
DA:1705,0,dH17z8umqkZOaO0Gj3/vJA
DA:1706,0,eJ6zrxnLWn/k18a2vHOhRA
DA:1707,0,+pNbfy9o+cr8r1Caa0Dl7A
DA:1710,0,GiB+XhW0Bvui83wm2FbaPQ
DA:1711,0,9L8mobXKPkqh0iJUxWjgRQ
DA:1712,0,OOIk1M8OsFVi1JgYgqc74w
DA:1713,0,SDs4u4ZNRoxN5YnS2E6kEw
DA:1714,0,a/B8XMJkjqMQAtNr3cde6w
DA:1715,0,Shz0LPo9OyEK0mjnD/tnKw
DA:1716,0,ohz0wWEqof0tBERDKrQRIA
DA:1717,0,Op1G7xGLhST7hf4Pws316w
DA:1718,0,7OaoyLBfy+QwwoppVqYZCg
DA:1719,0,IiGBxlH56ujuz0C2ZKxvTA
DA:1720,0,BJBlZsSWstphiTlZImt1kA
DA:1723,0,GYDeWZvNGbP8a1Y47/vMXg
DA:1724,0,9L8mobXKPkqh0iJUxWjgRQ
DA:1725,0,ADmdGJECsHQyH7psdzlXHw
DA:1726,0,4aRij/y+6LNbMZwHm8HmUg
DA:1727,0,BJBlZsSWstphiTlZImt1kA
DA:1730,0,IPj3QPj55CyWl+x//oiijQ
DA:1731,0,9L8mobXKPkqh0iJUxWjgRQ
DA:1732,0,ADmdGJECsHQyH7psdzlXHw
DA:1733,0,2OagEvQCVSmzcDFxwyyh3w
DA:1734,0,BJBlZsSWstphiTlZImt1kA
DA:1737,0,5Owbwf5vKSKd6/crAWnTrg
DA:1738,0,X3gsoB+fc0j01ddf7YK8mw
DA:1739,0,OOIk1M8OsFVi1JgYgqc74w
DA:1741,0,xpzX31TP4dT+AXh9Sdc0PA
DA:1742,0,pK0jV33y1bFIxxv/s/FoEw
DA:1743,0,S0EEvWVgT7/VoQfYGvIo3w
DA:1744,0,mjuGmmsDQdhepMSNhbtE8A
DA:1745,0,uMLSlpui0NLjkakoj/164A
DA:1750,0,afZUxhUCCIJo5ASjMZR08g
DA:1751,0,juQldQAGxccRVLxFtuHM8g
DA:1754,0,dPM+Sz1hcKkWwjmbauTfFw
DA:1755,0,QcgZGgTBSlZXJ6bN1UKDqQ
DA:1756,0,dqr8GVKisBtXHlSRFF1+BQ
DA:1757,0,dtsiRfwzhvRkSpOmU6cZEg
DA:1758,0,1BkTGY8ANaxF9lLszhVEHA
DA:1761,0,jzFP2F+MhrJNHs5God7htw
DA:1762,0,6k183A1pKu8vFAy1gQMfvg
DA:1763,0,pjzB3mvXmf6qcYGFr11l0g
DA:1764,0,BOiSLr84fpqM5/CR8A8M/g
DA:1765,0,r5PrGASe2yvdcKVAh7OhJg
DA:1766,0,X0TBVK+6ehysno9c3MyWXA
DA:1767,0,+vwzGrFuNaF+zUfeu9KM6g
DA:1768,0,IwCoA5RXskyg9vQ5L/lceQ
DA:1769,0,cBG3kF1PwYNNmOJPjgavIg
DA:1773,0,onbxljdgx75SqCimnf8zIg
DA:1776,0,pfeJKp/qi8fClfJBhWF7Gw
DA:1777,0,b5XE7+ZzX16KMwl5yWx91w
DA:1779,0,B/Fo9U4/nMeRNS1JjGZVyQ
DA:1780,0,bQ3Vxjw8VAL7K8cz0IfgBg
DA:1781,0,vy6CgW37KXB6tZmtM5IONw
DA:1782,0,OM04lWRWc4Lq1FbLKcHoxA
DA:1783,0,Frtn07iZx1VGLrWyVcrgWA
DA:1784,0,RgkOq9Qo51NHehjyrCNWcw
DA:1785,0,aYt+HYPmesjAQyJkBneVzA
DA:1786,0,/8OSaRsMmJp+uF82kF50RQ
DA:1787,0,B/Fo9U4/nMeRNS1JjGZVyQ
DA:1788,0,fpTu8zRtt8CFJsnSGI4uFg
DA:1789,0,sk6xs5tJ6zBF/BnfgxfnUQ
DA:1790,0,F1skA1oh89o6B6YKRHz0GA
DA:1791,0,1gs0lu1q/RhL5AkWUf3vug
DA:1792,0,4NJUybqLqmhWCuCR6CCDig
DA:1793,0,p2+PjFUmdPnULmttHeC0YQ
DA:1794,0,bLSKjItsuh1E3y2zjDtOyQ
DA:1795,0,nrJCFgDdsUeVfgdS26n0oA
DA:1796,0,vy6CgW37KXB6tZmtM5IONw
DA:1797,0,hNPF7C2sHA+Vi/UnRIFWnA
DA:1798,0,f18zoj0G9lcjVPIB6ixqcg
DA:1801,0,eJId0AK/nzVTtAcvyLwMkg
DA:1803,0,texvSMGXfy847E8hLXGkng
DA:1805,0,ZpxJi9LC+05paisqipnlNg
DA:1806,0,J3m3vqDr3e8dl+Uv9yRhsw
DA:1809,0,ZTVDLcDM1pFZcpTiJwK7PA
DA:1810,0,5XJA+i+xN5ij1mo0wXSkxA
DA:1812,0,X3gsoB+fc0j01ddf7YK8mw
DA:1815,0,y1ByraHOEketjfDUCLSDVQ
DA:1816,0,eK66XTsyBVKgLdRwvdMGww
DA:1817,0,8LMm1T0n1YSY8PIb5jrnvg
DA:1819,0,RwMnyegpf3cpCrPzJVBL+Q
DA:1820,0,ZR7a6TnE8Yt0ZWG0uvEmeg
DA:1821,0,SyK3vjBVcd+Q0LEYgxFXgQ
DA:1823,0,nTvzATsGvQsi9eZ2cE9wcA
DA:1824,0,Kj/789thMPMDhKsMZ9yqQg
DA:1825,0,jbTXZz3dlH5IhowqHbX/hg
DA:1826,0,R/cszH2Y3PXeV9QwvQaJig
DA:1827,0,TeXvl9H7Sjmytct4Fhzn+A
DA:1828,0,InoLJpeIsN3DoCFVqfXAjg
DA:1829,0,qIi93l+GVLg+/tpfsd2yWg
DA:1830,0,2YmtMHiewD67QXHIbIBOXg
DA:1831,0,koguv3aqniObb3Ab1hVLjA
DA:1832,0,B6KcNrIVQBGYflmVYiqRcw
DA:1833,0,sf/vFdc1dNoWWlFFA5PAQQ
DA:1835,0,56gfTyIQ8rA9N1rorOqo6g
DA:1837,0,onbxljdgx75SqCimnf8zIg
DA:1840,0,Hyv6gFLNOWaFXCgR4NoP6A
DA:1841,0,CYqhT1YTGCEi3zXZjNZtqw
DA:1844,0,ADwc0MNANG/U+dtnru17mw
DA:1845,0,cRah0tYoxwGfWoPpPqDU/w
DA:1846,0,EcHyQcadrcx/CE3Vn8pivA
DA:1847,0,LEvIV872V4y6p9Btc0kRyA
DA:1848,0,+xuqkMPdz8Nii0XcpAolVg
DA:1849,0,IMsbrIGPOvxbhatMnf9U/A
DA:1852,0,tOdWs0ANWOTgudIMIa8+oQ
DA:1853,0,tekC7KwTD8N+JddUuabyZg
DA:1856,0,c6CfmKiTbZqEZDCsEUOxPA
DA:1871,0,X3gsoB+fc0j01ddf7YK8mw
DA:1872,0,1+pRB0J7anIxH6tnz6vLvw
DA:1873,0,MIyKIJycjtKQAfV0JHQg7g
DA:1874,0,1VJpUaG9ENVA1ttFB31blw
DA:1875,0,BV1chfQEDjaoo4UgBQoArg
DA:1876,0,0mmFJbEoHTSa4m4flc35/w
DA:1877,0,JPzcnEg0dYPJv3ALizXZ6A
DA:1878,0,XVypqZ+zst9VDKMga/vvWg
DA:1879,0,RcqBvt0+x3I3TeiklLAfHw
DA:1880,0,p2RxPXGHzhmyzX2vklQDsA
DA:1881,0,EzO0g9SuA55xC1IBc63LaQ
DA:1882,0,yZmLfhnir1zbJ37mnZ6E2g
DA:1883,0,dotvMWbSgxQODCkPNqIObQ
DA:1884,0,Mwgl6O60vLiUWU1yCIyffg
DA:1885,0,MN9sgwgSBE3rdlSv4jrX0Q
DA:1886,0,3d5Alsu1qdjv5Kt/H22/Kg
DA:1887,0,oDeVVsEZypDLrx26mIXLVw
DA:1888,0,vQC+a3XVTtO7PahQhdlJJw
DA:1889,0,WQ5NEA34tmZj2z8B85QIqg
DA:1890,0,yjYjTV2YFmJDFCjAMpfn7Q
DA:1891,0,BiO8gocRxOzRJjrm/0UvFg
DA:1892,0,b704NgsO2bJeGBF+zk0wWw
DA:1893,0,/QMeIADtyCL6MWvvJEFzGA
DA:1894,0,n5Q/I8nCtsWY9jD30kz4aQ
DA:1895,0,Qy6f+RUr4s8ADrbGvz1rYg
DA:1896,0,SYEKNP7/SV6h9kK02VYO5A
DA:1897,0,xl1CM03qPUKUeCwR0LSWFg
DA:1898,0,Xjh2qjPJmSbyxP3ybRA2qw
DA:1899,0,uo9ArspGpsyPv6pddAzkVQ
DA:1900,0,euglXOQ6SP5cT0Y+Xdb95A
DA:1901,0,0mqcKYMhowgeMvlZ/bvojg
DA:1902,0,hqzqmv5khDpH7VgxaaevUA
DA:1904,0,WiFVX7RoKxEzCTYeILmc4g
DA:1905,0,ZqG5kyel0nZY2ppwENR5VA
DA:1906,0,fF+JNWK9pb88FAKbQ6qGyw
DA:1908,0,x6RKY+ORKx0H4aknTZX/GQ
DA:1909,0,+A6O0rX/lGqOK3hdeWA5OQ
DA:1910,0,9eYpiwxlHZcbJoz9l9QvRA
DA:1911,0,eqbXBPv2ES+sqKXPKY+Ruw
DA:1912,0,c4ZXZdLQVbmJr0J5CYsJbw
DA:1915,0,qn358+U7ZocpH4VB5zwjmg
DA:1916,0,bn0Us87aU36rLoH7z2WhlQ
DA:1917,0,vdRGFA2SiqwqQnNslltGXA
DA:1918,0,muyUjfBfQeGnRt4AD6CDBg
DA:1919,0,qZY37wOyhYBRpYCQfWMQ8A
DA:1921,0,EdqF1eMct6ZNScNdxE8mxw
DA:1922,0,HRmYgrUgQRrlHMAQ7gWdXQ
DA:1923,0,mHMQfecKZA336pMLZQs4Zg
DA:1924,0,2ql2s6wYPuCXR9kt7s048Q
DA:1925,0,6soW40Whw8Xw0LQCffmOwQ
DA:1926,0,/K40KqFYr+G180u6ZmHAeA
DA:1927,0,l7SKmGqwTfTv9dmVdkdkgA
DA:1928,0,c2mKVIzL7tJqE31pJerEwg
DA:1930,0,ZzQWI5FWe5EjJloy3csiKQ
DA:1931,0,F8L4NY+X4AP+EuudUOwdkg
DA:1932,0,zRT/0+rOIiWImFKWPyKAsg
DA:1933,0,onbxljdgx75SqCimnf8zIg
DA:1936,0,J0aLuOUBVGRWT1NfgYcssA
DA:1937,0,nRnyWoQTQluhwpKEAU/PNw
DA:1938,0,tyPPBTN4T495TJ/FMQeaBw
DA:1940,0,c6CfmKiTbZqEZDCsEUOxPA
DA:1957,0,X3gsoB+fc0j01ddf7YK8mw
DA:1958,0,POQ3kCOsAu+R9wszJxQesQ
DA:1959,0,kmEE1OM+bZtsiWUvVc+Hug
DA:1960,0,zc6N9//PZwsZ6YGJX3hCqg
DA:1961,0,VAp29TjrfCex1yoxtjGlxA
DA:1962,0,AOjyqf6rKvNGM8q2G9hH1w
DA:1963,0,BzMeQDWAvG5eiJhQQYBImw
DA:1964,0,2I2fKZRI3rnWkG3dlvpI/g
DA:1965,0,6XVVBMBw9VK/zdxzhfeLHA
DA:1966,0,1qUZupkef7vL9plmDqRejw
DA:1967,0,fLmtQ6OyGG7JCR2z2J4mYg
DA:1968,0,IUhQXlIhl0Ce/CZC6FccpA
DA:1969,0,XlKpgKx9xiQn7pnSBHqWuA
DA:1970,0,7U4+f4vydP+N9XroOz97SQ
DA:1972,0,wEISOEPIVBYxPpFXWhnPQA
DA:1974,0,rcPXyoTpagpGdcwuANDdnw
DA:1975,0,WiFVX7RoKxEzCTYeILmc4g
DA:1976,0,c4ZXZdLQVbmJr0J5CYsJbw
DA:1978,0,onbxljdgx75SqCimnf8zIg
DA:1981,0,WB7FWiAJ1+kSAEjSKFG97A
DA:1982,0,ePTVqRz7nQVsXy+IIqyQwg
DA:1983,0,y/hF0r2TtQPgh5LvhV84bQ
DA:1984,0,c6CfmKiTbZqEZDCsEUOxPA
DA:1996,0,X3gsoB+fc0j01ddf7YK8mw
DA:1998,0,+b3Gq5uLN+3bFFgI227Hhg
DA:1999,0,2CxbL+Vm8dV/dDvsLavpww
DA:2000,0,zc6N9//PZwsZ6YGJX3hCqg
DA:2001,0,dlSN0UdXXp6aD1q/DGVMRw
DA:2002,0,ul6BCd/YANkNEo+/OtNZSg
DA:2004,0,ISEYca6J0UZI/1cgFbUmcg
DA:2006,0,WiFVX7RoKxEzCTYeILmc4g
DA:2007,0,c4ZXZdLQVbmJr0J5CYsJbw
DA:2009,0,onbxljdgx75SqCimnf8zIg
DA:2013,0,kz74U4s/0Zd4XUwLYBgJ6A
DA:2014,0,8aj16HnYad2RrP9fclL/7g
DA:2016,0,c6CfmKiTbZqEZDCsEUOxPA
DA:2029,0,X3gsoB+fc0j01ddf7YK8mw
DA:2031,0,POQ3kCOsAu+R9wszJxQesQ
DA:2032,0,WJbqLTrJoBQb4CLihYb+lQ
DA:2033,0,zc6N9//PZwsZ6YGJX3hCqg
DA:2034,0,amrp4MF9LH/IBI8VlaHcRg
DA:2035,0,WiFVX7RoKxEzCTYeILmc4g
DA:2036,0,XSq9SAj0OPkgSJoBPhFKvw
DA:2037,0,c4ZXZdLQVbmJr0J5CYsJbw
DA:2039,0,onbxljdgx75SqCimnf8zIg
DA:2042,0,glZRFy8k/JZJMsDeWyR64g
DA:2043,0,X3gsoB+fc0j01ddf7YK8mw
DA:2046,0,DTnNUqmo5ZnzmtfeaDjmpQ
DA:2047,0,s5txMAtlxeqd8Ez81Z2rMA
DA:2049,0,BCa5FUWjILM5lUBj/lD7ow
DA:2050,0,V5XAMQd3R13094ghzev92Q
DA:2051,0,TBuzZ3YYBSkOdPx2RxIh7g
DA:2053,0,onbxljdgx75SqCimnf8zIg
DA:2056,0,kBiO4qLVl2bhRfJpVfZa7g
DA:2057,0,X3gsoB+fc0j01ddf7YK8mw
DA:2059,0,99v8jLlgU3mmMHvUG5+Y6Q
DA:2060,0,lmevHLlr5fsK3+8aU/+MVw
DA:2062,0,wR3JgNMXYFC81tDdbL3h+w
DA:2063,0,HzFcrWTfhhbHza+52Nf0EA
DA:2064,0,7b8270xND6xLUVgm1hwWZA
DA:2066,0,EeCjyrFjPusY6PbZ7TS94Q
DA:2069,0,vxAgI3tHnnEDmEtdXpaDAw
DA:2071,0,MpaUwPx3oz+OQ9kTk2S/fQ
DA:2072,0,m2+SMXtNP3l7Hv9UXZiqyg
DA:2073,0,DnLIYofW2snuOw+Quu7XCg
DA:2074,0,f4ycd2d9dyCu+WrzTmWTXg
DA:2076,0,k6pdifNOTrMOmd3dlAdf/g
DA:2077,0,uW4Mt2ickD0EnZcXtd5ntQ
DA:2079,0,jQaRGpM40gJOk8MXYEfvCA
DA:2080,0,z+dQ8D0yo1UYdkzCfiwlNw
DA:2081,0,KDknoKUDQDLzKaPIHkLvrA
DA:2083,0,raBlb/appveQvwV4Pm+xfg
DA:2084,0,xiAlTS44P9gLmlOw6Xe0Lw
DA:2088,0,fVbGF6QF8CvXbxoXZdEZig
DA:2089,0,Iy4zEGWR/OIhaPq+G3KsVg
DA:2090,0,+RDq72DTlmE6+Pp2OT/txQ
DA:2091,0,Yr9452tVXvBVyKf5vZ5f0A
DA:2093,0,7pddYC++Jcz0ocyGfaVkuQ
DA:2094,0,wzqQN/CW36Ey46ASi/xeyg
DA:2096,0,BCa5FUWjILM5lUBj/lD7ow
DA:2097,0,v9mLRTK7fF7ZpIZiLEMxCA
DA:2098,0,rLawXSzu0E12Cn9B3zX/8g
DA:2099,0,hb6FiVo237zU6Uw8oVrsYA
DA:2101,0,onbxljdgx75SqCimnf8zIg
DA:2104,0,nHYh78LVDgCKMjQcYJF/og
DA:2105,0,X3gsoB+fc0j01ddf7YK8mw
DA:2107,0,P/kuKC1hZpKuqOP7fcQ/pA
DA:2108,0,hoOB50wzwwKn/i5HbQKcUQ
DA:2109,0,4GX71H/W4EUV5CzBsSsZYw
DA:2111,0,OSxE09WuTCCCYM0k7HMoUA
DA:2112,0,9ILi0/Kg5pXxpbZMOO5dPQ
DA:2113,0,6ZmDHZzHeRAvrB29ACensA
DA:2114,0,Id37qRhrdrYXs9ZUwted6A
DA:2115,0,NyxYwWi7aK6tqitazajvzg
DA:2116,0,dFQE9dN40kdlJyKgJxUDag
DA:2119,0,PtjxsHRJE8F69s7ZlUnqFA
DA:2120,0,0O156B7DVmIvg4AzjZBa9Q
DA:2121,0,UFhxWG0kwCgwxwlIsBsCvQ
DA:2128,0,8YRGJuenJJNtzHLZVwdTqQ
DA:2129,0,zd40CD88f0GUpI8eFOGlUA
DA:2130,0,mfq56EQeH+mnysx3pNPXCQ
DA:2134,0,onbxljdgx75SqCimnf8zIg
DA:2137,0,77J6a4XvWqRWNo3mT0NyLQ
DA:2138,0,X3gsoB+fc0j01ddf7YK8mw
DA:2140,0,qI17P+fIZZUhnW6f+evNVQ
DA:2141,0,wdiu5MhZNT7Kz46ul08rPA
DA:2142,0,mfq56EQeH+mnysx3pNPXCQ
DA:2147,0,zT+qmAyQb2RC6937656bTg
DA:2148,0,jGx0NfRg7mlnipnMS2dErQ
DA:2149,0,mfq56EQeH+mnysx3pNPXCQ
DA:2156,0,onbxljdgx75SqCimnf8zIg
DA:2159,0,WxI9hPeMdxlj0hXDzQUFkQ
DA:2161,0,Ueild9Y05kZiel9twIu73A
DA:2162,0,cVMQibvDKm3Iyd2vBuoKrA
DA:2165,0,diQBBelEKsV76yx3uojFzQ
DA:2171,0,w1Qvb/QEC8cGz2f/n782aA
DA:2176,0,HDvDrvefiwoY/uihLRrb9A
DA:2179,0,m56at6j4XtpkagwVk/an1A
DA:2181,0,GpfB6QTiuH9AF9LYYMFKiA
DA:2182,0,jg8ke24JX8q6Cc2H5A45kw
DA:2184,0,X3gsoB+fc0j01ddf7YK8mw
DA:2187,0,jYXkjxkgWTjxSxHCx/EQ4w
DA:2188,0,qxbvDT/ZyDOrqnjv0Yvfnw
DA:2189,0,YTjHTxvgBPdFx2+LookeSw
DA:2190,0,XPESq+dSlC8BE/8xyVW2FA
DA:2193,0,7gUP2eWgTi9kWt9p6uX8GA
DA:2194,0,UFhxWG0kwCgwxwlIsBsCvQ
DA:2202,0,YDYUzkFIWtQYndl8KmVUhw
DA:2205,0,3Jes76oflh6RTjheFguIAg
DA:2206,0,qxbvDT/ZyDOrqnjv0Yvfnw
DA:2207,0,Fdzt4NRkw7+RRzkw2tbLnQ
DA:2208,0,Ayju+jVevxPNlj5DJwj1aQ
DA:2211,0,KN7ikc1XXEVez5k6a0V8OA
DA:2212,0,2x8XoM+MX9vDUhnOX8MCXg
DA:2215,0,L1HshCAGk1+qK5PxkdVkXA
DA:2216,0,mc8Tz2LaoAyH3ZLsl0yanQ
DA:2217,0,y/hF0r2TtQPgh5LvhV84bQ
DA:2218,0,f0wv9wO8RI/IiLyJzBxeIw
DA:2233,0,X3gsoB+fc0j01ddf7YK8mw
DA:2234,0,jcOjALp+X69FZewjljveAQ
DA:2235,0,9Q6xRcVSyQWESZ7QGlbIwQ
DA:2236,0,JPzcnEg0dYPJv3ALizXZ6A
DA:2237,0,XVypqZ+zst9VDKMga/vvWg
DA:2238,0,fYCB4y/m0IubnT7x3pdZgw
DA:2239,0,vdZChB3s+kDO5IWg7tR27A
DA:2240,0,3yd40QUzgnqEqJrcTFrVvA
DA:2241,0,oD2DptUPO5pcbvC+cWXyLQ
DA:2242,0,AP81h+8Lr2iqo9WNDm4Z0Q
DA:2243,0,d8gziTv+3Q+zTmyhCW6fUw
DA:2244,0,ryGdB6oEIZXkFS0xpaaVTQ
DA:2245,0,SVXWnFw2ekDNZu/s6NEHPA
DA:2246,0,mkd3F6OQNJ1bcPbx8w4UwQ
DA:2247,0,mzs8Dl48QOFwDia0KLolUg
DA:2248,0,3Hd0OjCbT0ZT/bfWQvsnaQ
DA:2249,0,/6VADKRczDl/xtprDlzvrQ
DA:2250,0,i7NDGBsHDuWiFmSAPqkgqw
DA:2251,0,sCdOI9P2d0T0zzI2Lhg44A
DA:2252,0,r4nQrHfK51mkopJdnYGtSQ
DA:2253,0,MQ2tIGCOXazjaztB0wPhUw
DA:2254,0,bILj4pY/pxwJC6+WfN+YlQ
DA:2255,0,JxZvNZzkMpST2fLMvOkEyQ
DA:2256,0,eqbXBPv2ES+sqKXPKY+Ruw
DA:2257,0,5j4I2vFwWPn7KbR5nN1iwg
DA:2258,0,QqLQZ+EBGAEeCKMFmhf4VA
DA:2259,0,Y8XKp9yLbKL6YMdE5coVuA
DA:2260,0,wYt6Qgyd4Q5xvLDU3E2nyQ
DA:2261,0,vHypG3rzEg3+dMnMAnb4kg
DA:2262,0,ofJgYJ4EOwlEBSXmlwG9pQ
DA:2263,0,lSxKWJXaUSyb9E43htlSBA
DA:2264,0,WiFVX7RoKxEzCTYeILmc4g
DA:2266,0,c4ZXZdLQVbmJr0J5CYsJbw
DA:2267,0,onbxljdgx75SqCimnf8zIg
DA:2270,0,/VSxtg0GQBDGJRxOxR3tSQ
DA:2271,0,X3gsoB+fc0j01ddf7YK8mw
DA:2273,0,+pNsMbWUSSHVD2jBfpWIYA
DA:2274,0,9ILi0/Kg5pXxpbZMOO5dPQ
DA:2275,0,981DtmaUd5rgoBBavq6USw
DA:2277,0,6ZmDHZzHeRAvrB29ACensA
DA:2278,0,OsFHSjzt0blmQGS73F+L3A
DA:2279,0,T0+Bi/Bsj77EvXksrJJJvg
DA:2281,0,Vw0OsX9gSvsPlZ76jCaYbA
DA:2282,0,cU815lVsK51d9QHDnh9CWg
DA:2284,0,l/urL9RfEnBhfZSsUBj6Tw
DA:2285,0,i2qIzbnzYLsOupfDo3lBSQ
DA:2287,0,ppf2VclepdU79H9mITduQQ
DA:2288,0,2ouSoCMePidBVSSQ1fNsEA
DA:2290,0,9e+3UJp5WaPn4pYrGZrZfQ
DA:2291,0,tUKJUZNTKug3+ICUWBAPzg
DA:2293,0,BCa5FUWjILM5lUBj/lD7ow
DA:2294,0,pGN0Tqnpjd+iTQo8g5loIA
DA:2296,0,onbxljdgx75SqCimnf8zIg
DA:2299,0,FHllKq1/fziKZK5UNsf1hg
DA:2300,0,Ji7HSakK9VIOATGQkiCytg
DA:2302,0,c6CfmKiTbZqEZDCsEUOxPA
DA:2310,0,X3gsoB+fc0j01ddf7YK8mw
DA:2312,0,+b3Gq5uLN+3bFFgI227Hhg
DA:2313,0,nCT5XvFcQiP7tz5rFf7oVg
DA:2314,0,zc6N9//PZwsZ6YGJX3hCqg
DA:2315,0,I0mKrqLGHqq//RIiU3tCKA
DA:2316,0,WiFVX7RoKxEzCTYeILmc4g
DA:2317,0,c4ZXZdLQVbmJr0J5CYsJbw
DA:2319,0,onbxljdgx75SqCimnf8zIg
DA:2322,0,4iqQfDFvxExSr3W+0ooqIw
DA:2323,0,UEH3dfgN0EK9LJBzN0JDNg
DA:2324,0,yk1hDfcvI1mlARjt5phWeg
DA:2325,0,QfD56gHgFRueoxSIb3V3Qg
DA:2328,0,Nwz2gw6nwH0hYWrz5GM/4Q
DA:2329,0,xuhY8EVj++JSNHaFs0PKWA
DA:2330,0,XXKJHB5sSr2gNLfSUotz0Q
DA:2331,0,2BIa5CEyrag3UQVgqW5mKA
DA:2332,0,O8nU2iJsQJL6mP70Jr0k5Q
DA:2333,0,o/D4fUrl5CNDnr0BbeBocQ
DA:2336,0,DKpzHiaH9eq3OweDIFnxYQ
DA:2337,0,cL348X/TEu43JYzrJnPWYA
DA:2339,0,BH5IshZH0S30YZfItIipWQ
DA:2341,0,q0UL2tKNKUghHQ2JVZMoYg
DA:2342,0,I2EFB0sMeZMjuwCYvO71iw
DA:2344,0,DTnYI0PEShjAdcKvRONEsA
DA:2346,0,gZEPWgcsaDy0dViAWtfWNQ
DA:2347,0,jNScTO85VnfNbhqDa+iNsw
DA:2349,0,bbTDKQ7k1f5YrLvsufPTWQ
DA:2350,0,54y34RVHTIffZ5LpuslUAg
DA:2351,0,dMGCDkiTW/R1zvrj9cuh+A
DA:2353,0,hjGgkh7S2UTAzmNcejYahw
DA:2354,0,eqbXBPv2ES+sqKXPKY+Ruw
DA:2355,0,qdpx6J7LQ5qxVNz8gL6SMA
DA:2357,0,oJJUDlAIAiBMBEyy6iZGWQ
DA:2358,0,1SuWtcFeeLrte2/aCFw8JA
DA:2359,0,b+h8yudQVCsPmY440h94mA
DA:2360,0,LJDsro88xU3UEpWxYfBadA
DA:2361,0,ZMX0r4wjxKJ/2BhKmay+vA
DA:2363,0,JfN+I4lQGHqRtOzVP8vchw
DA:2370,0,4NKMvCYUz2Nnr+MWkUQtUw
DA:2375,0,/tg1KeQt9E8bzbVHqMS/FQ
DA:2376,0,tT3HOF2I6J+j+eDVoqifmw
DA:2378,0,207Px/SlAqP2m3ALadzD2Q
DA:2382,0,dozxgfhydYaITRJpcE3TQA
DA:2383,0,8nkvjVnKz+TsgNwnb0tt8A
DA:2385,0,YmkknFts0fDFERAW1Qnk1Q
DA:2387,0,wpU3Rk4vbaZsLCe+7N3csQ
DA:2389,0,oEtcIT4e/TbQPfKAOZEDTw
DA:2392,0,lGDsrupx6f+kgLHZLtZqXg
DA:2395,0,JEC3pggbwsBcLNoUykvsew
DA:2397,0,qfJ/HgYxNy2VsQK0atNIAg
DA:2398,0,gjvskrPvRwhQoEoWaPYgQQ
DA:2400,0,BH5IshZH0S30YZfItIipWQ
DA:2401,0,4WgUkubDL/HT6vh4rE7w0g
DA:2403,0,lMVKdhRgi8f70+v5pFhlbQ
DA:2405,0,lcqO+4KYXuu+BTkTQm9Xfg
DA:2408,0,FkxhSaAWuyHzWvko3aNFnw
DA:2412,0,pK451SyzGI7JMsvIHVcJ1A
DA:2415,0,AtdRI9G7KhJ+MDZsRqWDbw
DA:2418,0,wCJCTaXANpFII+9nZYy7fA
DA:2419,0,AWtV/t5X7syQpQ3zvvyVKQ
DA:2420,0,XXKJHB5sSr2gNLfSUotz0Q
DA:2421,0,3LC6EUGOVRb00gbuKDnpAQ
DA:2422,0,sRcNLZPxrn83yVQbSx/3vg
DA:2423,0,lMVKdhRgi8f70+v5pFhlbQ
DA:2424,0,359Z1wwwumFmMHOGKiqWBg
DA:2425,0,w+ihAKW9bug5KPc827NOVg
DA:2426,0,btrcFotDzcfzvB9qWgY8Zw
DA:2427,0,PMphECxinmLkIwdP3xFBlw
LF:1415
LH:0
end_of_record
TN:
SF:tree_plus_src/version.py
DA:2,0,EZsn9zaOL7IbCixW+uwkGg
LF:1
LH:0
end_of_record
